Detecting sigma=4 => l=3, k=1
TIMER	49.9157	52.1465	57.2516	1	initial-bucketing
TIMER	41.881	44.2619	46.2068	2	shift-buckets
TIMER	129.886	133.19	135.539	3	isa2sa_tupleize
TIMER	2347.72	2405.66	2467	3	isa2sa_samplesort
TIMER	144.594	150.702	164.745	3	isa2sa_untupleize
TIMER	2769.58	2769.94	2770.04	2	ISA-to-SA
iteration 1: unfinished buckets = 16
TIMER	63.8829	64.4458	65.3601	2	rebucket
TIMER	161.216	273.208	311.626	3	sa2isa_bucketing
TIMER	934.516	942.036	953.967	3	sa2isa_all2all
TIMER	186.326	198.88	205.933	3	sa2isa_rearrange
TIMER	1550.43	1550.77	1551.04	2	SA-to-ISA
Starting Bucket chasing algorithm
TIMER	88.2285	94.2379	96.7936	2	get active elements
==== chaising iteration 2 unresolved = 2864785219
==== chaising iteration 2 unfinished = 16
TIMER	9624.08	9641.47	9665.08	2	bucket-chaising iteration
==== chaising iteration 4 unresolved = 2864785217
==== chaising iteration 4 unfinished = 256
TIMER	7830.83	7847.97	7871.05	2	bucket-chaising iteration
==== chaising iteration 8 unresolved = 2864785213
==== chaising iteration 8 unfinished = 65536
TIMER	5542.97	5560.6	5584.06	2	bucket-chaising iteration
==== chaising iteration 16 unresolved = 2231009467
==== chaising iteration 16 unfinished = 497590582
TIMER	4365.52	4383.5	4407.23	2	bucket-chaising iteration
==== chaising iteration 32 unresolved = 375212160
==== chaising iteration 32 unfinished = 63243384
TIMER	1443.84	1453.18	1510.71	2	bucket-chaising iteration
==== chaising iteration 64 unresolved = 123963655
==== chaising iteration 64 unfinished = 33034958
TIMER	562.256	565.63	617.193	2	bucket-chaising iteration
==== chaising iteration 128 unresolved = 51666977
==== chaising iteration 128 unfinished = 17942148
TIMER	552.353	554.349	593.016	2	bucket-chaising iteration
==== chaising iteration 256 unresolved = 26532356
==== chaising iteration 256 unfinished = 10976438
TIMER	378.589	380.016	404.243	2	bucket-chaising iteration
==== chaising iteration 512 unresolved = 15398534
==== chaising iteration 512 unfinished = 6905719
TIMER	252.543	382.202	407.031	2	bucket-chaising iteration
==== chaising iteration 1024 unresolved = 8867476
==== chaising iteration 1024 unfinished = 4160784
TIMER	216.188	263.68	313.691	2	bucket-chaising iteration
==== chaising iteration 2048 unresolved = 4893467
==== chaising iteration 2048 unfinished = 2356338
TIMER	91.7568	105.487	128.619	2	bucket-chaising iteration
==== chaising iteration 4096 unresolved = 2528555
==== chaising iteration 4096 unfinished = 1233904
TIMER	33.184	40.1175	46.989	2	bucket-chaising iteration
==== chaising iteration 8192 unresolved = 1205449
==== chaising iteration 8192 unfinished = 587007
TIMER	23.0002	27.4598	39.9291	2	bucket-chaising iteration
==== chaising iteration 16384 unresolved = 556533
==== chaising iteration 16384 unfinished = 267766
TIMER	10.292	10.7391	12.3774	2	bucket-chaising iteration
==== chaising iteration 32768 unresolved = 207623
==== chaising iteration 32768 unfinished = 101503
TIMER	6.56391	6.81209	7.8365	2	bucket-chaising iteration
==== chaising iteration 65536 unresolved = 4192
==== chaising iteration 65536 unfinished = 2096
TIMER	1.85836	1.90498	2.37124	2	bucket-chaising iteration
==== chaising iteration 131072 unresolved = 0
==== chaising iteration 131072 unfinished = 0
TIMER	36178.6	36178.8	36179.2	1	construct-msgs
TIMER	18.2601	18.7367	19.5442	1	fix-isa
Detecting sigma=4 => l=3, k=1
TIMER	39.6354	50.9157	56.0018	1	initial-bucketing
TIMER	41.8155	44.1589	45.7767	2	shift-buckets
TIMER	130.134	133.251	135.819	3	isa2sa_tupleize
TIMER	2346.14	2405.93	2497.04	3	isa2sa_samplesort
TIMER	119.892	147.278	157.033	3	isa2sa_untupleize
TIMER	2792.18	2792.54	2792.64	2	ISA-to-SA
iteration 1: unfinished buckets = 16
TIMER	64.5177	64.9439	65.6001	2	rebucket
TIMER	161.285	275.117	310.043	3	sa2isa_bucketing
TIMER	939.732	946.027	956.973	3	sa2isa_all2all
TIMER	185.144	198.922	204.94	3	sa2isa_rearrange
TIMER	1474.19	1474.6	1475	2	SA-to-ISA
TIMER	0.00036	0.000620186	0.009778	2	sac-iteration
TIMER	41.8733	44.2061	45.5748	2	shift-buckets
TIMER	129.638	133.114	135.647	3	isa2sa_tupleize
TIMER	2465.88	2499.15	2571.26	3	isa2sa_samplesort
TIMER	120.054	147.46	157.435	3	isa2sa_untupleize
TIMER	2866.59	2866.97	2867.07	2	ISA-to-SA
iteration 2: unfinished buckets = 256
TIMER	64.3416	64.9346	66.1842	2	rebucket
TIMER	161.424	256.039	313.215	3	sa2isa_bucketing
TIMER	940.3	946.645	959.251	3	sa2isa_all2all
TIMER	200.576	206.32	211.366	3	sa2isa_rearrange
TIMER	1488.28	1488.66	1489.07	2	SA-to-ISA
TIMER	0.000382	0.000640564	0.002283	2	sac-iteration
TIMER	42.3921	44.3189	45.5177	2	shift-buckets
TIMER	129.957	133.099	135.601	3	isa2sa_tupleize
TIMER	2592.38	2606.31	2635.03	3	isa2sa_samplesort
TIMER	119.903	147.662	157.482	3	isa2sa_untupleize
TIMER	2932.49	2932.88	2932.97	2	ISA-to-SA
iteration 4: unfinished buckets = 65536
TIMER	60.722	61.3151	62.3198	2	rebucket
TIMER	269.697	281.024	305.873	3	sa2isa_bucketing
TIMER	938.583	946.353	957.621	3	sa2isa_all2all
TIMER	200.595	205.882	210.562	3	sa2isa_rearrange
TIMER	1478.73	1478.89	1479.28	2	SA-to-ISA
TIMER	0.000398	0.000624045	0.002298	2	sac-iteration
TIMER	42.3772	44.2527	46.2934	2	shift-buckets
TIMER	129.519	133.163	135.42	3	isa2sa_tupleize
TIMER	3017.05	3032.12	3063.9	3	isa2sa_samplesort
TIMER	120.523	147.855	155.992	3	isa2sa_untupleize
TIMER	3359.74	3360.12	3360.23	2	ISA-to-SA
iteration 8: unfinished buckets = 497590582
TIMER	70.0523	80.728	84.0645	2	rebucket
TIMER	301.166	315.422	359.219	3	sa2isa_bucketing
TIMER	937.118	945.037	956.232	3	sa2isa_all2all
TIMER	200.637	205.792	208.634	3	sa2isa_rearrange
TIMER	1529.41	1529.84	1530.17	2	SA-to-ISA
TIMER	0.000361	0.000619592	0.00199	2	sac-iteration
TIMER	42.2541	44.3085	45.5689	2	shift-buckets
TIMER	129.257	133.245	135.653	3	isa2sa_tupleize
TIMER	3178.7	3192.65	3221.65	3	isa2sa_samplesort
TIMER	122.232	147.772	156.201	3	isa2sa_untupleize
TIMER	3517.92	3518.3	3518.4	2	ISA-to-SA
iteration 16: unfinished buckets = 63243384
TIMER	55.884	56.6943	58.7581	2	rebucket
TIMER	314.584	320.067	342.074	3	sa2isa_bucketing
TIMER	934.506	942.836	954.602	3	sa2isa_all2all
TIMER	201.18	205.777	209.093	3	sa2isa_rearrange
TIMER	1510.43	1510.6	1510.99	2	SA-to-ISA
TIMER	0.000397	0.000625326	0.002203	2	sac-iteration
TIMER	42.2585	44.2749	45.5967	2	shift-buckets
TIMER	129.285	133.192	135.345	3	isa2sa_tupleize
TIMER	3063.39	3078.02	3106.43	3	isa2sa_samplesort
TIMER	119.896	148.042	156.797	3	isa2sa_untupleize
TIMER	3402.99	3403.37	3403.47	2	ISA-to-SA
iteration 32: unfinished buckets = 33034958
TIMER	46.2231	46.6048	47.3768	2	rebucket
TIMER	315.647	321.121	355.302	3	sa2isa_bucketing
TIMER	939.027	947.219	958.868	3	sa2isa_all2all
TIMER	201.943	205.85	210.499	3	sa2isa_rearrange
TIMER	1529.37	1529.53	1529.88	2	SA-to-ISA
TIMER	0.000393	0.000636791	0.002403	2	sac-iteration
TIMER	42.1444	44.2668	45.4904	2	shift-buckets
TIMER	130.497	133.197	135.773	3	isa2sa_tupleize
TIMER	3016.05	3031.19	3063.95	3	isa2sa_samplesort
TIMER	121.784	147.289	157.059	3	isa2sa_untupleize
TIMER	3361.23	3361.6	3361.72	2	ISA-to-SA
iteration 64: unfinished buckets = 17942148
TIMER	42.8337	43.0754	43.504	2	rebucket
TIMER	314.941	321.367	350.142	3	sa2isa_bucketing
TIMER	938.728	946.083	956.677	3	sa2isa_all2all
TIMER	199.279	205.788	208.998	3	sa2isa_rearrange
TIMER	1520.5	1520.66	1521.04	2	SA-to-ISA
TIMER	0.000393	0.000610064	0.00207	2	sac-iteration
TIMER	41.9303	44.1525	45.7793	2	shift-buckets
TIMER	129.849	133.28	135.397	3	isa2sa_tupleize
TIMER	3013.36	3027.9	3056.86	3	isa2sa_samplesort
TIMER	121.703	147.658	156.618	3	isa2sa_untupleize
TIMER	3353.27	3353.66	3353.75	2	ISA-to-SA
iteration 128: unfinished buckets = 10976438
TIMER	41.368	41.581	42.1691	2	rebucket
TIMER	315.228	321.346	369.181	3	sa2isa_bucketing
TIMER	939.964	947.479	958.867	3	sa2isa_all2all
TIMER	201.457	205.852	209.425	3	sa2isa_rearrange
TIMER	1542.13	1542.3	1542.7	2	SA-to-ISA
TIMER	0.000378	0.00063074	0.002602	2	sac-iteration
TIMER	42.2185	44.2194	45.4484	2	shift-buckets
TIMER	129.665	133.156	135.664	3	isa2sa_tupleize
TIMER	3007.86	3022.57	3051.84	3	isa2sa_samplesort
TIMER	120.909	147.913	156.018	3	isa2sa_untupleize
TIMER	3347.94	3348.32	3348.42	2	ISA-to-SA
iteration 256: unfinished buckets = 6905719
TIMER	40.505	40.6815	41.3053	2	rebucket
TIMER	315.059	321.386	343.682	3	sa2isa_bucketing
TIMER	939.628	947.733	959.13	3	sa2isa_all2all
TIMER	200.108	205.734	208.54	3	sa2isa_rearrange
TIMER	1516.33	1516.5	1516.85	2	SA-to-ISA
TIMER	0.000357	0.000616766	0.002185	2	sac-iteration
TIMER	42.431	44.3973	45.7658	2	shift-buckets
TIMER	130.093	133.311	136.108	3	isa2sa_tupleize
TIMER	3015.26	3029.69	3058.68	3	isa2sa_samplesort
TIMER	120.088	147.521	157.208	3	isa2sa_untupleize
TIMER	3356.37	3356.76	3356.85	2	ISA-to-SA
iteration 512: unfinished buckets = 4160784
TIMER	39.7231	39.8844	40.4281	2	rebucket
TIMER	315.117	321.183	340.876	3	sa2isa_bucketing
TIMER	937.641	945.177	956.693	3	sa2isa_all2all
TIMER	202.187	205.888	220.971	3	sa2isa_rearrange
TIMER	1523.18	1523.38	1523.76	2	SA-to-ISA
TIMER	0.000389	0.000624445	0.001961	2	sac-iteration
TIMER	40.9612	44.3654	64.9765	2	shift-buckets
TIMER	128.512	133.244	186.39	3	isa2sa_tupleize
TIMER	3009.53	3024.67	3054.42	3	isa2sa_samplesort
TIMER	119.944	147.549	156.476	3	isa2sa_untupleize
TIMER	3401.99	3403.26	3403.45	2	ISA-to-SA
iteration 1024: unfinished buckets = 2356338
TIMER	39.3237	39.5148	40.0375	2	rebucket
TIMER	315.336	321.07	341.436	3	sa2isa_bucketing
TIMER	939.724	947.39	959.146	3	sa2isa_all2all
TIMER	201.327	205.85	209.635	3	sa2isa_rearrange
TIMER	1516.53	1517.01	1518.83	2	SA-to-ISA
TIMER	0.000413	0.000673977	0.002343	2	sac-iteration
TIMER	27.2345	39.5449	56.4907	2	shift-buckets
TIMER	129.504	133.272	135.539	3	isa2sa_tupleize
TIMER	3067.74	3082.71	3111.71	3	isa2sa_samplesort
TIMER	120.352	147.744	156.718	3	isa2sa_untupleize
TIMER	3408.34	3408.73	3408.83	2	ISA-to-SA
iteration 2048: unfinished buckets = 1233904
TIMER	38.7164	38.9093	39.4912	2	rebucket
TIMER	315.352	321.167	370.115	3	sa2isa_bucketing
TIMER	935.91	943.367	954.66	3	sa2isa_all2all
TIMER	202.402	205.837	211.425	3	sa2isa_rearrange
TIMER	1540.86	1541.04	1541.44	2	SA-to-ISA
TIMER	0.000394	0.000620648	0.001688	2	sac-iteration
TIMER	27.1641	40.1742	58.0366	2	shift-buckets
TIMER	129.822	133.186	136.122	3	isa2sa_tupleize
TIMER	3017.61	3033	3061.66	3	isa2sa_samplesort
TIMER	119.976	147.508	156.918	3	isa2sa_untupleize
TIMER	3359.09	3359.46	3359.57	2	ISA-to-SA
iteration 4096: unfinished buckets = 587007
TIMER	38.7288	38.9405	39.5613	2	rebucket
TIMER	315.523	321.256	342.339	3	sa2isa_bucketing
TIMER	939.003	946.388	958.331	3	sa2isa_all2all
TIMER	201.999	205.759	209.696	3	sa2isa_rearrange
TIMER	1515.95	1516.3	1516.68	2	SA-to-ISA
TIMER	0.000371	0.000632348	0.001886	2	sac-iteration
TIMER	26.8239	39.7833	55.9573	2	shift-buckets
TIMER	130.399	133.179	135.307	3	isa2sa_tupleize
TIMER	3009.54	3023.93	3053.01	3	isa2sa_samplesort
TIMER	119.117	147.427	156.096	3	isa2sa_untupleize
TIMER	3348.77	3349.16	3349.25	2	ISA-to-SA
iteration 8192: unfinished buckets = 267766
TIMER	38.1484	38.3166	38.953	2	rebucket
TIMER	315.438	321.19	348.407	3	sa2isa_bucketing
TIMER	935.467	943.728	955.126	3	sa2isa_all2all
TIMER	202.223	205.754	209.226	3	sa2isa_rearrange
TIMER	1517.39	1517.58	1517.97	2	SA-to-ISA
TIMER	0.000386	0.00062	0.00204	2	sac-iteration
TIMER	27.5189	41.1472	59.4746	2	shift-buckets
TIMER	130.221	133.14	135.621	3	isa2sa_tupleize
TIMER	3004.23	3019.48	3048.35	3	isa2sa_samplesort
TIMER	120.141	147.839	156.449	3	isa2sa_untupleize
TIMER	3345.15	3345.71	3345.82	2	ISA-to-SA
iteration 16384: unfinished buckets = 101503
TIMER	37.9119	38.1171	38.702	2	rebucket
TIMER	315.302	321.058	338.633	3	sa2isa_bucketing
TIMER	937.769	945.699	957.26	3	sa2isa_all2all
TIMER	200.469	205.763	209.036	3	sa2isa_rearrange
TIMER	1509.57	1509.77	1510.15	2	SA-to-ISA
TIMER	0.000398	0.000641016	0.002018	2	sac-iteration
TIMER	27.2138	40.8072	59.0825	2	shift-buckets
TIMER	129.93	133.249	136.03	3	isa2sa_tupleize
TIMER	3010.74	3026.34	3057.08	3	isa2sa_samplesort
TIMER	120.461	147.491	156.1	3	isa2sa_untupleize
TIMER	3353.99	3354.75	3354.91	2	ISA-to-SA
iteration 32768: unfinished buckets = 2096
TIMER	37.9948	38.1812	38.7482	2	rebucket
TIMER	315.104	321.036	340.057	3	sa2isa_bucketing
TIMER	938.351	946.33	957.581	3	sa2isa_all2all
TIMER	202.105	205.785	210.531	3	sa2isa_rearrange
TIMER	1512.81	1513.02	1513.39	2	SA-to-ISA
TIMER	0.000375	0.000655875	0.002385	2	sac-iteration
TIMER	28.4788	40.9411	59.9553	2	shift-buckets
TIMER	129.779	133.246	140.789	3	isa2sa_tupleize
TIMER	3010.64	3026.16	3055.1	3	isa2sa_samplesort
TIMER	119.793	147.532	156.19	3	isa2sa_untupleize
TIMER	3356.46	3356.84	3356.94	2	ISA-to-SA
iteration 65536: unfinished buckets = 0
TIMER	37.6341	37.8299	38.4075	2	rebucket
TIMER	314.924	320.525	352.865	3	sa2isa_bucketing
TIMER	940.465	948.845	960.434	3	sa2isa_all2all
TIMER	200.413	205.855	209.94	3	sa2isa_rearrange
TIMER	1566.99	1567.34	1567.62	2	SA-to-ISA
TIMER	0.292292	0.498362	0.76429	2	sac-iteration
TIMER	83522.5	83522.8	83523.2	1	construct-msgs
TIMER	18.2281	18.7845	19.6078	1	fix-isa
