Detecting sigma=4 => l=3, k=1
TIMER	25.0823	26.0652	28.3871	1	initial-bucketing
TIMER	20.4209	22.3207	23.2599	2	shift-buckets
TIMER	64.9	67.1051	68.4266	3	isa2sa_tupleize
TIMER	1363.11	1397.12	1449.13	3	isa2sa_samplesort
TIMER	71.3217	75.0655	80.9888	3	isa2sa_untupleize
TIMER	1619.32	1619.89	1620.28	2	ISA-to-SA
iteration 1: unfinished buckets = 16
TIMER	32.9545	33.2552	33.6504	2	rebucket
TIMER	79.7914	140.077	147.477	3	sa2isa_bucketing
TIMER	744.938	749.967	753.336	3	sa2isa_all2all
TIMER	90.6468	98.1075	102.444	3	sa2isa_rearrange
TIMER	1053.24	1054.16	1054.63	2	SA-to-ISA
Starting Bucket chasing algorithm
TIMER	32.8457	40.8866	42.5468	2	get active elements
==== chaising iteration 2 unresolved = 2864785219
==== chaising iteration 2 unfinished = 16
TIMER	5706.99	5714.03	5719.49	2	bucket-chaising iteration
==== chaising iteration 4 unresolved = 2864785217
==== chaising iteration 4 unfinished = 256
TIMER	4784.35	4792.36	4798.32	2	bucket-chaising iteration
==== chaising iteration 8 unresolved = 2864785213
==== chaising iteration 8 unfinished = 65536
TIMER	3995.4	4002.58	4008.12	2	bucket-chaising iteration
==== chaising iteration 16 unresolved = 2231009467
==== chaising iteration 16 unfinished = 497590582
TIMER	2948.89	2959.75	2971.52	2	bucket-chaising iteration
==== chaising iteration 32 unresolved = 375212160
==== chaising iteration 32 unfinished = 63243384
TIMER	1040.33	1045.78	1078.51	2	bucket-chaising iteration
==== chaising iteration 64 unresolved = 123963655
==== chaising iteration 64 unfinished = 33034958
TIMER	471.083	473.407	501.076	2	bucket-chaising iteration
==== chaising iteration 128 unresolved = 51666977
==== chaising iteration 128 unfinished = 17942148
TIMER	300.842	302.758	323.923	2	bucket-chaising iteration
==== chaising iteration 256 unresolved = 26532356
==== chaising iteration 256 unfinished = 10976438
TIMER	215.597	217.804	232.215	2	bucket-chaising iteration
==== chaising iteration 512 unresolved = 15398534
==== chaising iteration 512 unfinished = 6905719
TIMER	175.845	249.312	280.651	2	bucket-chaising iteration
==== chaising iteration 1024 unresolved = 8867476
==== chaising iteration 1024 unfinished = 4160784
TIMER	94.1075	104.574	119.874	2	bucket-chaising iteration
==== chaising iteration 2048 unresolved = 4893467
==== chaising iteration 2048 unfinished = 2356338
TIMER	71.549	79.6797	91.1199	2	bucket-chaising iteration
==== chaising iteration 4096 unresolved = 2528555
==== chaising iteration 4096 unfinished = 1233904
TIMER	32.3355	39.2416	47.198	2	bucket-chaising iteration
==== chaising iteration 8192 unresolved = 1205449
==== chaising iteration 8192 unfinished = 587007
TIMER	43.5243	46.2011	56.4628	2	bucket-chaising iteration
==== chaising iteration 16384 unresolved = 556533
==== chaising iteration 16384 unfinished = 267766
TIMER	10.7353	11.4822	14.3298	2	bucket-chaising iteration
==== chaising iteration 32768 unresolved = 207623
==== chaising iteration 32768 unfinished = 101503
TIMER	7.69635	8.24206	10.8285	2	bucket-chaising iteration
==== chaising iteration 65536 unresolved = 4192
==== chaising iteration 65536 unfinished = 2096
TIMER	3.38748	3.95271	5.29741	2	bucket-chaising iteration
==== chaising iteration 131072 unresolved = 0
==== chaising iteration 131072 unfinished = 0
TIMER	23057.1	23057.8	23058.6	1	construct-msgs
TIMER	8.84088	9.26157	10.1172	1	fix-isa
Detecting sigma=4 => l=3, k=1
TIMER	20.2913	20.6066	22.5699	1	initial-bucketing
TIMER	19.4807	22.9787	26.1644	2	shift-buckets
TIMER	36.4727	65.8555	67.2456	3	isa2sa_tupleize
TIMER	1362.6	1395.98	1439.17	3	isa2sa_samplesort
TIMER	54.9231	57.5452	67.8136	3	isa2sa_untupleize
TIMER	1576.54	1576.96	1577.17	2	ISA-to-SA
iteration 1: unfinished buckets = 16
TIMER	31.2557	31.9907	32.3969	2	rebucket
TIMER	79.8123	134.018	147.058	3	sa2isa_bucketing
TIMER	767.251	772.366	777.633	3	sa2isa_all2all
TIMER	90.7025	98.0777	108.46	3	sa2isa_rearrange
TIMER	1035.08	1035.09	1035.19	2	SA-to-ISA
TIMER	0.000351	0.000540988	0.002035	2	sac-iteration
TIMER	22.9749	23.6471	24.3635	2	shift-buckets
TIMER	35.7093	65.9622	68.1528	3	isa2sa_tupleize
TIMER	1435.37	1453.98	1491.15	3	isa2sa_samplesort
TIMER	53.6622	57.4036	65.2525	3	isa2sa_untupleize
TIMER	1626.49	1626.89	1627.11	2	ISA-to-SA
iteration 2: unfinished buckets = 256
TIMER	31.268	32.0439	32.6046	2	rebucket
TIMER	79.8616	130.615	149.972	3	sa2isa_bucketing
TIMER	761.229	765.105	768.375	3	sa2isa_all2all
TIMER	95.5902	99.6615	103.66	3	sa2isa_rearrange
TIMER	1023.86	1023.87	1024	2	SA-to-ISA
TIMER	0.000352	0.000539455	0.001428	2	sac-iteration
TIMER	23.107	23.6867	24.7375	2	shift-buckets
TIMER	36.054	65.9585	68.3076	3	isa2sa_tupleize
TIMER	1625.39	1639.28	1661.83	3	isa2sa_samplesort
TIMER	53.9401	57.4081	65.5437	3	isa2sa_untupleize
TIMER	1797.7	1798.09	1798.33	2	ISA-to-SA
iteration 4: unfinished buckets = 65536
TIMER	30.4763	31.0044	31.5475	2	rebucket
TIMER	80.0276	139.218	149.307	3	sa2isa_bucketing
TIMER	735.624	738.929	740.376	3	sa2isa_all2all
TIMER	94.5675	99.191	103.093	3	sa2isa_rearrange
TIMER	994.668	994.674	994.772	2	SA-to-ISA
TIMER	0.000339	0.000534733	0.009525	2	sac-iteration
TIMER	23.0595	23.6921	24.7346	2	shift-buckets
TIMER	35.4434	65.997	68.2449	3	isa2sa_tupleize
TIMER	1780.83	1789.25	1806.16	3	isa2sa_samplesort
TIMER	53.1422	57.3874	65.7602	3	isa2sa_untupleize
TIMER	1942.1	1942.5	1942.73	2	ISA-to-SA
iteration 8: unfinished buckets = 497590582
TIMER	35.5666	41.3849	43.3877	2	rebucket
TIMER	143.937	148.233	156.177	3	sa2isa_bucketing
TIMER	749.504	751.489	754.948	3	sa2isa_all2all
TIMER	94.8215	99.1933	102.857	3	sa2isa_rearrange
TIMER	1015.92	1015.97	1015.99	2	SA-to-ISA
TIMER	0.00032	0.000530481	0.002859	2	sac-iteration
TIMER	23.1907	23.6848	24.8344	2	shift-buckets
TIMER	35.6916	65.9696	68.032	3	isa2sa_tupleize
TIMER	1866.27	1874.01	1890.09	3	isa2sa_samplesort
TIMER	53.1527	57.3846	65.5913	3	isa2sa_untupleize
TIMER	2025.67	2026.07	2026.31	2	ISA-to-SA
iteration 16: unfinished buckets = 63243384
TIMER	28.4775	29.274	30.6107	2	rebucket
TIMER	145.321	149.043	163.62	3	sa2isa_bucketing
TIMER	747.996	752.151	755.428	3	sa2isa_all2all
TIMER	94.8965	99.2105	103.171	3	sa2isa_rearrange
TIMER	1024.11	1024.11	1024.15	2	SA-to-ISA
TIMER	0.000328	0.000535378	0.00149	2	sac-iteration
TIMER	23.1265	23.738	24.7834	2	shift-buckets
TIMER	35.3707	65.9296	67.629	3	isa2sa_tupleize
TIMER	1865.17	1872.82	1888.98	3	isa2sa_samplesort
TIMER	53.5485	57.3905	65.4077	3	isa2sa_untupleize
TIMER	2024.11	2024.51	2024.76	2	ISA-to-SA
iteration 32: unfinished buckets = 33034958
TIMER	24.1307	24.3871	24.9726	2	rebucket
TIMER	145.406	149.318	158.109	3	sa2isa_bucketing
TIMER	768.069	773.701	777.242	3	sa2isa_all2all
TIMER	95.0723	99.1984	102.792	3	sa2isa_rearrange
TIMER	1042.17	1042.66	1042.67	2	SA-to-ISA
TIMER	0.000308	0.000501346	0.002534	2	sac-iteration
TIMER	23.1592	23.7631	25.0539	2	shift-buckets
TIMER	35.7056	65.9105	75.941	3	isa2sa_tupleize
TIMER	1843.19	1850.46	1866.2	3	isa2sa_samplesort
TIMER	52.8886	57.4173	68.1731	3	isa2sa_untupleize
TIMER	2012.41	2012.8	2013.04	2	ISA-to-SA
iteration 64: unfinished buckets = 17942148
TIMER	22.6068	23.288	23.443	2	rebucket
TIMER	145.424	149.311	171.581	3	sa2isa_bucketing
TIMER	738.619	743.13	746.447	3	sa2isa_all2all
TIMER	94.9415	99.1943	106.735	3	sa2isa_rearrange
TIMER	1026.71	1026.72	1026.8	2	SA-to-ISA
TIMER	0.00034	0.000533539	0.001516	2	sac-iteration
TIMER	23.0049	23.7068	24.7385	2	shift-buckets
TIMER	35.6839	65.9303	67.8657	3	isa2sa_tupleize
TIMER	1823.7	1831.39	1847.62	3	isa2sa_samplesort
TIMER	53.4391	57.4043	65.5369	3	isa2sa_untupleize
TIMER	1983.37	1983.77	1984.11	2	ISA-to-SA
iteration 128: unfinished buckets = 10976438
TIMER	20.7977	21.5368	21.6976	2	rebucket
TIMER	145.395	149.294	159.021	3	sa2isa_bucketing
TIMER	722.051	728.443	731.948	3	sa2isa_all2all
TIMER	94.0246	99.2115	106.616	3	sa2isa_rearrange
TIMER	999.484	999.49	999.531	2	SA-to-ISA
TIMER	0.000327	0.000548512	0.001397	2	sac-iteration
TIMER	22.8202	23.6287	25.0137	2	shift-buckets
TIMER	35.5089	66.0002	67.8591	3	isa2sa_tupleize
TIMER	1826.82	1834.73	1852.08	3	isa2sa_samplesort
TIMER	53.238	57.3923	71.2622	3	isa2sa_untupleize
TIMER	1994.19	1994.59	1995.95	2	ISA-to-SA
iteration 256: unfinished buckets = 6905719
TIMER	20.1677	21.2477	21.4385	2	rebucket
TIMER	145.418	149.285	158.008	3	sa2isa_bucketing
TIMER	765.096	768.491	771.323	3	sa2isa_all2all
TIMER	94.8012	99.205	102.824	3	sa2isa_rearrange
TIMER	1035.03	1035.03	1035.08	2	SA-to-ISA
TIMER	0.000323	0.000530884	0.001498	2	sac-iteration
TIMER	23.083	23.6563	24.2914	2	shift-buckets
TIMER	36.6762	66.0278	68.2336	3	isa2sa_tupleize
TIMER	1852.1	1859.84	1877.7	3	isa2sa_samplesort
TIMER	52.1073	57.3399	75.0363	3	isa2sa_untupleize
TIMER	2045.93	2046.48	2056.82	2	ISA-to-SA
iteration 512: unfinished buckets = 4160784
TIMER	33.8803	34.1731	38.4678	2	rebucket
TIMER	145.37	149.853	181.622	3	sa2isa_bucketing
TIMER	761.598	765.521	768.014	3	sa2isa_all2all
TIMER	93.2934	98.8867	107.703	3	sa2isa_rearrange
TIMER	1060.71	1066.15	1068.56	2	SA-to-ISA
TIMER	0.000335	0.000555194	0.002674	2	sac-iteration
TIMER	21.886	23.592	26.2238	2	shift-buckets
TIMER	36.264	65.8715	73.5766	3	isa2sa_tupleize
TIMER	1824.35	1831.94	1847.74	3	isa2sa_samplesort
TIMER	53.4672	57.3953	65.4945	3	isa2sa_untupleize
TIMER	1990.25	1991.76	1992.03	2	ISA-to-SA
iteration 1024: unfinished buckets = 2356338
TIMER	19.6482	20.3328	20.499	2	rebucket
TIMER	145.351	149.288	158.077	3	sa2isa_bucketing
TIMER	749.862	752.17	754.684	3	sa2isa_all2all
TIMER	95.1415	99.2424	103.144	3	sa2isa_rearrange
TIMER	1017.79	1017.8	1017.83	2	SA-to-ISA
TIMER	0.000323	0.000535837	0.001646	2	sac-iteration
TIMER	13.9718	21.2347	32.0921	2	shift-buckets
TIMER	36.1862	65.9928	68.1186	3	isa2sa_tupleize
TIMER	1825.48	1833.08	1849.05	3	isa2sa_samplesort
TIMER	53.5644	57.3721	65.47	3	isa2sa_untupleize
TIMER	1984.59	1984.99	1985.22	2	ISA-to-SA
iteration 2048: unfinished buckets = 1233904
TIMER	19.2265	19.8566	20.0273	2	rebucket
TIMER	145.353	149.293	157.581	3	sa2isa_bucketing
TIMER	769.901	772.437	774.287	3	sa2isa_all2all
TIMER	94.9311	99.2259	103.128	3	sa2isa_rearrange
TIMER	1036.87	1036.88	1036.98	2	SA-to-ISA
TIMER	0.00033	0.000537932	0.002606	2	sac-iteration
TIMER	14.1818	21.6221	32.0201	2	shift-buckets
TIMER	35.6573	65.9235	67.6542	3	isa2sa_tupleize
TIMER	1842.9	1850.34	1868.19	3	isa2sa_samplesort
TIMER	53.2536	57.3778	65.5183	3	isa2sa_untupleize
TIMER	2003.29	2003.69	2003.92	2	ISA-to-SA
iteration 4096: unfinished buckets = 587007
TIMER	19.0972	19.8065	19.9609	2	rebucket
TIMER	145.355	149.296	157.805	3	sa2isa_bucketing
TIMER	770.165	774.174	777.746	3	sa2isa_all2all
TIMER	94.5388	99.2167	103.284	3	sa2isa_rearrange
TIMER	1040.71	1040.72	1040.73	2	SA-to-ISA
TIMER	0.000316	0.000546347	0.003496	2	sac-iteration
TIMER	14.4933	22.091	32.0325	2	shift-buckets
TIMER	35.9694	65.9765	68.1831	3	isa2sa_tupleize
TIMER	1830.25	1837.9	1855.65	3	isa2sa_samplesort
TIMER	53.439	57.3841	65.465	3	isa2sa_untupleize
TIMER	1991.25	1991.65	1991.9	2	ISA-to-SA
iteration 8192: unfinished buckets = 267766
TIMER	18.9677	19.6213	19.7776	2	rebucket
TIMER	145.389	149.302	157.996	3	sa2isa_bucketing
TIMER	733.26	736.709	738.956	3	sa2isa_all2all
TIMER	94.8672	99.2186	103.029	3	sa2isa_rearrange
TIMER	1001.83	1001.84	1001.98	2	SA-to-ISA
TIMER	0.00033	0.000537245	0.003635	2	sac-iteration
TIMER	14.2007	21.8389	31.4765	2	shift-buckets
TIMER	36.1599	65.9846	68.1882	3	isa2sa_tupleize
TIMER	1824.7	1832.32	1848.7	3	isa2sa_samplesort
TIMER	53.6696	57.3831	65.4461	3	isa2sa_untupleize
TIMER	1984.32	1984.72	1984.97	2	ISA-to-SA
iteration 16384: unfinished buckets = 101503
TIMER	18.9755	19.6709	19.874	2	rebucket
TIMER	145.427	149.301	158.018	3	sa2isa_bucketing
TIMER	773.008	775.219	777.011	3	sa2isa_all2all
TIMER	94.9318	99.2386	103.041	3	sa2isa_rearrange
TIMER	1039.96	1039.96	1040	2	SA-to-ISA
TIMER	0.000346	0.000542404	0.00349	2	sac-iteration
TIMER	15.1142	21.803	31.914	2	shift-buckets
TIMER	35.7339	65.9857	68.1364	3	isa2sa_tupleize
TIMER	1839.06	1847	1863.01	3	isa2sa_samplesort
TIMER	53.5315	57.4149	65.5758	3	isa2sa_untupleize
TIMER	1998.72	1999.11	1999.35	2	ISA-to-SA
iteration 32768: unfinished buckets = 2096
TIMER	18.789	19.4913	19.67	2	rebucket
TIMER	145.389	149.378	162.235	3	sa2isa_bucketing
TIMER	768.739	771.457	773.551	3	sa2isa_all2all
TIMER	95.0835	99.24	103.077	3	sa2isa_rearrange
TIMER	1040.8	1040.81	1040.89	2	SA-to-ISA
TIMER	0.000333	0.000530258	0.00244	2	sac-iteration
TIMER	15.253	22.0124	31.7003	2	shift-buckets
TIMER	35.5025	66.0258	67.9273	3	isa2sa_tupleize
TIMER	1830.15	1838.01	1852.99	3	isa2sa_samplesort
TIMER	52.7899	57.3811	65.5083	3	isa2sa_untupleize
TIMER	1988.39	1988.78	1989.02	2	ISA-to-SA
iteration 65536: unfinished buckets = 0
TIMER	18.7704	19.4423	19.6233	2	rebucket
TIMER	145.262	153.089	158.692	3	sa2isa_bucketing
TIMER	753.924	757.382	759.726	3	sa2isa_all2all
TIMER	95.0537	99.1996	103.104	3	sa2isa_rearrange
TIMER	1040.1	1040.17	1040.18	2	SA-to-ISA
TIMER	0.001177	1.30424	1.94844	2	sac-iteration
TIMER	51494.1	51494.7	51495.8	1	construct-msgs
TIMER	8.95951	9.43538	10.6756	1	fix-isa
