Detecting sigma=4 => l=3, k=1
TIMER	25.0688	26.1778	28.886	1	initial-bucketing
TIMER	20.7877	22.3404	23.6602	2	shift-buckets
TIMER	64.6169	67.1368	68.7521	3	isa2sa_tupleize
TIMER	1364.55	1397.59	1454.27	3	isa2sa_samplesort
TIMER	71.854	75.2899	79.8918	3	isa2sa_untupleize
TIMER	1605.11	1605.48	1605.57	2	ISA-to-SA
iteration 1: unfinished buckets = 16
TIMER	31.4882	32.1785	32.6152	2	rebucket
TIMER	79.7738	140.081	147.921	3	sa2isa_bucketing
TIMER	778.918	781.869	784.694	3	sa2isa_all2all
TIMER	91.7791	98.2286	103.135	3	sa2isa_rearrange
TIMER	1076.28	1077.2	1077.69	2	SA-to-ISA
Starting Bucket chasing algorithm
TIMER	32.5252	40.8376	42.2011	2	get active elements
==== chaising iteration 2 unresolved = 2864785219
==== chaising iteration 2 unfinished = 16
TIMER	5668.49	5675.1	5681.25	2	bucket-chaising iteration
==== chaising iteration 4 unresolved = 2864785217
==== chaising iteration 4 unfinished = 256
TIMER	4773.9	4783.7	4793.35	2	bucket-chaising iteration
==== chaising iteration 8 unresolved = 2864785213
==== chaising iteration 8 unfinished = 65536
TIMER	4059.3	4066.58	4074.79	2	bucket-chaising iteration
==== chaising iteration 16 unresolved = 2231009467
==== chaising iteration 16 unfinished = 497590582
TIMER	2967.67	2982.57	2992.9	2	bucket-chaising iteration
==== chaising iteration 32 unresolved = 375212160
==== chaising iteration 32 unfinished = 63243384
TIMER	1068.81	1074.82	1110.77	2	bucket-chaising iteration
==== chaising iteration 64 unresolved = 123963655
==== chaising iteration 64 unfinished = 33034958
TIMER	491.871	494.745	526.225	2	bucket-chaising iteration
==== chaising iteration 128 unresolved = 51666977
==== chaising iteration 128 unfinished = 17942148
TIMER	338.406	341.172	365.235	2	bucket-chaising iteration
==== chaising iteration 256 unresolved = 26532356
==== chaising iteration 256 unfinished = 10976438
TIMER	279.257	283.287	302.663	2	bucket-chaising iteration
==== chaising iteration 512 unresolved = 15398534
==== chaising iteration 512 unfinished = 6905719
TIMER	110.328	160.037	185.051	2	bucket-chaising iteration
==== chaising iteration 1024 unresolved = 8867476
==== chaising iteration 1024 unfinished = 4160784
TIMER	87.5048	101.301	120.958	2	bucket-chaising iteration
==== chaising iteration 2048 unresolved = 4893467
==== chaising iteration 2048 unfinished = 2356338
TIMER	52.0255	61.2383	70.6976	2	bucket-chaising iteration
==== chaising iteration 4096 unresolved = 2528555
==== chaising iteration 4096 unfinished = 1233904
TIMER	28.5487	33.6031	42.2723	2	bucket-chaising iteration
==== chaising iteration 8192 unresolved = 1205449
==== chaising iteration 8192 unfinished = 587007
TIMER	22.6456	24.329	27.4758	2	bucket-chaising iteration
==== chaising iteration 16384 unresolved = 556533
==== chaising iteration 16384 unfinished = 267766
TIMER	12.9342	13.2621	16.2935	2	bucket-chaising iteration
==== chaising iteration 32768 unresolved = 207623
==== chaising iteration 32768 unfinished = 101503
TIMER	7.93236	8.40335	10.9935	2	bucket-chaising iteration
==== chaising iteration 65536 unresolved = 4192
==== chaising iteration 65536 unfinished = 2096
TIMER	3.36049	3.81839	5.25808	2	bucket-chaising iteration
==== chaising iteration 131072 unresolved = 0
==== chaising iteration 131072 unfinished = 0
TIMER	23134.7	23135.4	23136.1	1	construct-msgs
TIMER	8.77982	9.26516	10.0947	1	fix-isa
Detecting sigma=4 => l=3, k=1
TIMER	20.3305	20.6092	22.6352	1	initial-bucketing
TIMER	19.4712	22.953	26.2729	2	shift-buckets
TIMER	34.5872	65.8359	67.4289	3	isa2sa_tupleize
TIMER	1385.47	1416.51	1463.06	3	isa2sa_samplesort
TIMER	55.5586	57.5421	58.5552	3	isa2sa_untupleize
TIMER	1590.96	1591.38	1591.63	2	ISA-to-SA
iteration 1: unfinished buckets = 16
TIMER	31.3461	32.1386	32.6802	2	rebucket
TIMER	79.9071	134.04	157.26	3	sa2isa_bucketing
TIMER	750.567	754.352	757.067	3	sa2isa_all2all
TIMER	92.1375	98.2437	103.081	3	sa2isa_rearrange
TIMER	1019.37	1019.38	1019.47	2	SA-to-ISA
TIMER	0.000328	0.000544461	0.002159	2	sac-iteration
TIMER	23.1247	23.6923	35.2176	2	shift-buckets
TIMER	34.1425	65.9804	70.3047	3	isa2sa_tupleize
TIMER	1451.02	1471.22	1508.94	3	isa2sa_samplesort
TIMER	53.3413	57.3913	66.2065	3	isa2sa_untupleize
TIMER	1647.44	1647.84	1648.08	2	ISA-to-SA
iteration 2: unfinished buckets = 256
TIMER	31.356	32.0933	32.6111	2	rebucket
TIMER	79.8776	130.477	150.532	3	sa2isa_bucketing
TIMER	757.45	760.663	762.953	3	sa2isa_all2all
TIMER	94.7413	99.7606	104.047	3	sa2isa_rearrange
TIMER	1019.54	1019.55	1019.64	2	SA-to-ISA
TIMER	0.000355	0.000534897	0.001546	2	sac-iteration
TIMER	22.9783	23.679	24.6801	2	shift-buckets
TIMER	34.679	65.9233	67.874	3	isa2sa_tupleize
TIMER	1669.15	1677.05	1696.84	3	isa2sa_samplesort
TIMER	53.4819	57.4179	66.0493	3	isa2sa_untupleize
TIMER	1832.73	1833.13	1833.37	2	ISA-to-SA
iteration 4: unfinished buckets = 65536
TIMER	30.4233	31.214	32.0745	2	rebucket
TIMER	80.3007	139.127	148.599	3	sa2isa_bucketing
TIMER	754.072	756.461	758.35	3	sa2isa_all2all
TIMER	94.745	99.2672	103.711	3	sa2isa_rearrange
TIMER	1012.67	1012.67	1012.77	2	SA-to-ISA
TIMER	0.000343	0.000539448	0.001445	2	sac-iteration
TIMER	22.9341	23.6741	24.919	2	shift-buckets
TIMER	34.4427	65.918	68.1379	3	isa2sa_tupleize
TIMER	1813.75	1821.43	1836.82	3	isa2sa_samplesort
TIMER	52.9061	57.4072	65.6883	3	isa2sa_untupleize
TIMER	1972.6	1973	1973.25	2	ISA-to-SA
iteration 8: unfinished buckets = 497590582
TIMER	35.5931	41.3648	43.282	2	rebucket
TIMER	143.526	148.153	156.468	3	sa2isa_bucketing
TIMER	736.836	739.506	740.355	3	sa2isa_all2all
TIMER	94.7098	99.2815	103.463	3	sa2isa_rearrange
TIMER	1002.06	1002.07	1002.08	2	SA-to-ISA
TIMER	0.000329	0.000530931	0.002402	2	sac-iteration
TIMER	23.1556	23.7124	24.6844	2	shift-buckets
TIMER	34.4196	65.912	67.8601	3	isa2sa_tupleize
TIMER	1898.15	1905.78	1923.54	3	isa2sa_samplesort
TIMER	53.1568	57.4058	65.6736	3	isa2sa_untupleize
TIMER	2059.02	2059.42	2059.67	2	ISA-to-SA
iteration 16: unfinished buckets = 63243384
TIMER	28.6124	29.303	30.5612	2	rebucket
TIMER	145.205	148.904	156.896	3	sa2isa_bucketing
TIMER	768.83	773.31	776.784	3	sa2isa_all2all
TIMER	94.5635	99.2495	103.617	3	sa2isa_rearrange
TIMER	1039.25	1039.25	1039.31	2	SA-to-ISA
TIMER	0.000326	0.000531034	0.001388	2	sac-iteration
TIMER	23.071	23.7502	24.5414	2	shift-buckets
TIMER	34.3651	65.9313	68.1296	3	isa2sa_tupleize
TIMER	1902.94	1910.65	1929.04	3	isa2sa_samplesort
TIMER	52.6354	57.4093	65.5874	3	isa2sa_untupleize
TIMER	2064.74	2065.14	2065.38	2	ISA-to-SA
iteration 32: unfinished buckets = 33034958
TIMER	23.9578	24.1706	24.7052	2	rebucket
TIMER	145.313	149.242	164.368	3	sa2isa_bucketing
TIMER	719.709	725.115	727.767	3	sa2isa_all2all
TIMER	94.5923	99.2823	103.449	3	sa2isa_rearrange
TIMER	997.679	997.703	997.805	2	SA-to-ISA
TIMER	0.00034	0.000563303	0.014122	2	sac-iteration
TIMER	23.2404	23.752	24.6638	2	shift-buckets
TIMER	35.047	65.9284	68.8016	3	isa2sa_tupleize
TIMER	1864.42	1872.17	1889.94	3	isa2sa_samplesort
TIMER	52.9045	57.3948	65.5233	3	isa2sa_untupleize
TIMER	2026.25	2026.65	2026.89	2	ISA-to-SA
iteration 64: unfinished buckets = 17942148
TIMER	21.7746	22.2377	22.4844	2	rebucket
TIMER	145.254	149.283	167.09	3	sa2isa_bucketing
TIMER	760.281	766.509	771.49	3	sa2isa_all2all
TIMER	94.7122	99.2715	107.257	3	sa2isa_rearrange
TIMER	1051.1	1051.42	1051.44	2	SA-to-ISA
TIMER	0.000322	0.000512058	0.00138	2	sac-iteration
TIMER	23.1297	23.7044	24.515	2	shift-buckets
TIMER	34.669	65.8818	68.4703	3	isa2sa_tupleize
TIMER	1869.58	1877.63	1895.39	3	isa2sa_samplesort
TIMER	53.1176	57.4116	65.5101	3	isa2sa_untupleize
TIMER	2032.96	2033.35	2033.6	2	ISA-to-SA
iteration 128: unfinished buckets = 10976438
TIMER	20.8628	21.4599	21.7183	2	rebucket
TIMER	145.277	149.182	157.361	3	sa2isa_bucketing
TIMER	752.414	757.372	761.488	3	sa2isa_all2all
TIMER	93.8234	99.2273	107.54	3	sa2isa_rearrange
TIMER	1032.16	1032.16	1032.27	2	SA-to-ISA
TIMER	0.000333	0.00054233	0.001862	2	sac-iteration
TIMER	22.9092	23.6299	24.209	2	shift-buckets
TIMER	34.2533	65.9019	68.0234	3	isa2sa_tupleize
TIMER	1839.97	1847.22	1865.43	3	isa2sa_samplesort
TIMER	53.0265	57.4047	66.9671	3	isa2sa_untupleize
TIMER	2002.47	2002.87	2003.11	2	ISA-to-SA
iteration 256: unfinished buckets = 6905719
TIMER	20.4248	20.9745	22.1026	2	rebucket
TIMER	145.273	149.182	157.041	3	sa2isa_bucketing
TIMER	752.611	758.653	763.481	3	sa2isa_all2all
TIMER	94.5927	99.2365	103.58	3	sa2isa_rearrange
TIMER	1025.97	1025.99	1026.1	2	SA-to-ISA
TIMER	0.000332	0.000551594	0.008298	2	sac-iteration
TIMER	23.1518	23.6741	24.4768	2	shift-buckets
TIMER	34.9106	65.9349	67.8595	3	isa2sa_tupleize
TIMER	1840.09	1847.41	1865.11	3	isa2sa_samplesort
TIMER	52.9725	57.3949	65.4549	3	isa2sa_untupleize
TIMER	2000.42	2000.82	2001.05	2	ISA-to-SA
iteration 512: unfinished buckets = 4160784
TIMER	20.2213	20.7836	21.0095	2	rebucket
TIMER	145.269	149.2	157.124	3	sa2isa_bucketing
TIMER	771.616	777.779	782.74	3	sa2isa_all2all
TIMER	94.497	99.2249	103.536	3	sa2isa_rearrange
TIMER	1045.33	1045.34	1045.44	2	SA-to-ISA
TIMER	0.000346	0.00054241	0.001926	2	sac-iteration
TIMER	23.0973	23.6833	24.7888	2	shift-buckets
TIMER	34.7031	65.8669	67.7739	3	isa2sa_tupleize
TIMER	1854.59	1862.51	1879.57	3	isa2sa_samplesort
TIMER	52.8573	57.3892	65.6412	3	isa2sa_untupleize
TIMER	2014.93	2015.33	2015.58	2	ISA-to-SA
iteration 1024: unfinished buckets = 2356338
TIMER	19.5757	20.1351	20.3543	2	rebucket
TIMER	145.302	149.19	157.04	3	sa2isa_bucketing
TIMER	745.436	748.512	750.657	3	sa2isa_all2all
TIMER	95.1346	99.2611	103.398	3	sa2isa_rearrange
TIMER	1013.25	1013.26	1013.35	2	SA-to-ISA
TIMER	0.000345	0.000542402	0.003084	2	sac-iteration
TIMER	13.8845	21.1879	33.9478	2	shift-buckets
TIMER	34.7371	65.9243	67.8306	3	isa2sa_tupleize
TIMER	1851.01	1858.46	1876.4	3	isa2sa_samplesort
TIMER	53.4334	57.4041	65.5706	3	isa2sa_untupleize
TIMER	2011.88	2012.28	2012.53	2	ISA-to-SA
iteration 2048: unfinished buckets = 1233904
TIMER	19.3474	19.9568	20.1629	2	rebucket
TIMER	145.249	149.184	157.118	3	sa2isa_bucketing
TIMER	760.511	762.581	764.463	3	sa2isa_all2all
TIMER	94.9298	99.2667	103.573	3	sa2isa_rearrange
TIMER	1027.01	1027.02	1027.09	2	SA-to-ISA
TIMER	0.000319	0.000537289	0.007523	2	sac-iteration
TIMER	13.7886	21.6818	33.9326	2	shift-buckets
TIMER	34.7293	65.8773	67.7565	3	isa2sa_tupleize
TIMER	1838.77	1846.33	1863.97	3	isa2sa_samplesort
TIMER	53.2297	57.4011	65.748	3	isa2sa_untupleize
TIMER	1999.46	1999.86	2000.1	2	ISA-to-SA
iteration 4096: unfinished buckets = 587007
TIMER	19.2242	19.7972	19.9999	2	rebucket
TIMER	145.282	149.201	156.978	3	sa2isa_bucketing
TIMER	736.639	741.059	744.967	3	sa2isa_all2all
TIMER	94.7041	99.2668	103.748	3	sa2isa_rearrange
TIMER	1007.67	1007.69	1007.8	2	SA-to-ISA
TIMER	0.000335	0.000535383	0.002049	2	sac-iteration
TIMER	14.5128	22.0733	31.9428	2	shift-buckets
TIMER	34.6103	65.9318	67.8898	3	isa2sa_tupleize
TIMER	1857.67	1865.7	1882.83	3	isa2sa_samplesort
TIMER	53.1366	57.377	65.4733	3	isa2sa_untupleize
TIMER	2018.29	2018.7	2018.94	2	ISA-to-SA
iteration 8192: unfinished buckets = 267766
TIMER	19.0151	19.5766	19.8009	2	rebucket
TIMER	145.298	149.209	157.004	3	sa2isa_bucketing
TIMER	776.34	780.132	783.97	3	sa2isa_all2all
TIMER	94.5718	99.2433	103.429	3	sa2isa_rearrange
TIMER	1046.27	1046.27	1046.37	2	SA-to-ISA
TIMER	0.000314	0.000535893	0.001459	2	sac-iteration
TIMER	15.0714	22.0232	31.7187	2	shift-buckets
TIMER	35.1524	65.9157	67.8717	3	isa2sa_tupleize
TIMER	1870.4	1877.64	1894.79	3	isa2sa_samplesort
TIMER	52.3436	57.388	65.6425	3	isa2sa_untupleize
TIMER	2031.31	2031.72	2031.97	2	ISA-to-SA
iteration 16384: unfinished buckets = 101503
TIMER	18.9877	19.5265	19.7132	2	rebucket
TIMER	145.312	149.212	156.99	3	sa2isa_bucketing
TIMER	752.455	755.115	757.982	3	sa2isa_all2all
TIMER	94.4999	99.2609	103.573	3	sa2isa_rearrange
TIMER	1020.37	1020.38	1020.44	2	SA-to-ISA
TIMER	0.00033	0.000542992	0.003929	2	sac-iteration
TIMER	15.0163	21.7892	32.0914	2	shift-buckets
TIMER	34.8777	65.9196	68.3982	3	isa2sa_tupleize
TIMER	2060.11	2067.64	2085.15	3	isa2sa_samplesort
TIMER	53.1551	57.4115	65.7592	3	isa2sa_untupleize
TIMER	2226.03	2226.43	2226.68	2	ISA-to-SA
iteration 32768: unfinished buckets = 2096
TIMER	18.9329	19.4748	19.6741	2	rebucket
TIMER	145.275	149.227	157.014	3	sa2isa_bucketing
TIMER	731.451	736.004	742.682	3	sa2isa_all2all
TIMER	93.5388	99.0602	112.055	3	sa2isa_rearrange
TIMER	1027.03	1027.07	1027.97	2	SA-to-ISA
TIMER	0.000336	0.000578503	0.002018	2	sac-iteration
TIMER	14.373	21.9928	31.4875	2	shift-buckets
TIMER	34.1793	65.8394	83.0384	3	isa2sa_tupleize
TIMER	1871.15	1878.62	1896.01	3	isa2sa_samplesort
TIMER	53.1026	57.3575	65.6613	3	isa2sa_untupleize
TIMER	2054.95	2055.36	2056.54	2	ISA-to-SA
iteration 65536: unfinished buckets = 0
TIMER	20.7936	21.3637	21.6938	2	rebucket
TIMER	145.624	152.845	163.227	3	sa2isa_bucketing
TIMER	725.504	730.633	733.713	3	sa2isa_all2all
TIMER	94.7058	99.2567	103.324	3	sa2isa_rearrange
TIMER	1018.97	1018.98	1019	2	SA-to-ISA
TIMER	0.001721	1.31566	2.08279	2	sac-iteration
TIMER	51990.6	51990.7	51991.4	1	construct-msgs
TIMER	8.82738	9.44226	10.2885	1	fix-isa
