Detecting sigma=4 => l=3, k=1
TIMER	51.6005	53.8866	59.2234	1	initial-bucketing
TIMER	42.3311	44.2248	45.4342	2	shift-buckets
TIMER	130.31	133.159	135.223	3	isa2sa_tupleize
TIMER	2359.31	2415.74	2481.23	3	isa2sa_samplesort
TIMER	145.472	151.182	157.335	3	isa2sa_untupleize
TIMER	2776.05	2776.42	2776.52	2	ISA-to-SA
iteration 1: unfinished buckets = 16
TIMER	63.8766	64.3209	65.1455	2	rebucket
TIMER	161.226	273.185	308.213	3	sa2isa_bucketing
TIMER	932.21	939.9	951.946	3	sa2isa_all2all
TIMER	186.006	198.869	207.3	3	sa2isa_rearrange
TIMER	1546.95	1547.36	1547.66	2	SA-to-ISA
Starting Bucket chasing algorithm
TIMER	87.4656	94.305	96.9024	2	get active elements
==== chaising iteration 2 unresolved = 2864785219
==== chaising iteration 2 unfinished = 16
TIMER	9670.58	9689.16	9712.78	2	bucket-chaising iteration
==== chaising iteration 4 unresolved = 2864785217
==== chaising iteration 4 unfinished = 256
TIMER	7803.36	7818.33	7838.35	2	bucket-chaising iteration
==== chaising iteration 8 unresolved = 2864785213
==== chaising iteration 8 unfinished = 65536
TIMER	5555.14	5570.14	5591.13	2	bucket-chaising iteration
==== chaising iteration 16 unresolved = 2231009467
==== chaising iteration 16 unfinished = 497590582
TIMER	4367.22	4385.4	4405.44	2	bucket-chaising iteration
==== chaising iteration 32 unresolved = 375212160
==== chaising iteration 32 unfinished = 63243384
TIMER	1448.34	1458.43	1514.73	2	bucket-chaising iteration
==== chaising iteration 64 unresolved = 123963655
==== chaising iteration 64 unfinished = 33034958
TIMER	568.244	571.581	622.825	2	bucket-chaising iteration
==== chaising iteration 128 unresolved = 51666977
==== chaising iteration 128 unfinished = 17942148
TIMER	531.361	533.337	571.637	2	bucket-chaising iteration
==== chaising iteration 256 unresolved = 26532356
==== chaising iteration 256 unfinished = 10976438
TIMER	349.75	351.153	375.672	2	bucket-chaising iteration
==== chaising iteration 512 unresolved = 15398534
==== chaising iteration 512 unfinished = 6905719
TIMER	231.676	348.778	370.894	2	bucket-chaising iteration
==== chaising iteration 1024 unresolved = 8867476
==== chaising iteration 1024 unfinished = 4160784
TIMER	216.574	244.673	274.816	2	bucket-chaising iteration
==== chaising iteration 2048 unresolved = 4893467
==== chaising iteration 2048 unfinished = 2356338
TIMER	88.2394	94.6491	107.053	2	bucket-chaising iteration
==== chaising iteration 4096 unresolved = 2528555
==== chaising iteration 4096 unfinished = 1233904
TIMER	32.7967	37.8667	45.8094	2	bucket-chaising iteration
==== chaising iteration 8192 unresolved = 1205449
==== chaising iteration 8192 unfinished = 587007
TIMER	22.8366	26.8403	34.2931	2	bucket-chaising iteration
==== chaising iteration 16384 unresolved = 556533
==== chaising iteration 16384 unfinished = 267766
TIMER	10.7835	11.1253	12.4901	2	bucket-chaising iteration
==== chaising iteration 32768 unresolved = 207623
==== chaising iteration 32768 unfinished = 101503
TIMER	5.61695	5.87352	6.91928	2	bucket-chaising iteration
==== chaising iteration 65536 unresolved = 4192
==== chaising iteration 65536 unfinished = 2096
TIMER	1.83767	1.87992	2.34054	2	bucket-chaising iteration
==== chaising iteration 131072 unresolved = 0
==== chaising iteration 131072 unfinished = 0
TIMER	36056.2	36056.4	36056.8	1	construct-msgs
TIMER	18.1791	18.7666	19.7736	1	fix-isa
Detecting sigma=4 => l=3, k=1
TIMER	39.5231	50.9001	56.5052	1	initial-bucketing
TIMER	41.8563	44.1211	45.4106	2	shift-buckets
TIMER	130.018	133.231	135.846	3	isa2sa_tupleize
TIMER	2356.94	2414.44	2478.11	3	isa2sa_samplesort
TIMER	120.605	147.341	160.599	3	isa2sa_untupleize
TIMER	2776.82	2777.21	2777.31	2	ISA-to-SA
iteration 1: unfinished buckets = 16
TIMER	64.3943	64.8306	65.6372	2	rebucket
TIMER	161.261	274.994	313.901	3	sa2isa_bucketing
TIMER	936.076	944.162	955.958	3	sa2isa_all2all
TIMER	185.853	198.784	207.57	3	sa2isa_rearrange
TIMER	1479.8	1480.09	1480.35	2	SA-to-ISA
TIMER	0.000341	0.000566545	0.001843	2	sac-iteration
TIMER	41.8779	44.2772	45.5581	2	shift-buckets
TIMER	129.929	133.023	135.778	3	isa2sa_tupleize
TIMER	2473.24	2505.92	2570.84	3	isa2sa_samplesort
TIMER	119.805	147.508	157.394	3	isa2sa_untupleize
TIMER	2866.33	2866.72	2866.82	2	ISA-to-SA
iteration 2: unfinished buckets = 256
TIMER	63.9174	64.5374	65.6376	2	rebucket
TIMER	161.281	255.942	311.997	3	sa2isa_bucketing
TIMER	943.06	950.044	962.364	3	sa2isa_all2all
TIMER	200.534	206.249	211.729	3	sa2isa_rearrange
TIMER	1488.53	1488.81	1489.08	2	SA-to-ISA
TIMER	0.000331	0.000578354	0.001959	2	sac-iteration
TIMER	42.395	44.3892	45.9353	2	shift-buckets
TIMER	129.643	133.142	135.75	3	isa2sa_tupleize
TIMER	2604.55	2620.36	2656.63	3	isa2sa_samplesort
TIMER	120.602	147.966	158.159	3	isa2sa_untupleize
TIMER	2952.78	2953.18	2953.28	2	ISA-to-SA
iteration 4: unfinished buckets = 65536
TIMER	60.8213	61.4144	62.1869	2	rebucket
TIMER	268.916	281.15	305.518	3	sa2isa_bucketing
TIMER	937.194	945.032	956.158	3	sa2isa_all2all
TIMER	202.478	205.84	211.834	3	sa2isa_rearrange
TIMER	1477.98	1478.29	1478.63	2	SA-to-ISA
TIMER	0.000404	0.000670895	0.002524	2	sac-iteration
TIMER	42.1768	44.3109	46.8002	2	shift-buckets
TIMER	129.276	133.128	135.891	3	isa2sa_tupleize
TIMER	3017.8	3033.79	3069.39	3	isa2sa_samplesort
TIMER	120.011	147.567	159.875	3	isa2sa_untupleize
TIMER	3369.52	3369.9	3369.99	2	ISA-to-SA
iteration 8: unfinished buckets = 497590582
TIMER	69.2451	80.3679	83.1056	2	rebucket
TIMER	301.576	315.167	343.526	3	sa2isa_bucketing
TIMER	934.793	943.229	954.869	3	sa2isa_all2all
TIMER	200.312	205.87	213.077	3	sa2isa_rearrange
TIMER	1516	1516.29	1516.63	2	SA-to-ISA
TIMER	0.000399	0.000636695	0.001995	2	sac-iteration
TIMER	42.2437	44.3112	45.924	2	shift-buckets
TIMER	128.83	133.236	135.425	3	isa2sa_tupleize
TIMER	3174.83	3190.91	3229.77	3	isa2sa_samplesort
TIMER	120.839	148.058	157.542	3	isa2sa_untupleize
TIMER	3527.1	3527.49	3527.57	2	ISA-to-SA
iteration 16: unfinished buckets = 63243384
TIMER	56.0062	56.8988	58.9	2	rebucket
TIMER	313.676	319.643	340.917	3	sa2isa_bucketing
TIMER	934.339	941.926	953.414	3	sa2isa_all2all
TIMER	201.016	205.75	209.363	3	sa2isa_rearrange
TIMER	1508.19	1508.49	1508.83	2	SA-to-ISA
TIMER	0.000382	0.000627244	0.001996	2	sac-iteration
TIMER	42.0356	44.3882	45.6474	2	shift-buckets
TIMER	130.362	133.221	135.577	3	isa2sa_tupleize
TIMER	3065.11	3081.04	3120.74	3	isa2sa_samplesort
TIMER	121.481	147.783	157.131	3	isa2sa_untupleize
TIMER	3418.24	3418.63	3418.72	2	ISA-to-SA
iteration 32: unfinished buckets = 33034958
TIMER	46.0229	46.4426	47.056	2	rebucket
TIMER	314.039	321.003	344.027	3	sa2isa_bucketing
TIMER	935.625	943.599	955.268	3	sa2isa_all2all
TIMER	202.438	205.925	210.083	3	sa2isa_rearrange
TIMER	1513.94	1514.22	1514.53	2	SA-to-ISA
TIMER	0.000357	0.000628561	0.002167	2	sac-iteration
TIMER	42.089	44.2718	45.9442	2	shift-buckets
TIMER	129.993	133.223	135.731	3	isa2sa_tupleize
TIMER	3013.59	3029.68	3068.87	3	isa2sa_samplesort
TIMER	120.829	148.015	157.202	3	isa2sa_untupleize
TIMER	3366.16	3366.56	3366.65	2	ISA-to-SA
iteration 64: unfinished buckets = 17942148
TIMER	42.4408	43.1465	61.9683	2	rebucket
TIMER	314.169	320.968	380.723	3	sa2isa_bucketing
TIMER	933.044	940.613	951.768	3	sa2isa_all2all
TIMER	198.636	205.834	208.816	3	sa2isa_rearrange
TIMER	1545.82	1546.13	1546.46	2	SA-to-ISA
TIMER	0.000381	0.000633576	0.00211	2	sac-iteration
TIMER	42.0007	44.1786	45.4792	2	shift-buckets
TIMER	130.175	133.144	135.373	3	isa2sa_tupleize
TIMER	3015.95	3031.6	3070.76	3	isa2sa_samplesort
TIMER	121.136	147.762	156.477	3	isa2sa_untupleize
TIMER	3366.96	3367.36	3367.45	2	ISA-to-SA
iteration 128: unfinished buckets = 10976438
TIMER	56.125	56.3339	57.0949	2	rebucket
TIMER	314.815	321.102	342.424	3	sa2isa_bucketing
TIMER	936.998	945.306	956.973	3	sa2isa_all2all
TIMER	201.829	205.878	210.685	3	sa2isa_rearrange
TIMER	1514.59	1514.91	1515.23	2	SA-to-ISA
TIMER	0.000398	0.000651256	0.002873	2	sac-iteration
TIMER	42.1712	44.275	45.7506	2	shift-buckets
TIMER	129.88	133.141	135.123	3	isa2sa_tupleize
TIMER	3009.85	3025.36	3064.5	3	isa2sa_samplesort
TIMER	121.794	147.452	157.069	3	isa2sa_untupleize
TIMER	3361.19	3361.58	3362.75	2	ISA-to-SA
iteration 256: unfinished buckets = 6905719
TIMER	40.7481	40.9511	41.6059	2	rebucket
TIMER	314.095	321.039	340.906	3	sa2isa_bucketing
TIMER	932.34	939.792	950.86	3	sa2isa_all2all
TIMER	201.367	205.793	208.949	3	sa2isa_rearrange
TIMER	1505.22	1505.53	1505.87	2	SA-to-ISA
TIMER	0.00039	0.000627604	0.002494	2	sac-iteration
TIMER	42.1093	44.3489	45.6733	2	shift-buckets
TIMER	129.752	133.273	136.168	3	isa2sa_tupleize
TIMER	3000.77	3016.95	3055.91	3	isa2sa_samplesort
TIMER	121.084	147.722	156.801	3	isa2sa_untupleize
TIMER	3353.31	3353.7	3353.81	2	ISA-to-SA
iteration 512: unfinished buckets = 4160784
TIMER	40.2073	40.4004	40.8845	2	rebucket
TIMER	314.107	321.118	362.841	3	sa2isa_bucketing
TIMER	934.641	942.089	953.375	3	sa2isa_all2all
TIMER	200.123	205.805	209.871	3	sa2isa_rearrange
TIMER	1530.63	1530.91	1531.25	2	SA-to-ISA
TIMER	0.000376	0.000627182	0.002361	2	sac-iteration
TIMER	42.1004	44.4124	46.1006	2	shift-buckets
TIMER	129.027	133.141	135.604	3	isa2sa_tupleize
TIMER	3001.14	3016.94	3055.75	3	isa2sa_samplesort
TIMER	120.226	148.063	155.847	3	isa2sa_untupleize
TIMER	3351.59	3351.99	3352.07	2	ISA-to-SA
iteration 1024: unfinished buckets = 2356338
TIMER	39.4246	39.6369	40.1342	2	rebucket
TIMER	314.096	321.145	342.405	3	sa2isa_bucketing
TIMER	950.816	958.165	968.773	3	sa2isa_all2all
TIMER	199.468	205.523	219.643	3	sa2isa_rearrange
TIMER	1535.71	1536.01	1537.15	2	SA-to-ISA
TIMER	0.000398	0.000648736	0.002623	2	sac-iteration
TIMER	24.8446	39.8946	60.0185	2	shift-buckets
TIMER	129.419	133.008	139.529	3	isa2sa_tupleize
TIMER	3066.61	3081.54	3121.26	3	isa2sa_samplesort
TIMER	120.252	147.633	156.181	3	isa2sa_untupleize
TIMER	3430.51	3431.5	3431.6	2	ISA-to-SA
iteration 2048: unfinished buckets = 1233904
TIMER	39.4954	39.6808	40.8366	2	rebucket
TIMER	314.217	321.001	358.142	3	sa2isa_bucketing
TIMER	933.192	941.044	952.372	3	sa2isa_all2all
TIMER	199.916	205.875	210.022	3	sa2isa_rearrange
TIMER	1525.05	1525.36	1525.67	2	SA-to-ISA
TIMER	0.000401	0.000636631	0.002054	2	sac-iteration
TIMER	27.2559	40.055	56.4314	2	shift-buckets
TIMER	129.657	133.209	135.313	3	isa2sa_tupleize
TIMER	3006.12	3021.75	3061.1	3	isa2sa_samplesort
TIMER	120.522	147.764	156.609	3	isa2sa_untupleize
TIMER	3357.36	3357.76	3357.86	2	ISA-to-SA
iteration 4096: unfinished buckets = 587007
TIMER	39.3184	39.6213	40.6062	2	rebucket
TIMER	314.129	321.027	356.129	3	sa2isa_bucketing
TIMER	936.786	944.576	956.238	3	sa2isa_all2all
TIMER	201.445	205.748	208.297	3	sa2isa_rearrange
TIMER	1525.15	1525.47	1525.8	2	SA-to-ISA
TIMER	0.00038	0.00064384	0.001936	2	sac-iteration
TIMER	26.8192	40.2925	57.2471	2	shift-buckets
TIMER	129.931	133.183	135.926	3	isa2sa_tupleize
TIMER	3007.43	3023.56	3062.54	3	isa2sa_samplesort
TIMER	122.176	147.833	157.035	3	isa2sa_untupleize
TIMER	3359.85	3360.24	3360.33	2	ISA-to-SA
iteration 8192: unfinished buckets = 267766
TIMER	38.38	38.63	39.1807	2	rebucket
TIMER	314.111	321.099	354.965	3	sa2isa_bucketing
TIMER	936.555	944.399	955.66	3	sa2isa_all2all
TIMER	200.52	205.795	210.863	3	sa2isa_rearrange
TIMER	1526.02	1526.33	1526.68	2	SA-to-ISA
TIMER	0.00038	0.000642773	0.00226	2	sac-iteration
TIMER	27.5826	40.6191	55.9024	2	shift-buckets
TIMER	130.107	133.228	136.121	3	isa2sa_tupleize
TIMER	3003.81	3019.06	3057.55	3	isa2sa_samplesort
TIMER	120.481	147.906	157.084	3	isa2sa_untupleize
TIMER	3355.13	3355.52	3355.61	2	ISA-to-SA
iteration 16384: unfinished buckets = 101503
TIMER	38.1835	38.3791	38.9338	2	rebucket
TIMER	314.092	321.042	354.663	3	sa2isa_bucketing
TIMER	936.593	944.097	955.532	3	sa2isa_all2all
TIMER	199.605	205.73	209.139	3	sa2isa_rearrange
TIMER	1523.86	1524.15	1524.46	2	SA-to-ISA
TIMER	0.000379	0.000629459	0.002522	2	sac-iteration
TIMER	27.5343	41.4408	58.4339	2	shift-buckets
TIMER	129.679	133.214	135.434	3	isa2sa_tupleize
TIMER	3014.44	3029.8	3073.68	3	isa2sa_samplesort
