Detecting sigma=4 => l=3, k=1
TIMER	25.0995	26.1198	28.5165	1	initial-bucketing
TIMER	20.9284	22.3775	23.3976	2	shift-buckets
TIMER	64.7328	67.0512	68.9012	3	isa2sa_tupleize
TIMER	1368.37	1401.36	1446.11	3	isa2sa_samplesort
TIMER	71.7441	75.1497	79.5509	3	isa2sa_untupleize
TIMER	1596.74	1597.11	1597.21	2	ISA-to-SA
iteration 1: unfinished buckets = 16
TIMER	31.6873	32.0619	32.6634	2	rebucket
TIMER	79.8138	140.069	147.187	3	sa2isa_bucketing
TIMER	766.671	771.227	773.862	3	sa2isa_all2all
TIMER	90.715	98.2133	102.909	3	sa2isa_rearrange
TIMER	1064.02	1064.93	1065.4	2	SA-to-ISA
Starting Bucket chasing algorithm
TIMER	32.5312	40.7954	42.227	2	get active elements
==== chaising iteration 2 unresolved = 2864785219
==== chaising iteration 2 unfinished = 16
TIMER	5746.56	5753.9	5759.85	2	bucket-chaising iteration
==== chaising iteration 4 unresolved = 2864785217
==== chaising iteration 4 unfinished = 256
TIMER	4747.22	4757.23	4763.35	2	bucket-chaising iteration
==== chaising iteration 8 unresolved = 2864785213
==== chaising iteration 8 unfinished = 65536
TIMER	4017.97	4026.87	4037.35	2	bucket-chaising iteration
==== chaising iteration 16 unresolved = 2231009467
==== chaising iteration 16 unfinished = 497590582
TIMER	2937.08	2951.88	2966.22	2	bucket-chaising iteration
==== chaising iteration 32 unresolved = 375212160
==== chaising iteration 32 unfinished = 63243384
TIMER	1061.6	1067.38	1101.71	2	bucket-chaising iteration
==== chaising iteration 64 unresolved = 123963655
==== chaising iteration 64 unfinished = 33034958
TIMER	471.782	474.714	503.78	2	bucket-chaising iteration
==== chaising iteration 128 unresolved = 51666977
==== chaising iteration 128 unfinished = 17942148
TIMER	301.616	303.832	325.267	2	bucket-chaising iteration
==== chaising iteration 256 unresolved = 26532356
==== chaising iteration 256 unfinished = 10976438
TIMER	215.552	220.175	237.706	2	bucket-chaising iteration
==== chaising iteration 512 unresolved = 15398534
==== chaising iteration 512 unfinished = 6905719
TIMER	129.248	154.016	171.39	2	bucket-chaising iteration
==== chaising iteration 1024 unresolved = 8867476
==== chaising iteration 1024 unfinished = 4160784
TIMER	92.611	109	127.861	2	bucket-chaising iteration
==== chaising iteration 2048 unresolved = 4893467
==== chaising iteration 2048 unfinished = 2356338
TIMER	60.215	68.3223	81.2063	2	bucket-chaising iteration
==== chaising iteration 4096 unresolved = 2528555
==== chaising iteration 4096 unfinished = 1233904
TIMER	30.441	38.1296	57.0895	2	bucket-chaising iteration
==== chaising iteration 8192 unresolved = 1205449
==== chaising iteration 8192 unfinished = 587007
TIMER	23.2624	26.4704	36.4002	2	bucket-chaising iteration
==== chaising iteration 16384 unresolved = 556533
==== chaising iteration 16384 unfinished = 267766
TIMER	11.0381	11.4064	14.6919	2	bucket-chaising iteration
==== chaising iteration 32768 unresolved = 207623
==== chaising iteration 32768 unfinished = 101503
TIMER	7.62742	8.02523	10.4057	2	bucket-chaising iteration
==== chaising iteration 65536 unresolved = 4192
==== chaising iteration 65536 unfinished = 2096
TIMER	3.49002	3.89855	5.06184	2	bucket-chaising iteration
==== chaising iteration 131072 unresolved = 0
==== chaising iteration 131072 unfinished = 0
TIMER	22984.4	22984.9	22985.6	1	construct-msgs
TIMER	8.88473	9.25146	9.92563	1	fix-isa
Detecting sigma=4 => l=3, k=1
TIMER	20.0702	20.3502	22.3659	1	initial-bucketing
TIMER	19.5448	22.9751	26.8876	2	shift-buckets
TIMER	63.6563	65.8758	67.5931	3	isa2sa_tupleize
TIMER	1374.36	1407.91	1453.9	3	isa2sa_samplesort
TIMER	55.5727	57.5397	58.7815	3	isa2sa_untupleize
TIMER	1582.5	1582.67	1582.9	2	ISA-to-SA
iteration 1: unfinished buckets = 16
TIMER	31.3681	32.096	32.7397	2	rebucket
TIMER	79.6342	133.97	146.869	3	sa2isa_bucketing
TIMER	752.857	759.753	762.947	3	sa2isa_all2all
TIMER	90.7124	98.2062	103.015	3	sa2isa_rearrange
TIMER	1014.73	1014.74	1014.81	2	SA-to-ISA
TIMER	0.000336	0.000558801	0.009541	2	sac-iteration
TIMER	23.0897	23.654	24.5617	2	shift-buckets
TIMER	63.2756	65.9654	68.0559	3	isa2sa_tupleize
TIMER	1427.3	1446.71	1487.67	3	isa2sa_samplesort
TIMER	53.0788	57.3448	65.4359	3	isa2sa_untupleize
TIMER	1623.41	1623.57	1623.78	2	ISA-to-SA
iteration 2: unfinished buckets = 256
TIMER	31.3755	32.0597	32.6762	2	rebucket
TIMER	79.8897	130.554	150.616	3	sa2isa_bucketing
TIMER	729.128	731.196	734.633	3	sa2isa_all2all
TIMER	94.2931	99.7486	103.466	3	sa2isa_rearrange
TIMER	990.572	990.577	990.655	2	SA-to-ISA
TIMER	0.000306	0.000549893	0.015584	2	sac-iteration
TIMER	23.1437	23.6921	24.8192	2	shift-buckets
TIMER	63.5792	65.9948	67.8138	3	isa2sa_tupleize
TIMER	1630.98	1639.42	1657.88	3	isa2sa_samplesort
TIMER	53.09	57.3985	65.7628	3	isa2sa_untupleize
TIMER	1793.69	1793.85	1794.07	2	ISA-to-SA
iteration 4: unfinished buckets = 65536
TIMER	30.9589	31.3398	32.1118	2	rebucket
TIMER	80.0392	139.234	149.144	3	sa2isa_bucketing
TIMER	749.09	750.851	753	3	sa2isa_all2all
TIMER	93.7976	99.2484	102.995	3	sa2isa_rearrange
TIMER	1007.04	1007.04	1007.1	2	SA-to-ISA
TIMER	0.000319	0.000536201	0.002488	2	sac-iteration
TIMER	23.141	23.6975	24.7604	2	shift-buckets
TIMER	63.4268	65.9898	67.7121	3	isa2sa_tupleize
TIMER	1784.3	1791.91	1808.48	3	isa2sa_samplesort
TIMER	53.2895	57.3572	65.7845	3	isa2sa_untupleize
TIMER	1944.25	1944.41	1944.62	2	ISA-to-SA
iteration 8: unfinished buckets = 497590582
TIMER	35.7265	41.239	43.1398	2	rebucket
TIMER	143.523	148.267	157.479	3	sa2isa_bucketing
TIMER	746.212	750.235	753.415	3	sa2isa_all2all
TIMER	93.4825	99.2411	102.977	3	sa2isa_rearrange
TIMER	1015.77	1015.77	1015.8	2	SA-to-ISA
TIMER	0.00032	0.000521421	0.002433	2	sac-iteration
TIMER	23.1251	23.7157	25.0465	2	shift-buckets
TIMER	63.2563	66.0004	67.7892	3	isa2sa_tupleize
TIMER	1868.89	1876.27	1893.9	3	isa2sa_samplesort
TIMER	53.1595	57.3592	65.7254	3	isa2sa_untupleize
TIMER	2029.65	2029.81	2030.04	2	ISA-to-SA
iteration 16: unfinished buckets = 63243384
TIMER	28.5838	29.103	30.3843	2	rebucket
TIMER	145.272	149.007	157.031	3	sa2isa_bucketing
TIMER	751.083	753.813	756.462	3	sa2isa_all2all
TIMER	94.1561	99.2639	103.275	3	sa2isa_rearrange
TIMER	1036.84	1036.85	1036.94	2	SA-to-ISA
TIMER	0.000317	0.000523252	0.001484	2	sac-iteration
TIMER	23.2032	23.7361	24.7377	2	shift-buckets
TIMER	63.1066	65.9843	76.5073	3	isa2sa_tupleize
TIMER	1864.12	1871.75	1889.49	3	isa2sa_samplesort
TIMER	53.2362	57.3496	65.6004	3	isa2sa_untupleize
TIMER	2033.84	2033.99	2034.21	2	ISA-to-SA
iteration 32: unfinished buckets = 33034958
TIMER	24.557	24.7485	25.319	2	rebucket
TIMER	145.286	149.383	171.994	3	sa2isa_bucketing
TIMER	760.569	763.984	765.781	3	sa2isa_all2all
TIMER	93.9076	99.2664	104.135	3	sa2isa_rearrange
TIMER	1046.03	1046.04	1046.1	2	SA-to-ISA
TIMER	0.000327	0.000532029	0.00358	2	sac-iteration
TIMER	22.986	23.7687	25.0009	2	shift-buckets
TIMER	63.384	65.9515	68.5778	3	isa2sa_tupleize
TIMER	1839.36	1847.26	1864.73	3	isa2sa_samplesort
TIMER	52.4898	57.361	65.7606	3	isa2sa_untupleize
TIMER	2002.69	2002.88	2003.86	2	ISA-to-SA
iteration 64: unfinished buckets = 17942148
TIMER	21.7128	22.1423	22.376	2	rebucket
TIMER	145.28	149.274	157.092	3	sa2isa_bucketing
TIMER	748.846	753.57	757.052	3	sa2isa_all2all
TIMER	93.9203	99.2465	106.443	3	sa2isa_rearrange
TIMER	1022.48	1022.48	1022.54	2	SA-to-ISA
TIMER	0.000329	0.000526087	0.0015	2	sac-iteration
TIMER	23.151	23.7165	24.8622	2	shift-buckets
TIMER	63.4407	66.0614	68.6252	3	isa2sa_tupleize
TIMER	1833.18	1840.59	1866.98	3	isa2sa_samplesort
TIMER	52.2447	57.3658	65.7326	3	isa2sa_untupleize
TIMER	2003.55	2003.71	2003.94	2	ISA-to-SA
iteration 128: unfinished buckets = 10976438
TIMER	20.9835	21.4457	21.6239	2	rebucket
TIMER	145.196	149.296	157.119	3	sa2isa_bucketing
TIMER	746.726	750.524	753.465	3	sa2isa_all2all
TIMER	93.6726	99.2316	102.788	3	sa2isa_rearrange
TIMER	1015.14	1015.23	1015.3	2	SA-to-ISA
TIMER	0.000323	0.000539168	0.002706	2	sac-iteration
TIMER	22.9962	23.6332	24.6566	2	shift-buckets
TIMER	63.284	66.0112	68.0957	3	isa2sa_tupleize
TIMER	1835.87	1843.35	1861	3	isa2sa_samplesort
TIMER	52.3913	57.3571	65.8972	3	isa2sa_untupleize
TIMER	1997.23	1997.37	1997.6	2	ISA-to-SA
iteration 256: unfinished buckets = 6905719
TIMER	20.5054	20.9957	21.2353	2	rebucket
TIMER	145.292	149.291	157.092	3	sa2isa_bucketing
TIMER	768.117	772.159	775.466	3	sa2isa_all2all
TIMER	93.8197	99.2527	102.927	3	sa2isa_rearrange
TIMER	1037.39	1037.41	1037.46	2	SA-to-ISA
TIMER	0.000318	0.000530648	0.002033	2	sac-iteration
TIMER	23.1271	23.66	24.5306	2	shift-buckets
TIMER	63.4396	65.9662	68.456	3	isa2sa_tupleize
TIMER	1826.42	1834.07	1851.71	3	isa2sa_samplesort
TIMER	52.3248	57.3529	65.7447	3	isa2sa_untupleize
TIMER	1988.11	1988.26	1988.49	2	ISA-to-SA
iteration 512: unfinished buckets = 4160784
TIMER	20.2583	20.7196	20.954	2	rebucket
TIMER	145.256	149.295	157.09	3	sa2isa_bucketing
TIMER	765.328	771.334	776.571	3	sa2isa_all2all
TIMER	93.8244	99.2423	102.82	3	sa2isa_rearrange
TIMER	1038.43	1038.43	1038.48	2	SA-to-ISA
TIMER	0.000321	0.000539462	0.001948	2	sac-iteration
TIMER	23.142	23.695	24.9251	2	shift-buckets
TIMER	63.2143	65.9691	68.3494	3	isa2sa_tupleize
TIMER	1837.33	1844.69	1862.59	3	isa2sa_samplesort
TIMER	52.5074	57.3522	65.7913	3	isa2sa_untupleize
TIMER	1998.89	1999.05	1999.27	2	ISA-to-SA
iteration 1024: unfinished buckets = 2356338
TIMER	19.8013	20.2633	20.4845	2	rebucket
TIMER	145.242	149.286	157.148	3	sa2isa_bucketing
TIMER	758.385	760.959	762.937	3	sa2isa_all2all
TIMER	93.9225	99.2669	103.067	3	sa2isa_rearrange
TIMER	1025.09	1025.1	1025.16	2	SA-to-ISA
TIMER	0.000319	0.000527179	0.002524	2	sac-iteration
TIMER	14.2063	21.1296	31.7804	2	shift-buckets
TIMER	63.3282	65.9903	67.8683	3	isa2sa_tupleize
TIMER	1832.16	1839.72	1857.53	3	isa2sa_samplesort
TIMER	52.1461	57.3419	65.8386	3	isa2sa_untupleize
TIMER	1993.58	1993.74	1993.97	2	ISA-to-SA
iteration 2048: unfinished buckets = 1233904
TIMER	19.5664	20.0689	20.2763	2	rebucket
TIMER	145.22	149.3	157.126	3	sa2isa_bucketing
TIMER	743.678	746.706	749.861	3	sa2isa_all2all
TIMER	93.6744	99.2525	103.226	3	sa2isa_rearrange
TIMER	1012.05	1012.06	1012.09	2	SA-to-ISA
TIMER	0.000321	0.000528234	0.00233	2	sac-iteration
TIMER	14.1593	21.5512	31.9638	2	shift-buckets
TIMER	63.577	65.9607	68.0056	3	isa2sa_tupleize
TIMER	1836.81	1844.57	1862.22	3	isa2sa_samplesort
TIMER	52.5699	57.3493	65.6564	3	isa2sa_untupleize
TIMER	1998.08	1998.24	1998.45	2	ISA-to-SA
iteration 4096: unfinished buckets = 587007
TIMER	19.401	19.8441	20.0473	2	rebucket
TIMER	145.282	149.302	157.132	3	sa2isa_bucketing
TIMER	757.745	759.94	761.67	3	sa2isa_all2all
TIMER	93.7285	99.2243	103.335	3	sa2isa_rearrange
TIMER	1024.07	1024.08	1024.15	2	SA-to-ISA
TIMER	0.000297	0.000525946	0.001627	2	sac-iteration
TIMER	14.1017	22.0996	31.8991	2	shift-buckets
TIMER	63.3494	66.0584	68.1565	3	isa2sa_tupleize
TIMER	1832.57	1840.21	1857.93	3	isa2sa_samplesort
TIMER	51.9571	57.3582	65.7427	3	isa2sa_untupleize
TIMER	1994.09	1994.23	1994.45	2	ISA-to-SA
iteration 8192: unfinished buckets = 267766
TIMER	19.2293	19.5868	19.8117	2	rebucket
TIMER	145.23	149.318	157.147	3	sa2isa_bucketing
TIMER	774.021	775.86	777.768	3	sa2isa_all2all
TIMER	93.9867	99.2499	102.903	3	sa2isa_rearrange
TIMER	1040.18	1040.19	1040.26	2	SA-to-ISA
TIMER	0.000317	0.000524644	0.001426	2	sac-iteration
TIMER	15.025	21.776	31.9461	2	shift-buckets
TIMER	60.011	66.0539	81.3576	3	isa2sa_tupleize
TIMER	1879.24	1886.74	1904.41	3	isa2sa_samplesort
TIMER	52.0764	57.2978	65.6633	3	isa2sa_untupleize
TIMER	2055.03	2055.52	2057.19	2	ISA-to-SA
iteration 16384: unfinished buckets = 101503
TIMER	22.9723	23.4507	24.9885	2	rebucket
TIMER	145.262	149.514	171.371	3	sa2isa_bucketing
TIMER	754.867	758.127	760.791	3	sa2isa_all2all
TIMER	93.5059	99.2612	102.918	3	sa2isa_rearrange
TIMER	1036.89	1037.06	1037.5	2	SA-to-ISA
TIMER	0.000333	0.00054531	0.002374	2	sac-iteration
TIMER	14.2891	21.8952	31.9393	2	shift-buckets
TIMER	63.5185	66.0389	67.8206	3	isa2sa_tupleize
TIMER	1840.65	1848.34	1865.96	3	isa2sa_samplesort
TIMER	52.5595	57.3501	65.8146	3	isa2sa_untupleize
TIMER	2001.82	2001.97	2002.19	2	ISA-to-SA
iteration 32768: unfinished buckets = 2096
TIMER	19.2708	19.7406	19.9892	2	rebucket
TIMER	145.276	149.341	157.084	3	sa2isa_bucketing
TIMER	764.999	768.781	772.097	3	sa2isa_all2all
TIMER	94.1019	99.2101	103.119	3	sa2isa_rearrange
TIMER	1034.19	1034.2	1034.27	2	SA-to-ISA
TIMER	0.000332	0.000529189	0.001965	2	sac-iteration
TIMER	15.0854	21.7881	30.1797	2	shift-buckets
TIMER	63.2934	66.0417	68.2029	3	isa2sa_tupleize
TIMER	1835.07	1842.53	1860.37	3	isa2sa_samplesort
TIMER	52.1453	57.3455	65.697	3	isa2sa_untupleize
TIMER	1996.6	1996.75	1996.96	2	ISA-to-SA
iteration 65536: unfinished buckets = 0
TIMER	18.9512	19.4281	19.6526	2	rebucket
TIMER	145.548	152.959	171.168	3	sa2isa_bucketing
TIMER	767.647	770.577	772.354	3	sa2isa_all2all
TIMER	94.115	99.2528	103.301	3	sa2isa_rearrange
TIMER	1066.43	1066.43	1066.47	2	SA-to-ISA
TIMER	0.001299	1.30763	1.97025	2	sac-iteration
TIMER	51482.1	51482.2	51482.8	1	construct-msgs
TIMER	8.86893	9.4609	10.4732	1	fix-isa
