Detecting sigma=4 => l=3, k=1
TIMER	49.8553	51.9767	55.698	1	initial-bucketing
TIMER	41.7715	44.2016	45.688	2	shift-buckets
TIMER	129.86	133.13	135.733	3	isa2sa_tupleize
TIMER	2350.52	2407.14	2480.75	3	isa2sa_samplesort
TIMER	145.367	151.258	157.526	3	isa2sa_untupleize
TIMER	2776.22	2776.58	2776.68	2	ISA-to-SA
iteration 1: unfinished buckets = 16
TIMER	63.7485	64.1783	64.9128	2	rebucket
TIMER	161.395	273.508	342.329	3	sa2isa_bucketing
TIMER	932.345	939.981	952.148	3	sa2isa_all2all
TIMER	185.012	198.942	205.558	3	sa2isa_rearrange
TIMER	1579.32	1579.73	1580.11	2	SA-to-ISA
Starting Bucket chasing algorithm
TIMER	89.5675	94.341	96.6893	2	get active elements
==== chaising iteration 2 unresolved = 2864785219
==== chaising iteration 2 unfinished = 16
TIMER	9682.79	9699.48	9721.5	2	bucket-chaising iteration
==== chaising iteration 4 unresolved = 2864785217
==== chaising iteration 4 unfinished = 256
TIMER	7749.97	7768.64	7791.63	2	bucket-chaising iteration
==== chaising iteration 8 unresolved = 2864785213
==== chaising iteration 8 unfinished = 65536
TIMER	5576.22	5591.77	5613.52	2	bucket-chaising iteration
==== chaising iteration 16 unresolved = 2231009467
==== chaising iteration 16 unfinished = 497590582
TIMER	4361.63	4380.68	4399.2	2	bucket-chaising iteration
==== chaising iteration 32 unresolved = 375212160
==== chaising iteration 32 unfinished = 63243384
TIMER	1455.3	1464.23	1523.2	2	bucket-chaising iteration
==== chaising iteration 64 unresolved = 123963655
==== chaising iteration 64 unfinished = 33034958
TIMER	587.583	591.625	643.689	2	bucket-chaising iteration
==== chaising iteration 128 unresolved = 51666977
==== chaising iteration 128 unfinished = 17942148
TIMER	576.455	578.629	617.532	2	bucket-chaising iteration
==== chaising iteration 256 unresolved = 26532356
==== chaising iteration 256 unfinished = 10976438
TIMER	382.21	383.933	409.548	2	bucket-chaising iteration
==== chaising iteration 512 unresolved = 15398534
==== chaising iteration 512 unfinished = 6905719
TIMER	266.06	405.184	431.645	2	bucket-chaising iteration
==== chaising iteration 1024 unresolved = 8867476
==== chaising iteration 1024 unfinished = 4160784
TIMER	150.447	258.267	325.353	2	bucket-chaising iteration
==== chaising iteration 2048 unresolved = 4893467
==== chaising iteration 2048 unfinished = 2356338
TIMER	86.3681	93.5721	105.748	2	bucket-chaising iteration
==== chaising iteration 4096 unresolved = 2528555
==== chaising iteration 4096 unfinished = 1233904
TIMER	36.0946	43.0357	50.8072	2	bucket-chaising iteration
==== chaising iteration 8192 unresolved = 1205449
==== chaising iteration 8192 unfinished = 587007
TIMER	23.3817	24.2433	26.9996	2	bucket-chaising iteration
==== chaising iteration 16384 unresolved = 556533
==== chaising iteration 16384 unfinished = 267766
TIMER	17.6094	18.3084	20.1773	2	bucket-chaising iteration
==== chaising iteration 32768 unresolved = 207623
==== chaising iteration 32768 unfinished = 101503
TIMER	5.97225	6.19446	7.11587	2	bucket-chaising iteration
==== chaising iteration 65536 unresolved = 4192
==== chaising iteration 65536 unfinished = 2096
TIMER	2.23617	2.25828	2.75617	2	bucket-chaising iteration
==== chaising iteration 131072 unresolved = 0
==== chaising iteration 131072 unfinished = 0
TIMER	36302.3	36302.5	36303.2	1	construct-msgs
TIMER	18.1627	18.6794	19.4429	1	fix-isa
Detecting sigma=4 => l=3, k=1
TIMER	39.4405	50.5437	55.9593	1	initial-bucketing
TIMER	42.1528	44.1905	45.7559	2	shift-buckets
TIMER	129.757	133.126	135.469	3	isa2sa_tupleize
TIMER	2351.12	2411.12	2477.14	3	isa2sa_samplesort
TIMER	120.61	147.486	158.136	3	isa2sa_untupleize
TIMER	2774.86	2775.22	2775.32	2	ISA-to-SA
iteration 1: unfinished buckets = 16
TIMER	64.3943	64.8628	65.7588	2	rebucket
TIMER	161.409	275.529	354.141	3	sa2isa_bucketing
TIMER	930.901	938.692	950.545	3	sa2isa_all2all
TIMER	185.57	198.851	206.854	3	sa2isa_rearrange
TIMER	1515.77	1516.13	1516.34	2	SA-to-ISA
TIMER	0.000391	0.000628574	0.002061	2	sac-iteration
TIMER	42.1642	44.2487	45.6397	2	shift-buckets
TIMER	129.669	133.116	135.78	3	isa2sa_tupleize
TIMER	2469.7	2504.03	2566.71	3	isa2sa_samplesort
TIMER	120.228	146.852	164.409	3	isa2sa_untupleize
TIMER	2871.66	2872.02	2872.99	2	ISA-to-SA
iteration 2: unfinished buckets = 256
TIMER	68.965	69.719	72.5288	2	rebucket
TIMER	163.73	256.449	320.363	3	sa2isa_bucketing
TIMER	946.964	953.828	966.172	3	sa2isa_all2all
TIMER	201.634	206.234	213.217	3	sa2isa_rearrange
TIMER	1504.79	1505.77	1505.99	2	SA-to-ISA
TIMER	0.000376	0.000678615	0.002363	2	sac-iteration
TIMER	42.1577	44.2812	45.7188	2	shift-buckets
TIMER	129.98	133.121	136.09	3	isa2sa_tupleize
TIMER	2594.42	2608.9	2636.99	3	isa2sa_samplesort
TIMER	121.404	147.69	156.667	3	isa2sa_untupleize
TIMER	2933.86	2934.22	2934.33	2	ISA-to-SA
iteration 4: unfinished buckets = 65536
TIMER	60.5799	61.1607	61.8308	2	rebucket
TIMER	268.352	281.123	323.734	3	sa2isa_bucketing
TIMER	937.736	945.11	956.71	3	sa2isa_all2all
TIMER	201.753	205.865	209.648	3	sa2isa_rearrange
TIMER	1494.33	1494.71	1494.94	2	SA-to-ISA
TIMER	0.000386	0.000658889	0.002628	2	sac-iteration
TIMER	42.0251	44.3746	46.0143	2	shift-buckets
TIMER	129.786	133.084	135.412	3	isa2sa_tupleize
TIMER	3013.21	3027.43	3058.43	3	isa2sa_samplesort
TIMER	121.822	147.723	156.585	3	isa2sa_untupleize
TIMER	3354.53	3354.91	3355	2	ISA-to-SA
iteration 8: unfinished buckets = 497590582
TIMER	69.4321	80.428	83.2567	2	rebucket
TIMER	300.363	315.558	350.303	3	sa2isa_bucketing
TIMER	933.92	941.463	952.221	3	sa2isa_all2all
TIMER	200.478	205.822	211.079	3	sa2isa_rearrange
TIMER	1517.81	1518.18	1518.43	2	SA-to-ISA
TIMER	0.000373	0.000617484	0.002072	2	sac-iteration
TIMER	42.2951	44.3239	45.6491	2	shift-buckets
TIMER	129.663	133.152	135.492	3	isa2sa_tupleize
TIMER	3190.44	3205.63	3237.46	3	isa2sa_samplesort
TIMER	122.083	147.763	160.426	3	isa2sa_untupleize
TIMER	3537.52	3537.88	3537.97	2	ISA-to-SA
iteration 16: unfinished buckets = 63243384
TIMER	59.087	62.0291	64.198	2	rebucket
TIMER	313.916	319.879	343.262	3	sa2isa_bucketing
TIMER	936.475	944.808	956.512	3	sa2isa_all2all
TIMER	200.987	205.931	211.301	3	sa2isa_rearrange
TIMER	1515.29	1515.64	1515.87	2	SA-to-ISA
TIMER	0.000384	0.000630598	0.002001	2	sac-iteration
TIMER	42.3243	44.3635	46.0369	2	shift-buckets
TIMER	129.587	133.17	134.988	3	isa2sa_tupleize
TIMER	3065.85	3082.34	3112.25	3	isa2sa_samplesort
TIMER	120.798	147.335	155.98	3	isa2sa_untupleize
TIMER	3407.31	3407.68	3407.77	2	ISA-to-SA
iteration 32: unfinished buckets = 33034958
TIMER	46.0557	46.4676	47.5801	2	rebucket
TIMER	314.331	320.832	345.799	3	sa2isa_bucketing
TIMER	933.746	941.915	953.823	3	sa2isa_all2all
TIMER	202.056	205.819	210.028	3	sa2isa_rearrange
TIMER	1513.88	1514.24	1514.45	2	SA-to-ISA
TIMER	0.000363	0.000607248	0.002855	2	sac-iteration
TIMER	42.2155	44.1772	45.5805	2	shift-buckets
TIMER	129.907	133.098	135.319	3	isa2sa_tupleize
TIMER	3032.35	3048.38	3079.03	3	isa2sa_samplesort
TIMER	122.519	147.57	157.248	3	isa2sa_untupleize
TIMER	3376.01	3376.42	3377.49	2	ISA-to-SA
iteration 64: unfinished buckets = 17942148
TIMER	42.7907	42.9983	43.5618	2	rebucket
TIMER	315.566	320.851	339.449	3	sa2isa_bucketing
TIMER	935.379	943.229	954.93	3	sa2isa_all2all
TIMER	197.465	205.839	210.824	3	sa2isa_rearrange
TIMER	1509.44	1509.77	1510	2	SA-to-ISA
TIMER	0.00037	0.000610232	0.001947	2	sac-iteration
TIMER	41.9642	44.1113	45.7522	2	shift-buckets
TIMER	129.689	132.995	135.02	3	isa2sa_tupleize
TIMER	3013.01	3028.83	3059.24	3	isa2sa_samplesort
TIMER	122.526	147.77	155.712	3	isa2sa_untupleize
TIMER	3354.15	3354.51	3354.61	2	ISA-to-SA
iteration 128: unfinished buckets = 10976438
TIMER	56.858	57.0524	57.7568	2	rebucket
TIMER	315.09	321.083	356.186	3	sa2isa_bucketing
TIMER	936.773	945.157	956.846	3	sa2isa_all2all
TIMER	199.831	205.828	210.605	3	sa2isa_rearrange
TIMER	1527.88	1528.23	1528.46	2	SA-to-ISA
TIMER	0.00038	0.00061926	0.002237	2	sac-iteration
TIMER	42.201	44.1639	45.6277	2	shift-buckets
TIMER	129.095	133.104	135.752	3	isa2sa_tupleize
TIMER	3008.82	3023.79	3054	3	isa2sa_samplesort
TIMER	122.933	147.464	155.833	3	isa2sa_untupleize
TIMER	3349.67	3350.04	3350.12	2	ISA-to-SA
iteration 256: unfinished buckets = 6905719
TIMER	40.4775	40.6622	41.4709	2	rebucket
TIMER	315.399	321.056	352.49	3	sa2isa_bucketing
TIMER	939.717	947.538	959.485	3	sa2isa_all2all
TIMER	202.282	205.99	212.628	3	sa2isa_rearrange
TIMER	1529.07	1530.3	1530.54	2	SA-to-ISA
TIMER	0.000377	0.000629295	0.002173	2	sac-iteration
TIMER	42.6591	44.3973	45.8413	2	shift-buckets
TIMER	130.158	133.035	135.187	3	isa2sa_tupleize
TIMER	3103.26	3119.11	3151.1	3	isa2sa_samplesort
TIMER	120.766	147.417	156.865	3	isa2sa_untupleize
TIMER	3447.28	3447.64	3447.74	2	ISA-to-SA
iteration 512: unfinished buckets = 4160784
TIMER	39.5911	39.7881	40.6149	2	rebucket
TIMER	315.102	321.075	359.068	3	sa2isa_bucketing
TIMER	933.465	940.557	951.781	3	sa2isa_all2all
TIMER	200.448	205.781	210.44	3	sa2isa_rearrange
TIMER	1525.5	1525.86	1526.11	2	SA-to-ISA
TIMER	0.000384	0.000644766	0.008145	2	sac-iteration
TIMER	42.2979	44.3873	45.9564	2	shift-buckets
TIMER	129.826	133.125	135.362	3	isa2sa_tupleize
TIMER	3016.17	3031.66	3061.42	3	isa2sa_samplesort
TIMER	122.818	147.575	156.727	3	isa2sa_untupleize
TIMER	3357.62	3357.99	3358.07	2	ISA-to-SA
iteration 1024: unfinished buckets = 2356338
TIMER	39.5621	39.7848	40.5801	2	rebucket
TIMER	315.324	321.283	347.006	3	sa2isa_bucketing
TIMER	938.504	946.343	957.916	3	sa2isa_all2all
TIMER	201.859	205.908	213.167	3	sa2isa_rearrange
TIMER	1522.27	1522.64	1522.88	2	SA-to-ISA
TIMER	0.000372	0.000645252	0.003898	2	sac-iteration
TIMER	26.8102	39.4198	60.0695	2	shift-buckets
TIMER	130.181	133.164	136.374	3	isa2sa_tupleize
TIMER	3014.83	3029.75	3061.31	3	isa2sa_samplesort
TIMER	121.574	147.683	180.911	3	isa2sa_untupleize
TIMER	3382.76	3383.11	3383.2	2	ISA-to-SA
iteration 2048: unfinished buckets = 1233904
TIMER	38.6353	38.82	39.5722	2	rebucket
TIMER	315.626	321.004	346.581	3	sa2isa_bucketing
TIMER	934.585	942.156	953.103	3	sa2isa_all2all
TIMER	202.038	205.869	209.396	3	sa2isa_rearrange
TIMER	1513.27	1513.63	1513.86	2	SA-to-ISA
TIMER	0.000393	0.000622092	0.001992	2	sac-iteration
TIMER	26.8929	40.0058	58.6393	2	shift-buckets
TIMER	128.068	133.207	135.414	3	isa2sa_tupleize
TIMER	3018.7	3034.12	3063.35	3	isa2sa_samplesort
TIMER	123.11	147.879	155.234	3	isa2sa_untupleize
TIMER	3358.09	3358.44	3358.53	2	ISA-to-SA
iteration 4096: unfinished buckets = 587007
TIMER	38.3805	38.6094	39.529	2	rebucket
TIMER	314.569	321.237	346.814	3	sa2isa_bucketing
TIMER	936.988	944.819	956.125	3	sa2isa_all2all
TIMER	200.801	205.775	209.922	3	sa2isa_rearrange
TIMER	1517.06	1517.42	1517.65	2	SA-to-ISA
TIMER	0.00038	0.000641088	0.002183	2	sac-iteration
TIMER	26.8819	40.1563	60.4577	2	shift-buckets
TIMER	129.732	133.202	135.812	3	isa2sa_tupleize
TIMER	3024.13	3038.8	3067.78	3	isa2sa_samplesort
TIMER	121.524	146.863	165.343	3	isa2sa_untupleize
TIMER	3376.48	3376.83	3377.78	2	ISA-to-SA
iteration 8192: unfinished buckets = 267766
TIMER	42.7334	43.933	46.1846	2	rebucket
TIMER	315.414	321.736	359.418	3	sa2isa_bucketing
TIMER	937.742	945.418	956.373	3	sa2isa_all2all
TIMER	201.263	205.834	209.909	3	sa2isa_rearrange
TIMER	1530.62	1530.98	1531.23	2	SA-to-ISA
TIMER	0.000384	0.000623949	0.001828	2	sac-iteration
TIMER	28.1119	40.7434	60.6864	2	shift-buckets
TIMER	129.874	133.142	135.445	3	isa2sa_tupleize
TIMER	3016.27	3030.5	3061.82	3	isa2sa_samplesort
TIMER	121.82	147.551	155.215	3	isa2sa_untupleize
TIMER	3356.62	3356.99	3357.09	2	ISA-to-SA
iteration 16384: unfinished buckets = 101503
TIMER	37.9003	38.1155	39.0364	2	rebucket
TIMER	314.895	321.046	343.808	3	sa2isa_bucketing
TIMER	936.917	945.416	956.627	3	sa2isa_all2all
TIMER	200.757	205.993	210.934	3	sa2isa_rearrange
TIMER	1515.57	1515.91	1516.14	2	SA-to-ISA
TIMER	0.000373	0.000611984	0.001996	2	sac-iteration
TIMER	27.4832	40.8257	58.1835	2	shift-buckets
TIMER	129.697	133.113	135.82	3	isa2sa_tupleize
TIMER	3017.14	3031.47	3063.29	3	isa2sa_samplesort
TIMER	120.843	147.585	155.225	3	isa2sa_untupleize
TIMER	3358.47	3358.83	3358.93	2	ISA-to-SA
iteration 32768: unfinished buckets = 2096
TIMER	37.9455	38.182	38.9532	2	rebucket
TIMER	315.39	321.043	346.511	3	sa2isa_bucketing
TIMER	936.281	944.077	955.494	3	sa2isa_all2all
TIMER	201.32	206.057	211.769	3	sa2isa_rearrange
TIMER	1517.96	1518.32	1518.56	2	SA-to-ISA
TIMER	0.000377	0.000612904	0.002317	2	sac-iteration
TIMER	27.4972	40.9107	54.9457	2	shift-buckets
TIMER	130.233	133.2	135.297	3	isa2sa_tupleize
TIMER	3018.75	3034.11	3063.73	3	isa2sa_samplesort
TIMER	121.909	147.413	156.036	3	isa2sa_untupleize
TIMER	3359.3	3359.66	3359.75	2	ISA-to-SA
iteration 65536: unfinished buckets = 0
TIMER	38.0675	38.2306	39.1038	2	rebucket
TIMER	314.04	320.472	337.018	3	sa2isa_bucketing
TIMER	934.781	941.845	952.768	3	sa2isa_all2all
TIMER	199.788	205.758	209.097	3	sa2isa_rearrange
TIMER	1543.36	1543.64	1543.94	2	SA-to-ISA
TIMER	0.282456	0.478298	0.70937	2	sac-iteration
TIMER	83650.9	83651.3	83651.8	1	construct-msgs
TIMER	18.2553	18.8448	19.9649	1	fix-isa
