Detecting sigma=4 => l=3, k=1
TIMER	49.5269	51.8587	56.3208	1	initial-bucketing
TIMER	42.1789	44.2521	45.6671	2	shift-buckets
TIMER	130.034	133.303	145.848	3	isa2sa_tupleize
TIMER	2355.98	2410.21	2488.56	3	isa2sa_samplesort
TIMER	146.71	151.206	157.499	3	isa2sa_untupleize
TIMER	2794.02	2794.41	2794.51	2	ISA-to-SA
iteration 1: unfinished buckets = 16
TIMER	63.9528	64.4068	65.5916	2	rebucket
TIMER	161.456	273.281	312.954	3	sa2isa_bucketing
TIMER	935.583	943.458	955.622	3	sa2isa_all2all
TIMER	184.986	198.834	206.131	3	sa2isa_rearrange
TIMER	1554.18	1554.51	1554.89	2	SA-to-ISA
Starting Bucket chasing algorithm
TIMER	91.2671	94.2474	96.9629	2	get active elements
==== chaising iteration 2 unresolved = 2864785219
==== chaising iteration 2 unfinished = 16
TIMER	9679.07	9695.86	9720.46	2	bucket-chaising iteration
==== chaising iteration 4 unresolved = 2864785217
==== chaising iteration 4 unfinished = 256
TIMER	7851.01	7870.71	7895.02	2	bucket-chaising iteration
==== chaising iteration 8 unresolved = 2864785213
==== chaising iteration 8 unfinished = 65536
TIMER	5526.47	5545.7	5568.88	2	bucket-chaising iteration
==== chaising iteration 16 unresolved = 2231009467
==== chaising iteration 16 unfinished = 497590582
TIMER	4362.15	4381.3	4401.61	2	bucket-chaising iteration
==== chaising iteration 32 unresolved = 375212160
==== chaising iteration 32 unfinished = 63243384
TIMER	1457.9	1466.98	1523.52	2	bucket-chaising iteration
==== chaising iteration 64 unresolved = 123963655
==== chaising iteration 64 unfinished = 33034958
TIMER	585.341	589.802	640.171	2	bucket-chaising iteration
==== chaising iteration 128 unresolved = 51666977
==== chaising iteration 128 unfinished = 17942148
TIMER	545.928	548.065	585.897	2	bucket-chaising iteration
==== chaising iteration 256 unresolved = 26532356
==== chaising iteration 256 unfinished = 10976438
TIMER	387.265	388.952	412.891	2	bucket-chaising iteration
==== chaising iteration 512 unresolved = 15398534
==== chaising iteration 512 unfinished = 6905719
TIMER	241.751	375.38	398.222	2	bucket-chaising iteration
==== chaising iteration 1024 unresolved = 8867476
==== chaising iteration 1024 unfinished = 4160784
TIMER	208.767	295.457	358.399	2	bucket-chaising iteration
==== chaising iteration 2048 unresolved = 4893467
==== chaising iteration 2048 unfinished = 2356338
TIMER	89.3836	98.2669	110.071	2	bucket-chaising iteration
==== chaising iteration 4096 unresolved = 2528555
==== chaising iteration 4096 unfinished = 1233904
TIMER	38.0263	43.8942	51.7685	2	bucket-chaising iteration
==== chaising iteration 8192 unresolved = 1205449
==== chaising iteration 8192 unfinished = 587007
TIMER	22.6108	25.5046	32.8724	2	bucket-chaising iteration
==== chaising iteration 16384 unresolved = 556533
==== chaising iteration 16384 unfinished = 267766
TIMER	9.6	10.0049	11.4213	2	bucket-chaising iteration
==== chaising iteration 32768 unresolved = 207623
==== chaising iteration 32768 unfinished = 101503
TIMER	5.71621	5.96235	7.01088	2	bucket-chaising iteration
==== chaising iteration 65536 unresolved = 4192
==== chaising iteration 65536 unfinished = 2096
TIMER	1.86525	1.95811	2.43156	2	bucket-chaising iteration
==== chaising iteration 131072 unresolved = 0
==== chaising iteration 131072 unfinished = 0
TIMER	36321.1	36321.3	36321.6	1	construct-msgs
TIMER	18.1464	18.715	19.7352	1	fix-isa
Detecting sigma=4 => l=3, k=1
TIMER	39.5028	50.6433	55.8575	1	initial-bucketing
TIMER	41.8839	44.1044	45.7966	2	shift-buckets
TIMER	130.129	133.187	135.673	3	isa2sa_tupleize
TIMER	2341.55	2399.07	2483.45	3	isa2sa_samplesort
TIMER	120.604	147.577	157.667	3	isa2sa_untupleize
TIMER	2779.76	2780.11	2781.23	2	ISA-to-SA
iteration 1: unfinished buckets = 16
TIMER	65.6334	66.9244	67.8592	2	rebucket
TIMER	161.166	275.07	316.559	3	sa2isa_bucketing
TIMER	928.705	937.008	949.165	3	sa2isa_all2all
TIMER	183.875	198.851	206.072	3	sa2isa_rearrange
TIMER	1473.93	1474.28	1474.5	2	SA-to-ISA
TIMER	0.000336	0.000565316	0.001406	2	sac-iteration
TIMER	42.0573	44.1785	45.4757	2	shift-buckets
TIMER	129.601	132.984	135.122	3	isa2sa_tupleize
TIMER	2477.2	2512.13	2580.12	3	isa2sa_samplesort
TIMER	120.775	146.924	155.575	3	isa2sa_untupleize
TIMER	2872.93	2873.27	2873.38	2	ISA-to-SA
iteration 2: unfinished buckets = 256
TIMER	64.042	64.5951	65.5428	2	rebucket
TIMER	161.769	255.998	316.658	3	sa2isa_bucketing
TIMER	937.049	944.543	956.978	3	sa2isa_all2all
TIMER	198.698	206.316	212.074	3	sa2isa_rearrange
TIMER	1487.96	1488.26	1488.49	2	SA-to-ISA
TIMER	0.000332	0.000555873	0.001769	2	sac-iteration
TIMER	42.376	44.3865	45.7612	2	shift-buckets
TIMER	129.765	133.131	138.996	3	isa2sa_tupleize
TIMER	2585	2599.84	2633.64	3	isa2sa_samplesort
TIMER	120.179	147.14	155.955	3	isa2sa_untupleize
TIMER	2930.72	2931.09	2931.2	2	ISA-to-SA
iteration 4: unfinished buckets = 65536
TIMER	60.8773	61.4268	62.1363	2	rebucket
TIMER	267.945	281.235	313.807	3	sa2isa_bucketing
TIMER	936.77	944.145	956.026	3	sa2isa_all2all
TIMER	200.024	205.948	210.894	3	sa2isa_rearrange
TIMER	1482.98	1483.26	1483.5	2	SA-to-ISA
TIMER	0.000333	0.000564049	0.00192	2	sac-iteration
TIMER	41.9831	44.3822	45.6788	2	shift-buckets
TIMER	130.186	133.174	136.025	3	isa2sa_tupleize
TIMER	3033.47	3048.87	3079.61	3	isa2sa_samplesort
TIMER	118.476	147.406	156.836	3	isa2sa_untupleize
TIMER	3374.6	3374.98	3375.1	2	ISA-to-SA
iteration 8: unfinished buckets = 497590582
TIMER	69.9188	80.9945	84.1842	2	rebucket
TIMER	298.466	315.361	370.895	3	sa2isa_bucketing
TIMER	929.06	937.268	949.137	3	sa2isa_all2all
TIMER	200.43	205.812	209.548	3	sa2isa_rearrange
TIMER	1531.84	1532.1	1532.35	2	SA-to-ISA
TIMER	0.000346	0.000593408	0.003932	2	sac-iteration
TIMER	42.2948	44.391	45.7243	2	shift-buckets
TIMER	129.264	133.137	135.674	3	isa2sa_tupleize
TIMER	3172.91	3187.88	3222.24	3	isa2sa_samplesort
TIMER	120.065	147.212	157.002	3	isa2sa_untupleize
TIMER	3517.06	3517.41	3517.52	2	ISA-to-SA
iteration 16: unfinished buckets = 63243384
TIMER	57.5651	58.548	60.45	2	rebucket
TIMER	313.507	319.761	353.032	3	sa2isa_bucketing
TIMER	934.608	942.374	953.858	3	sa2isa_all2all
TIMER	201.191	205.93	210.05	3	sa2isa_rearrange
TIMER	1519.15	1519.43	1519.67	2	SA-to-ISA
TIMER	0.00034	0.000559574	0.003814	2	sac-iteration
TIMER	42.3306	44.3101	46.2289	2	shift-buckets
TIMER	129.905	133.222	135.148	3	isa2sa_tupleize
TIMER	3059.2	3073.55	3104.42	3	isa2sa_samplesort
TIMER	120.132	147.484	155.146	3	isa2sa_untupleize
TIMER	3396.85	3397.21	3397.32	2	ISA-to-SA
iteration 32: unfinished buckets = 33034958
TIMER	57.3429	57.89	59.6495	2	rebucket
TIMER	314.01	320.836	339.572	3	sa2isa_bucketing
TIMER	937.863	945.269	956.469	3	sa2isa_all2all
TIMER	201.152	205.922	209.495	3	sa2isa_rearrange
TIMER	1507.76	1508.07	1508.31	2	SA-to-ISA
TIMER	0.000337	0.000554701	0.002138	2	sac-iteration
TIMER	42.4402	44.2622	45.5051	2	shift-buckets
TIMER	129.95	133.259	135.941	3	isa2sa_tupleize
TIMER	3032.83	3047.91	3081.82	3	isa2sa_samplesort
TIMER	120.007	147.297	155.498	3	isa2sa_untupleize
TIMER	3375.38	3375.74	3375.85	2	ISA-to-SA
iteration 64: unfinished buckets = 17942148
TIMER	42.8336	43.0599	44.2047	2	rebucket
TIMER	315.099	320.873	345.162	3	sa2isa_bucketing
TIMER	934.991	942.833	954.161	3	sa2isa_all2all
TIMER	200.479	206.012	212.973	3	sa2isa_rearrange
TIMER	1514.52	1514.8	1515.07	2	SA-to-ISA
TIMER	0.000327	0.000557387	0.00181	2	sac-iteration
TIMER	41.7672	44.2717	46.0068	2	shift-buckets
TIMER	129.569	133.225	135.734	3	isa2sa_tupleize
TIMER	3011.26	3025.93	3058.39	3	isa2sa_samplesort
TIMER	119.949	147.185	155.062	3	isa2sa_untupleize
TIMER	3351.3	3351.65	3351.77	2	ISA-to-SA
iteration 128: unfinished buckets = 10976438
TIMER	41.7	41.8915	42.3291	2	rebucket
TIMER	314.127	321.18	346.996	3	sa2isa_bucketing
TIMER	937.034	944.862	956.762	3	sa2isa_all2all
TIMER	200.912	205.918	209.636	3	sa2isa_rearrange
TIMER	1515.61	1515.88	1516.12	2	SA-to-ISA
TIMER	0.00034	0.000561752	0.001823	2	sac-iteration
TIMER	41.0061	44.2414	45.5708	2	shift-buckets
TIMER	129.557	133.174	135.654	3	isa2sa_tupleize
TIMER	3021.82	3036.39	3071.24	3	isa2sa_samplesort
TIMER	119.906	147.306	157.533	3	isa2sa_untupleize
TIMER	3366.53	3366.9	3367.02	2	ISA-to-SA
iteration 256: unfinished buckets = 6905719
TIMER	40.5089	40.6991	41.0892	2	rebucket
TIMER	315.279	320.958	345.305	3	sa2isa_bucketing
TIMER	933.12	940.87	952.275	3	sa2isa_all2all
TIMER	201.303	206.076	215.67	3	sa2isa_rearrange
TIMER	1515.44	1515.74	1515.98	2	SA-to-ISA
TIMER	0.000338	0.000557328	0.001382	2	sac-iteration
TIMER	42.5269	44.3952	45.6416	2	shift-buckets
TIMER	129.515	133.168	135.512	3	isa2sa_tupleize
TIMER	3011.62	3025.99	3056.95	3	isa2sa_samplesort
TIMER	120.259	147.442	156.113	3	isa2sa_untupleize
TIMER	3350.83	3351.18	3351.29	2	ISA-to-SA
iteration 512: unfinished buckets = 4160784
TIMER	40.058	40.2335	40.6484	2	rebucket
TIMER	313.985	321.173	357.182	3	sa2isa_bucketing
TIMER	935.394	943.648	955.244	3	sa2isa_all2all
TIMER	199.293	205.781	211.85	3	sa2isa_rearrange
TIMER	1526.62	1526.88	1527.13	2	SA-to-ISA
TIMER	0.000337	0.00059083	0.010204	2	sac-iteration
TIMER	42.3236	44.4226	45.8961	2	shift-buckets
TIMER	130.252	133.294	135.782	3	isa2sa_tupleize
TIMER	3016.35	3031.17	3064.91	3	isa2sa_samplesort
TIMER	119.372	147.699	155.742	3	isa2sa_untupleize
TIMER	3358.58	3358.93	3359.04	2	ISA-to-SA
iteration 1024: unfinished buckets = 2356338
TIMER	39.4257	39.6064	40.029	2	rebucket
TIMER	315.405	321.069	368.225	3	sa2isa_bucketing
TIMER	943.918	951.735	963.477	3	sa2isa_all2all
TIMER	201.002	205.864	209.599	3	sa2isa_rearrange
TIMER	1543.51	1543.79	1544.04	2	SA-to-ISA
TIMER	0.00033	0.000573051	0.001857	2	sac-iteration
TIMER	27.8384	39.5892	59.0207	2	shift-buckets
TIMER	128.969	133.09	135.369	3	isa2sa_tupleize
TIMER	3012.22	3027.18	3058.74	3	isa2sa_samplesort
TIMER	120.226	147.344	162.823	3	isa2sa_untupleize
TIMER	3359.06	3359.42	3359.53	2	ISA-to-SA
iteration 2048: unfinished buckets = 1233904
TIMER	38.9398	39.154	39.5436	2	rebucket
TIMER	314.144	321.164	367.599	3	sa2isa_bucketing
TIMER	937.378	944.83	955.957	3	sa2isa_all2all
TIMER	199.473	206.02	213.069	3	sa2isa_rearrange
TIMER	1538.86	1539.14	1539.4	2	SA-to-ISA
TIMER	0.000333	0.0005555	0.001764	2	sac-iteration
TIMER	27.983	40.2428	58.8057	2	shift-buckets
TIMER	129.077	133.105	135.436	3	isa2sa_tupleize
TIMER	3008.8	3022.69	3054.29	3	isa2sa_samplesort
TIMER	117.933	147.297	156.682	3	isa2sa_untupleize
TIMER	3348.65	3349.01	3349.11	2	ISA-to-SA
iteration 4096: unfinished buckets = 587007
TIMER	38.7209	38.9185	39.3111	2	rebucket
TIMER	314.55	321.043	342.916	3	sa2isa_bucketing
TIMER	936.256	944	955.596	3	sa2isa_all2all
TIMER	201.969	205.897	210.201	3	sa2isa_rearrange
TIMER	1510.93	1511.22	1511.48	2	SA-to-ISA
TIMER	0.000353	0.000551107	0.002037	2	sac-iteration
TIMER	27.043	40.3774	58.6923	2	shift-buckets
TIMER	130.184	133.241	135.416	3	isa2sa_tupleize
TIMER	3013.3	3028.24	3059.57	3	isa2sa_samplesort
TIMER	119.924	147.477	156.665	3	isa2sa_untupleize
TIMER	3353.78	3354.13	3354.24	2	ISA-to-SA
iteration 8192: unfinished buckets = 267766
TIMER	38.6712	38.8916	40.078	2	rebucket
TIMER	314.127	320.868	337.45	3	sa2isa_bucketing
TIMER	933.377	940.971	952.461	3	sa2isa_all2all
TIMER	200.564	205.979	212.648	3	sa2isa_rearrange
TIMER	1504.8	1505.07	1505.33	2	SA-to-ISA
TIMER	0.000321	0.000563219	0.002264	2	sac-iteration
TIMER	27.9026	40.7255	58.7139	2	shift-buckets
TIMER	129.885	133.185	135.766	3	isa2sa_tupleize
TIMER	3005.86	3020.73	3051.83	3	isa2sa_samplesort
TIMER	119.699	147.442	157.276	3	isa2sa_untupleize
TIMER	3346.97	3347.34	3347.46	2	ISA-to-SA
iteration 16384: unfinished buckets = 101503
TIMER	39.3111	39.5484	51.9176	2	rebucket
TIMER	314.967	321.127	354.21	3	sa2isa_bucketing
TIMER	936.495	944.31	955.537	3	sa2isa_all2all
TIMER	197.985	205.831	210.184	3	sa2isa_rearrange
TIMER	1522.21	1522.49	1522.79	2	SA-to-ISA
TIMER	0.000338	0.000578654	0.001877	2	sac-iteration
TIMER	27.3566	40.7146	58.9649	2	shift-buckets
TIMER	128.501	133.239	151.322	3	isa2sa_tupleize
TIMER	3060.73	3075.93	3106.9	3	isa2sa_samplesort
TIMER	119.249	147.662	156.001	3	isa2sa_untupleize
TIMER	3418.54	3418.9	3419.02	2	ISA-to-SA
iteration 32768: unfinished buckets = 2096
TIMER	38.3956	38.6144	38.9954	2	rebucket
TIMER	314.21	320.958	343.617	3	sa2isa_bucketing
TIMER	935.833	943.623	954.935	3	sa2isa_all2all
TIMER	197.972	205.921	212.48	3	sa2isa_rearrange
TIMER	1513.25	1513.54	1513.79	2	SA-to-ISA
TIMER	0.000345	0.000586061	0.001998	2	sac-iteration
TIMER	27.6924	40.9656	59.6032	2	shift-buckets
TIMER	130.128	133.151	135.429	3	isa2sa_tupleize
TIMER	3002.39	3017.12	3051.6	3	isa2sa_samplesort
TIMER	119.728	147.483	156.172	3	isa2sa_untupleize
TIMER	3345.37	3345.73	3345.86	2	ISA-to-SA
iteration 65536: unfinished buckets = 0
TIMER	38.3153	38.503	39.6598	2	rebucket
TIMER	313.828	320.474	345.561	3	sa2isa_bucketing
TIMER	936.685	943.942	955.273	3	sa2isa_all2all
TIMER	201.142	205.895	211.254	3	sa2isa_rearrange
TIMER	1555.39	1555.76	1556.07	2	SA-to-ISA
TIMER	0.28545	0.501652	0.721718	2	sac-iteration
TIMER	83432.8	83433.1	83434.1	1	construct-msgs
TIMER	18.3534	18.8608	20.1203	1	fix-isa
