Detecting sigma=4 => l=3, k=1
TIMER	50.0935	52.1692	56.9243	1	initial-bucketing
TIMER	41.8965	44.156	45.6516	2	shift-buckets
TIMER	129.773	133.222	135.78	3	isa2sa_tupleize
TIMER	2339.29	2396.72	2458.05	3	isa2sa_samplesort
TIMER	145.089	151.234	157.198	3	isa2sa_untupleize
TIMER	2753.14	2753.5	2753.66	2	ISA-to-SA
iteration 1: unfinished buckets = 16
TIMER	64.3197	64.8506	65.5717	2	rebucket
TIMER	161.278	273.004	313.59	3	sa2isa_bucketing
TIMER	933.111	942.234	954.501	3	sa2isa_all2all
TIMER	184.404	198.814	205.577	3	sa2isa_rearrange
TIMER	1555.45	1555.8	1556.11	2	SA-to-ISA
Starting Bucket chasing algorithm
TIMER	88.7923	94.3674	96.5417	2	get active elements
==== chaising iteration 2 unresolved = 2864785219
==== chaising iteration 2 unfinished = 16
TIMER	9673.52	9691.09	9714.46	2	bucket-chaising iteration
==== chaising iteration 4 unresolved = 2864785217
==== chaising iteration 4 unfinished = 256
TIMER	7787.09	7803.11	7825.52	2	bucket-chaising iteration
==== chaising iteration 8 unresolved = 2864785213
==== chaising iteration 8 unfinished = 65536
TIMER	5555.28	5574.29	5599.72	2	bucket-chaising iteration
==== chaising iteration 16 unresolved = 2231009467
==== chaising iteration 16 unfinished = 497590582
TIMER	4352.67	4373.01	4393.71	2	bucket-chaising iteration
==== chaising iteration 32 unresolved = 375212160
==== chaising iteration 32 unfinished = 63243384
TIMER	1454.42	1464.35	1521.06	2	bucket-chaising iteration
==== chaising iteration 64 unresolved = 123963655
==== chaising iteration 64 unfinished = 33034958
TIMER	567.858	571.597	622.869	2	bucket-chaising iteration
==== chaising iteration 128 unresolved = 51666977
==== chaising iteration 128 unfinished = 17942148
TIMER	553.958	555.884	594.621	2	bucket-chaising iteration
==== chaising iteration 256 unresolved = 26532356
==== chaising iteration 256 unfinished = 10976438
TIMER	380.413	381.949	406.78	2	bucket-chaising iteration
==== chaising iteration 512 unresolved = 15398534
==== chaising iteration 512 unfinished = 6905719
TIMER	227.043	348.884	373.479	2	bucket-chaising iteration
==== chaising iteration 1024 unresolved = 8867476
==== chaising iteration 1024 unfinished = 4160784
TIMER	160.637	171.267	189.677	2	bucket-chaising iteration
==== chaising iteration 2048 unresolved = 4893467
==== chaising iteration 2048 unfinished = 2356338
TIMER	87.2992	104.621	144.524	2	bucket-chaising iteration
==== chaising iteration 4096 unresolved = 2528555
==== chaising iteration 4096 unfinished = 1233904
TIMER	32.8819	37.8995	45.8275	2	bucket-chaising iteration
==== chaising iteration 8192 unresolved = 1205449
==== chaising iteration 8192 unfinished = 587007
TIMER	22.7544	24.4176	33.3512	2	bucket-chaising iteration
==== chaising iteration 16384 unresolved = 556533
==== chaising iteration 16384 unfinished = 267766
TIMER	9.71206	10.2965	11.7334	2	bucket-chaising iteration
==== chaising iteration 32768 unresolved = 207623
==== chaising iteration 32768 unfinished = 101503
TIMER	5.9092	6.09392	7.25983	2	bucket-chaising iteration
==== chaising iteration 65536 unresolved = 4192
==== chaising iteration 65536 unfinished = 2096
TIMER	1.77661	1.87223	2.37285	2	bucket-chaising iteration
==== chaising iteration 131072 unresolved = 0
==== chaising iteration 131072 unfinished = 0
TIMER	36047.6	36047.8	36048.1	1	construct-msgs
TIMER	18.0699	18.6554	19.5668	1	fix-isa
Detecting sigma=4 => l=3, k=1
TIMER	39.6346	50.8579	54.509	1	initial-bucketing
TIMER	41.759	44.0939	45.6007	2	shift-buckets
TIMER	129.799	133.171	135.529	3	isa2sa_tupleize
TIMER	2355.31	2407.52	2467.18	3	isa2sa_samplesort
TIMER	119.828	147.226	158.047	3	isa2sa_untupleize
TIMER	2762.8	2763.18	2763.28	2	ISA-to-SA
iteration 1: unfinished buckets = 16
TIMER	64.6392	65.0796	65.937	2	rebucket
TIMER	161.265	274.684	309.729	3	sa2isa_bucketing
TIMER	938.605	946.286	958.748	3	sa2isa_all2all
TIMER	185.695	198.797	205.616	3	sa2isa_rearrange
TIMER	1476.16	1476.54	1476.92	2	SA-to-ISA
TIMER	0.000335	0.000608037	0.003847	2	sac-iteration
TIMER	42.2437	44.2451	45.4644	2	shift-buckets
TIMER	130.012	133.074	136.171	3	isa2sa_tupleize
TIMER	2483.68	2518.9	2590.58	3	isa2sa_samplesort
TIMER	121.303	147.077	156.779	3	isa2sa_untupleize
TIMER	2885.61	2885.98	2886.08	2	ISA-to-SA
iteration 2: unfinished buckets = 256
TIMER	64.5776	65.1156	66.2147	2	rebucket
TIMER	161.493	256.052	315.612	3	sa2isa_bucketing
TIMER	947.711	954.533	966.981	3	sa2isa_all2all
TIMER	200.513	206.326	210.375	3	sa2isa_rearrange
TIMER	1495.11	1495.44	1495.8	2	SA-to-ISA
TIMER	0.00032	0.0005606	0.001718	2	sac-iteration
TIMER	42.2776	44.4132	45.8526	2	shift-buckets
TIMER	130.018	133.176	135.783	3	isa2sa_tupleize
TIMER	2596.88	2612.01	2652.42	3	isa2sa_samplesort
TIMER	121.538	146.918	165.066	3	isa2sa_untupleize
TIMER	2958.54	2958.91	2959.33	2	ISA-to-SA
iteration 4: unfinished buckets = 65536
TIMER	73.6065	75.1778	80.9123	2	rebucket
TIMER	269.239	282.124	318.613	3	sa2isa_bucketing
TIMER	939.877	947.55	959.273	3	sa2isa_all2all
TIMER	199.256	205.152	220.697	3	sa2isa_rearrange
TIMER	1508.89	1509.22	1509.88	2	SA-to-ISA
TIMER	0.000398	0.000688078	0.002013	2	sac-iteration
TIMER	40.4	44.2595	50.6395	2	shift-buckets
TIMER	128.693	132.997	144.264	3	isa2sa_tupleize
TIMER	3023.22	3038.17	3073.78	3	isa2sa_samplesort
TIMER	120.277	147.674	157.444	3	isa2sa_untupleize
TIMER	3383.08	3384.73	3384.84	2	ISA-to-SA
iteration 8: unfinished buckets = 497590582
TIMER	69.0539	80.4527	83.3366	2	rebucket
TIMER	301.115	314.83	331.835	3	sa2isa_bucketing
TIMER	938.713	946.699	958.247	3	sa2isa_all2all
TIMER	201.899	205.929	222.95	3	sa2isa_rearrange
TIMER	1517.12	1517.56	1518.87	2	SA-to-ISA
TIMER	0.00038	0.000656771	0.001846	2	sac-iteration
TIMER	42.5088	44.4556	46.4662	2	shift-buckets
TIMER	130.512	133.22	135.353	3	isa2sa_tupleize
TIMER	3182.39	3197.87	3236.15	3	isa2sa_samplesort
TIMER	118.666	147.354	156.383	3	isa2sa_untupleize
TIMER	3531.91	3532.28	3532.39	2	ISA-to-SA
iteration 16: unfinished buckets = 63243384
TIMER	55.8502	56.7251	58.5745	2	rebucket
TIMER	314.421	319.724	354.288	3	sa2isa_bucketing
TIMER	938.541	946.586	957.904	3	sa2isa_all2all
TIMER	201.33	206.008	212.478	3	sa2isa_rearrange
TIMER	1528.79	1529.14	1529.49	2	SA-to-ISA
TIMER	0.000398	0.000616184	0.00199	2	sac-iteration
TIMER	42.4196	44.3214	45.5289	2	shift-buckets
TIMER	129.985	133.201	135.396	3	isa2sa_tupleize
TIMER	3054.25	3068.95	3107.17	3	isa2sa_samplesort
TIMER	120.369	147.569	156.486	3	isa2sa_untupleize
TIMER	3403.07	3403.44	3403.55	2	ISA-to-SA
iteration 32: unfinished buckets = 33034958
TIMER	46.3767	46.7684	47.4173	2	rebucket
TIMER	314.798	320.7	367.535	3	sa2isa_bucketing
TIMER	937.089	945.502	957.19	3	sa2isa_all2all
TIMER	200.726	205.974	210.046	3	sa2isa_rearrange
TIMER	1548.95	1549.32	1549.71	2	SA-to-ISA
TIMER	0.000386	0.00064017	0.00266	2	sac-iteration
TIMER	42.5281	44.3069	45.5047	2	shift-buckets
TIMER	130.165	133.144	135.488	3	isa2sa_tupleize
TIMER	3020.63	3035.41	3072.4	3	isa2sa_samplesort
TIMER	120.265	147.19	157.075	3	isa2sa_untupleize
TIMER	3369.04	3369.41	3369.52	2	ISA-to-SA
iteration 64: unfinished buckets = 17942148
TIMER	42.7689	42.9979	43.3976	2	rebucket
TIMER	315.405	320.763	339.147	3	sa2isa_bucketing
TIMER	934.512	942.248	953.848	3	sa2isa_all2all
TIMER	201.945	205.857	209.556	3	sa2isa_rearrange
TIMER	1508.84	1509.2	1509.53	2	SA-to-ISA
TIMER	0.000397	0.000630152	0.003333	2	sac-iteration
TIMER	42.4128	44.1913	45.4765	2	shift-buckets
TIMER	130.215	133.245	135.816	3	isa2sa_tupleize
TIMER	3031.05	3045.47	3083.82	3	isa2sa_samplesort
TIMER	120.775	147.354	155.947	3	isa2sa_untupleize
TIMER	3379.59	3379.97	3380.09	2	ISA-to-SA
iteration 128: unfinished buckets = 10976438
TIMER	41.8481	42.0538	42.6017	2	rebucket
TIMER	315.472	320.752	348.193	3	sa2isa_bucketing
TIMER	937.838	945.401	956.855	3	sa2isa_all2all
TIMER	200.12	205.89	211.453	3	sa2isa_rearrange
TIMER	1520.63	1520.99	1521.37	2	SA-to-ISA
TIMER	0.00037	0.000642363	0.001892	2	sac-iteration
TIMER	42.4386	44.2212	46.5475	2	shift-buckets
TIMER	130.052	133.185	135.503	3	isa2sa_tupleize
TIMER	3026	3040.5	3078.18	3	isa2sa_samplesort
TIMER	120.084	147.213	156.42	3	isa2sa_untupleize
TIMER	3374.16	3374.52	3374.62	2	ISA-to-SA
iteration 256: unfinished buckets = 6905719
TIMER	40.3728	40.5558	41.0033	2	rebucket
TIMER	315.329	320.923	357.053	3	sa2isa_bucketing
TIMER	940.766	948.944	960.444	3	sa2isa_all2all
TIMER	200.884	205.789	208.78	3	sa2isa_rearrange
TIMER	1530.4	1530.76	1531.11	2	SA-to-ISA
TIMER	0.00041	0.000620172	0.002108	2	sac-iteration
TIMER	41.4625	44.4402	55.7616	2	shift-buckets
TIMER	130.127	133.235	135.954	3	isa2sa_tupleize
TIMER	3012.75	3027.47	3064.91	3	isa2sa_samplesort
TIMER	118.389	147.537	157.193	3	isa2sa_untupleize
TIMER	3362.14	3362.51	3362.63	2	ISA-to-SA
iteration 512: unfinished buckets = 4160784
TIMER	40.2436	40.4261	40.9051	2	rebucket
TIMER	315.081	320.856	350.444	3	sa2isa_bucketing
TIMER	941.929	949.902	961.251	3	sa2isa_all2all
TIMER	200.786	205.908	213.259	3	sa2isa_rearrange
TIMER	1529.09	1529.42	1529.77	2	SA-to-ISA
TIMER	0.00039	0.000622736	0.00277	2	sac-iteration
TIMER	42.5613	44.4469	45.9944	2	shift-buckets
TIMER	130.22	133.394	135.871	3	isa2sa_tupleize
TIMER	3013.11	3029.15	3066.4	3	isa2sa_samplesort
TIMER	120.502	147.568	155.694	3	isa2sa_untupleize
TIMER	3361.99	3362.37	3362.49	2	ISA-to-SA
iteration 1024: unfinished buckets = 2356338
TIMER	39.5596	39.7674	40.2831	2	rebucket
TIMER	315.492	320.964	352.957	3	sa2isa_bucketing
TIMER	938.971	946.576	956.887	3	sa2isa_all2all
TIMER	201.263	205.855	210.694	3	sa2isa_rearrange
TIMER	1524.64	1525	1525.34	2	SA-to-ISA
TIMER	0.00039	0.000614299	0.001771	2	sac-iteration
TIMER	25.9509	39.7362	57.8835	2	shift-buckets
TIMER	127.434	133.263	146.296	3	isa2sa_tupleize
TIMER	3009.35	3024.88	3061.8	3	isa2sa_samplesort
TIMER	118.423	147.451	157.727	3	isa2sa_untupleize
TIMER	3369.87	3370.24	3370.34	2	ISA-to-SA
iteration 2048: unfinished buckets = 1233904
TIMER	38.9522	39.1389	39.7267	2	rebucket
TIMER	315.353	320.895	346.611	3	sa2isa_bucketing
TIMER	938.855	946.966	958.173	3	sa2isa_all2all
TIMER	200.143	205.875	211.113	3	sa2isa_rearrange
TIMER	1520.11	1520.45	1520.82	2	SA-to-ISA
TIMER	0.000377	0.000646859	0.002563	2	sac-iteration
TIMER	26.9755	40.1031	56.5714	2	shift-buckets
TIMER	130.104	133.226	147.509	3	isa2sa_tupleize
TIMER	3013.01	3028.09	3065.73	3	isa2sa_samplesort
TIMER	118.021	147.446	157.119	3	isa2sa_untupleize
TIMER	3374.44	3374.81	3374.93	2	ISA-to-SA
iteration 4096: unfinished buckets = 587007
TIMER	38.3937	38.5837	39.1838	2	rebucket
TIMER	315.25	320.917	349.611	3	sa2isa_bucketing
TIMER	937.604	945.797	957.437	3	sa2isa_all2all
TIMER	201.576	205.847	209.963	3	sa2isa_rearrange
TIMER	1521.15	1521.48	1521.83	2	SA-to-ISA
TIMER	0.000388	0.000628348	0.00353	2	sac-iteration
TIMER	27.4271	40.5344	56.7524	2	shift-buckets
TIMER	126.933	133.095	146.254	3	isa2sa_tupleize
TIMER	3019.99	3034.77	3071.68	3	isa2sa_samplesort
TIMER	119.667	147.545	155.367	3	isa2sa_untupleize
TIMER	3377.35	3377.71	3377.82	2	ISA-to-SA
iteration 8192: unfinished buckets = 267766
TIMER	38.6379	38.8271	39.4253	2	rebucket
TIMER	315.233	320.992	346.813	3	sa2isa_bucketing
TIMER	939.986	947.58	958.989	3	sa2isa_all2all
TIMER	201.213	205.904	211.072	3	sa2isa_rearrange
TIMER	1521	1521.35	1521.72	2	SA-to-ISA
TIMER	0.000393	0.000674391	0.00842	2	sac-iteration
TIMER	27.6032	41.0457	57.3443	2	shift-buckets
TIMER	129.591	133.272	136.338	3	isa2sa_tupleize
TIMER	3015.23	3030.6	3066.94	3	isa2sa_samplesort
TIMER	116.497	147.045	174.511	3	isa2sa_untupleize
TIMER	3391.17	3391.54	3391.76	2	ISA-to-SA
iteration 16384: unfinished buckets = 101503
TIMER	43.1851	44.0577	48.604	2	rebucket
TIMER	315.284	322.305	359.419	3	sa2isa_bucketing
TIMER	946.231	953.963	965.589	3	sa2isa_all2all
TIMER	195.874	205.51	217.958	3	sa2isa_rearrange
TIMER	1548.81	1549.22	1550.9	2	SA-to-ISA
TIMER	0.00041	0.00069517	0.00276	2	sac-iteration
TIMER	26.0931	40.9649	61.1691	2	shift-buckets
TIMER	129.083	133.084	146.165	3	isa2sa_tupleize
TIMER	3029.08	3043.33	3081.31	3	isa2sa_samplesort
TIMER	121.267	147.077	155.393	3	isa2sa_untupleize
TIMER	3387.31	3387.71	3387.84	2	ISA-to-SA
iteration 32768: unfinished buckets = 2096
TIMER	38.0208	38.2275	38.7822	2	rebucket
TIMER	315.328	320.953	340.394	3	sa2isa_bucketing
TIMER	940.856	948.78	960.214	3	sa2isa_all2all
TIMER	200.523	205.889	212.483	3	sa2isa_rearrange
TIMER	1517.18	1517.54	1517.89	2	SA-to-ISA
TIMER	0.000399	0.000635383	0.002725	2	sac-iteration
TIMER	27.7298	41.0221	58.3141	2	shift-buckets
TIMER	129.346	133.255	135.942	3	isa2sa_tupleize
TIMER	3004.38	3020.6	3057.03	3	isa2sa_samplesort
TIMER	120.626	147.326	156.454	3	isa2sa_untupleize
TIMER	3353.45	3353.83	3353.94	2	ISA-to-SA
iteration 65536: unfinished buckets = 0
TIMER	37.7678	37.9677	38.4853	2	rebucket
TIMER	314.496	320.576	348.405	3	sa2isa_bucketing
TIMER	942.255	950.138	961.708	3	sa2isa_all2all
TIMER	197.339	205.818	210.208	3	sa2isa_rearrange
TIMER	1563.98	1564.3	1564.6	2	SA-to-ISA
TIMER	0.267666	0.504861	0.791785	2	sac-iteration
TIMER	83783.5	83783.8	83784.4	1	construct-msgs
TIMER	18.1645	18.8791	20.0615	1	fix-isa
