Detecting sigma=4 => l=3, k=1
TIMER	25.1092	26.2233	28.6247	1	initial-bucketing
TIMER	20.9047	22.326	23.4986	2	shift-buckets
TIMER	64.8103	67.073	68.608	3	isa2sa_tupleize
TIMER	1349.88	1383.53	1432.77	3	isa2sa_samplesort
TIMER	71.2465	75.0506	78.9818	3	isa2sa_untupleize
TIMER	1582.64	1583.02	1583.12	2	ISA-to-SA
iteration 1: unfinished buckets = 16
TIMER	42.4711	42.7705	43.2971	2	rebucket
TIMER	79.7982	140.084	153.628	3	sa2isa_bucketing
TIMER	732.414	738.334	743.354	3	sa2isa_all2all
TIMER	90.9886	98.2478	102.438	3	sa2isa_rearrange
TIMER	1039.56	1040.47	1041	2	SA-to-ISA
Starting Bucket chasing algorithm
TIMER	31.0727	40.839	42.3237	2	get active elements
==== chaising iteration 2 unresolved = 2864785219
==== chaising iteration 2 unfinished = 16
TIMER	5617.85	5627.32	5637.39	2	bucket-chaising iteration
==== chaising iteration 4 unresolved = 2864785217
==== chaising iteration 4 unfinished = 256
TIMER	4725.79	4733.99	4739.91	2	bucket-chaising iteration
==== chaising iteration 8 unresolved = 2864785213
==== chaising iteration 8 unfinished = 65536
TIMER	4023.74	4032.32	4037.03	2	bucket-chaising iteration
==== chaising iteration 16 unresolved = 2231009467
==== chaising iteration 16 unfinished = 497590582
TIMER	2928.14	2939.77	2950.16	2	bucket-chaising iteration
==== chaising iteration 32 unresolved = 375212160
==== chaising iteration 32 unfinished = 63243384
TIMER	1014.05	1021.22	1053.36	2	bucket-chaising iteration
==== chaising iteration 64 unresolved = 123963655
==== chaising iteration 64 unfinished = 33034958
TIMER	434.785	436.952	465.906	2	bucket-chaising iteration
==== chaising iteration 128 unresolved = 51666977
==== chaising iteration 128 unfinished = 17942148
TIMER	274.723	275.911	298.702	2	bucket-chaising iteration
==== chaising iteration 256 unresolved = 26532356
==== chaising iteration 256 unfinished = 10976438
TIMER	198.546	200.508	216.306	2	bucket-chaising iteration
==== chaising iteration 512 unresolved = 15398534
==== chaising iteration 512 unfinished = 6905719
TIMER	148.731	206.41	233.863	2	bucket-chaising iteration
==== chaising iteration 1024 unresolved = 8867476
==== chaising iteration 1024 unfinished = 4160784
TIMER	68.9318	79.3482	93.6844	2	bucket-chaising iteration
==== chaising iteration 2048 unresolved = 4893467
==== chaising iteration 2048 unfinished = 2356338
TIMER	60.3493	69.1147	79.194	2	bucket-chaising iteration
==== chaising iteration 4096 unresolved = 2528555
==== chaising iteration 4096 unfinished = 1233904
TIMER	27.7198	32.1302	42.092	2	bucket-chaising iteration
==== chaising iteration 8192 unresolved = 1205449
==== chaising iteration 8192 unfinished = 587007
TIMER	20.3852	21.8604	24.9903	2	bucket-chaising iteration
==== chaising iteration 16384 unresolved = 556533
==== chaising iteration 16384 unfinished = 267766
TIMER	12.8143	13.1838	16.3348	2	bucket-chaising iteration
==== chaising iteration 32768 unresolved = 207623
==== chaising iteration 32768 unfinished = 101503
TIMER	7.79569	8.31403	10.6837	2	bucket-chaising iteration
==== chaising iteration 65536 unresolved = 4192
==== chaising iteration 65536 unfinished = 2096
TIMER	3.33028	3.86271	4.93961	2	bucket-chaising iteration
==== chaising iteration 131072 unresolved = 0
==== chaising iteration 131072 unfinished = 0
TIMER	22661.4	22662	22662.7	1	construct-msgs
TIMER	8.91169	9.26899	9.93617	1	fix-isa
Detecting sigma=4 => l=3, k=1
TIMER	20.4986	20.7843	23.0468	1	initial-bucketing
TIMER	18.0773	22.9404	26.0718	2	shift-buckets
TIMER	62.6743	65.9469	67.6929	3	isa2sa_tupleize
TIMER	1359.02	1393.48	1439.85	3	isa2sa_samplesort
TIMER	54.9244	57.5203	58.423	3	isa2sa_untupleize
TIMER	1568.11	1568.39	1568.6	2	ISA-to-SA
iteration 1: unfinished buckets = 16
TIMER	31.6752	32.0415	32.5597	2	rebucket
TIMER	79.8343	134.012	153.525	3	sa2isa_bucketing
TIMER	734.32	736.859	740.949	3	sa2isa_all2all
TIMER	91.0176	98.2856	103.157	3	sa2isa_rearrange
TIMER	999.546	999.552	999.614	2	SA-to-ISA
TIMER	0.000333	0.000542831	0.001907	2	sac-iteration
TIMER	23.1314	23.669	24.9289	2	shift-buckets
TIMER	63.2638	65.9897	67.8591	3	isa2sa_tupleize
TIMER	1442.32	1461.25	1494.19	3	isa2sa_samplesort
TIMER	53.7756	57.3794	65.5364	3	isa2sa_untupleize
TIMER	1645.13	1645.4	1645.61	2	ISA-to-SA
iteration 2: unfinished buckets = 256
TIMER	33.3054	33.6373	34.5962	2	rebucket
TIMER	79.8226	130.615	149.444	3	sa2isa_bucketing
TIMER	724.234	726.488	728.607	3	sa2isa_all2all
TIMER	94.0853	99.7754	108.251	3	sa2isa_rearrange
TIMER	988.288	988.294	988.354	2	SA-to-ISA
TIMER	0.000321	0.000531683	0.0017	2	sac-iteration
TIMER	22.8136	23.6415	24.6707	2	shift-buckets
TIMER	63.6639	66.0454	68.2382	3	isa2sa_tupleize
TIMER	1614.92	1623.31	1645.01	3	isa2sa_samplesort
TIMER	52.8613	57.414	65.8675	3	isa2sa_untupleize
TIMER	1781.29	1781.55	1781.75	2	ISA-to-SA
iteration 4: unfinished buckets = 65536
TIMER	30.5684	31.1705	32.0097	2	rebucket
TIMER	79.9982	139.325	152.904	3	sa2isa_bucketing
TIMER	741.551	747.422	751.008	3	sa2isa_all2all
TIMER	94.3687	99.2325	103.468	3	sa2isa_rearrange
TIMER	1012.78	1012.79	1012.86	2	SA-to-ISA
TIMER	0.00035	0.000534986	0.001912	2	sac-iteration
TIMER	23.071	23.6869	24.5645	2	shift-buckets
TIMER	63.3766	66.0646	67.9193	3	isa2sa_tupleize
TIMER	1787.57	1795.67	1815.02	3	isa2sa_samplesort
TIMER	52.7188	57.3748	65.7188	3	isa2sa_untupleize
TIMER	1950.8	1951.07	1951.26	2	ISA-to-SA
iteration 8: unfinished buckets = 497590582
TIMER	35.9605	41.2822	43.1668	2	rebucket
TIMER	143.907	148.388	156.023	3	sa2isa_bucketing
TIMER	746.806	753.306	756.828	3	sa2isa_all2all
TIMER	94.2774	99.2654	103.67	3	sa2isa_rearrange
TIMER	1018.67	1018.68	1018.69	2	SA-to-ISA
TIMER	0.000344	0.000533514	0.001657	2	sac-iteration
TIMER	23.0988	23.6909	24.9675	2	shift-buckets
TIMER	63.151	66.0341	70.5146	3	isa2sa_tupleize
TIMER	2037.9	2046.09	2068.53	3	isa2sa_samplesort
TIMER	53.1237	57.3457	65.686	3	isa2sa_untupleize
TIMER	2208.49	2208.77	2208.98	2	ISA-to-SA
iteration 16: unfinished buckets = 63243384
TIMER	28.7129	29.1831	30.5718	2	rebucket
TIMER	145.16	149.045	156.908	3	sa2isa_bucketing
TIMER	730.954	734.981	737.723	3	sa2isa_all2all
TIMER	94.321	99.276	103.803	3	sa2isa_rearrange
TIMER	1000.35	1000.36	1000.43	2	SA-to-ISA
TIMER	0.000337	0.000549471	0.007984	2	sac-iteration
TIMER	23.0698	23.7212	24.8837	2	shift-buckets
TIMER	63.6306	66.0479	67.6324	3	isa2sa_tupleize
TIMER	1873.4	1881.37	1901.85	3	isa2sa_samplesort
TIMER	52.475	57.4009	65.6284	3	isa2sa_untupleize
TIMER	2037.23	2037.48	2037.68	2	ISA-to-SA
iteration 32: unfinished buckets = 33034958
TIMER	24.1549	24.372	24.9359	2	rebucket
TIMER	145.184	149.312	157.147	3	sa2isa_bucketing
TIMER	736.441	738.895	741.81	3	sa2isa_all2all
TIMER	94.3694	99.2658	103.469	3	sa2isa_rearrange
TIMER	1004.34	1004.34	1004.4	2	SA-to-ISA
TIMER	0.000341	0.000527591	0.001945	2	sac-iteration
TIMER	23.2107	23.7543	24.7907	2	shift-buckets
TIMER	63.4246	66.0214	68.081	3	isa2sa_tupleize
TIMER	1837.08	1845.62	1864.15	3	isa2sa_samplesort
TIMER	52.8889	57.3679	65.7096	3	isa2sa_untupleize
TIMER	2000.09	2000.36	2000.56	2	ISA-to-SA
iteration 64: unfinished buckets = 17942148
TIMER	22.2351	22.3421	22.5057	2	rebucket
TIMER	145.164	149.353	157.21	3	sa2isa_bucketing
TIMER	734.586	737.385	739.947	3	sa2isa_all2all
TIMER	94.3347	99.3083	104.224	3	sa2isa_rearrange
TIMER	1003.33	1003.34	1003.39	2	SA-to-ISA
TIMER	0.000312	0.000536517	0.003133	2	sac-iteration
TIMER	23.1419	23.7124	24.817	2	shift-buckets
TIMER	63.6453	66.0549	68.6858	3	isa2sa_tupleize
TIMER	1838.74	1847.36	1864.64	3	isa2sa_samplesort
TIMER	52.7895	57.3824	65.8371	3	isa2sa_untupleize
TIMER	2001.29	2001.57	2001.77	2	ISA-to-SA
iteration 128: unfinished buckets = 10976438
TIMER	21.4406	21.5542	21.6916	2	rebucket
TIMER	145.154	149.357	157.287	3	sa2isa_bucketing
TIMER	728.343	732.852	736.378	3	sa2isa_all2all
TIMER	94.1053	99.2388	103.661	3	sa2isa_rearrange
TIMER	999.233	999.241	999.312	2	SA-to-ISA
TIMER	0.000335	0.000544578	0.001724	2	sac-iteration
TIMER	22.8296	23.6232	24.5927	2	shift-buckets
TIMER	63.5653	66.0594	67.8658	3	isa2sa_tupleize
TIMER	1832.65	1841.58	1861.96	3	isa2sa_samplesort
TIMER	52.7008	57.3771	65.8261	3	isa2sa_untupleize
TIMER	1997.81	1998.04	1998.27	2	ISA-to-SA
iteration 256: unfinished buckets = 6905719
TIMER	20.9021	21.0115	21.1526	2	rebucket
TIMER	145.242	149.379	157.247	3	sa2isa_bucketing
TIMER	714.956	716.682	718.445	3	sa2isa_all2all
TIMER	94.3225	99.3219	103.737	3	sa2isa_rearrange
TIMER	981.417	981.429	981.491	2	SA-to-ISA
TIMER	0.000305	0.00053524	0.002954	2	sac-iteration
TIMER	23.1476	23.6529	24.753	2	shift-buckets
TIMER	63.4731	66.0439	68.1676	3	isa2sa_tupleize
TIMER	1830.88	1839	1857.95	3	isa2sa_samplesort
TIMER	52.8269	57.3699	65.7942	3	isa2sa_untupleize
TIMER	1994.06	1994.32	1994.54	2	ISA-to-SA
iteration 512: unfinished buckets = 4160784
TIMER	20.067	20.5957	20.7801	2	rebucket
TIMER	145.284	149.381	157.242	3	sa2isa_bucketing
TIMER	740.633	745.547	750.557	3	sa2isa_all2all
TIMER	94.1412	99.2509	103.301	3	sa2isa_rearrange
TIMER	1013.03	1013.04	1013.12	2	SA-to-ISA
TIMER	0.000322	0.000536217	0.002657	2	sac-iteration
TIMER	23.048	23.6643	24.8169	2	shift-buckets
TIMER	63.3075	66.0363	68.4338	3	isa2sa_tupleize
TIMER	1842.64	1851.37	1870.62	3	isa2sa_samplesort
TIMER	52.6444	57.356	65.8933	3	isa2sa_untupleize
TIMER	2007.12	2007.37	2007.57	2	ISA-to-SA
iteration 1024: unfinished buckets = 2356338
TIMER	20.1449	20.2509	20.4522	2	rebucket
TIMER	145.159	149.384	157.198	3	sa2isa_bucketing
TIMER	761.29	764.448	767.383	3	sa2isa_all2all
TIMER	93.7966	99.2864	103.883	3	sa2isa_rearrange
TIMER	1030.38	1030.39	1030.45	2	SA-to-ISA
TIMER	0.000342	0.000538711	0.001648	2	sac-iteration
TIMER	13.8091	21.3658	33.3605	2	shift-buckets
TIMER	63.2778	66.1068	68.0476	3	isa2sa_tupleize
TIMER	1817.9	1826.2	1845.73	3	isa2sa_samplesort
TIMER	52.6445	57.377	65.7845	3	isa2sa_untupleize
TIMER	1981.72	1981.97	1982.17	2	ISA-to-SA
iteration 2048: unfinished buckets = 1233904
TIMER	19.7413	19.8871	20.0785	2	rebucket
TIMER	145.159	149.4	157.263	3	sa2isa_bucketing
TIMER	736.973	741.38	744.919	3	sa2isa_all2all
TIMER	94.3723	99.2644	103.609	3	sa2isa_rearrange
TIMER	1007.68	1007.69	1007.78	2	SA-to-ISA
TIMER	0.000355	0.000542671	0.008247	2	sac-iteration
TIMER	14.0925	21.548	33.0095	2	shift-buckets
TIMER	63.403	66.0639	67.8337	3	isa2sa_tupleize
TIMER	1831.03	1839.76	1858.98	3	isa2sa_samplesort
TIMER	52.9495	57.3774	65.6425	3	isa2sa_untupleize
TIMER	1994.63	1994.89	1995.09	2	ISA-to-SA
iteration 4096: unfinished buckets = 587007
TIMER	19.6154	19.729	19.9187	2	rebucket
TIMER	145.171	149.409	157.204	3	sa2isa_bucketing
TIMER	760.584	764.418	767.649	3	sa2isa_all2all
TIMER	94.2481	99.2554	103.477	3	sa2isa_rearrange
TIMER	1030.23	1030.24	1030.31	2	SA-to-ISA
TIMER	0.000328	0.000526578	0.001664	2	sac-iteration
TIMER	14.4314	22.1938	32.9722	2	shift-buckets
TIMER	63.4521	66.0547	68.2288	3	isa2sa_tupleize
TIMER	1821.35	1830.01	1848.88	3	isa2sa_samplesort
TIMER	52.6319	57.3816	65.9834	3	isa2sa_untupleize
TIMER	1985.23	1985.48	1985.69	2	ISA-to-SA
iteration 8192: unfinished buckets = 267766
TIMER	19.5638	19.6777	19.8631	2	rebucket
TIMER	145.135	149.404	157.237	3	sa2isa_bucketing
TIMER	756.557	760.833	765.027	3	sa2isa_all2all
TIMER	94.0904	99.2446	103.295	3	sa2isa_rearrange
TIMER	1027.47	1027.47	1027.55	2	SA-to-ISA
TIMER	0.000303	0.000537149	0.001726	2	sac-iteration
TIMER	14.4382	21.9541	32.083	2	shift-buckets
TIMER	63.4906	66.0506	67.8745	3	isa2sa_tupleize
TIMER	1833.91	1842.43	1861.51	3	isa2sa_samplesort
TIMER	52.8051	57.356	65.6385	3	isa2sa_untupleize
TIMER	1997.15	1997.41	1997.63	2	ISA-to-SA
iteration 16384: unfinished buckets = 101503
TIMER	18.864	19.4431	19.6046	2	rebucket
TIMER	145.192	149.426	157.211	3	sa2isa_bucketing
TIMER	747.381	751.907	754.725	3	sa2isa_all2all
TIMER	94.1251	99.2634	103.324	3	sa2isa_rearrange
TIMER	1017.16	1017.17	1017.25	2	SA-to-ISA
TIMER	0.000287	0.000532633	0.001649	2	sac-iteration
TIMER	14.1469	22.0096	33.4142	2	shift-buckets
TIMER	63.4062	66.0906	68.5127	3	isa2sa_tupleize
TIMER	1828.43	1836.59	1855.36	3	isa2sa_samplesort
TIMER	52.735	57.3636	65.8123	3	isa2sa_untupleize
TIMER	1991.85	1992.12	1992.33	2	ISA-to-SA
iteration 32768: unfinished buckets = 2096
TIMER	19.4399	19.5626	19.7362	2	rebucket
TIMER	145.171	149.535	171.137	3	sa2isa_bucketing
TIMER	747.007	752.976	755.625	3	sa2isa_all2all
TIMER	94.5692	99.2795	103.701	3	sa2isa_rearrange
TIMER	1032.41	1032.43	1032.48	2	SA-to-ISA
TIMER	0.000311	0.000539782	0.003748	2	sac-iteration
TIMER	14.3837	21.9387	32.9923	2	shift-buckets
TIMER	63.5353	66.0721	74.203	3	isa2sa_tupleize
TIMER	1825.91	1834.57	1856.21	3	isa2sa_samplesort
TIMER	52.809	57.3686	65.8909	3	isa2sa_untupleize
TIMER	2000.64	2000.87	2001.08	2	ISA-to-SA
iteration 65536: unfinished buckets = 0
TIMER	19.2474	19.7936	19.9682	2	rebucket
TIMER	145.439	152.678	166.842	3	sa2isa_bucketing
TIMER	721.148	724.863	728.075	3	sa2isa_all2all
TIMER	94.1694	99.2898	103.684	3	sa2isa_rearrange
TIMER	1017.4	1017.41	1017.43	2	SA-to-ISA
TIMER	0.001406	1.30761	2.4208	2	sac-iteration
TIMER	51307.6	51308.2	51309.3	1	construct-msgs
TIMER	8.9434	9.42864	10.4554	1	fix-isa
