### Running iteration 1 with p = 1280 processors ###Detecting sigma=4 => l=3, k=21
TIMER	20.2359	21.2277	23.0164	1	initial-bucketing
TIMER	46.3505	48.9325	50.6349	2	arr-tupelize
TIMER	21.9253	26.5431	63.0038	2	shift-buckets
TIMER	310.583	310.598	310.62	4	local_sort
TIMER	191.885	192.101	192.444	4	get_splitters
TIMER	1.28976	1.49634	1.67022	4	send_counts
TIMER	859.067	865.787	873.9	4	all2all
TIMER	455.848	455.879	455.91	4	local_merge
TIMER	26.7888	33.8492	47.9535	4	fix_partition
TIMER	1895.69	1895.93	1896.2	3	isa2sa_samplesort
TIMER	1898.13	1898.16	1898.18	2	ISA-to-SA
iteration 21: unfinished buckets = 0
TIMER	58.5072	58.8438	60.2016	2	rebucket
TIMER	18.2093	18.605	19.0828	2	arr-untupelize
TIMER	129.883	133.34	164.918	3	sa2isa_bucketing
TIMER	661.882	664.414	666.037	3	sa2isa_all2all
TIMER	73.9136	78.0558	81.4542	3	sa2isa_rearrange
TIMER	949.476	949.825	950.042	2	SA-to-ISA
Starting Bucket chasing algorithm
==== chaising iteration 42 unresolved = 252565180
==== chaising iteration 42 unfinished = 51313051
==== chaising iteration 84 unresolved = 83264472
==== chaising iteration 84 unfinished = 25014138
==== chaising iteration 168 unresolved = 39125110
==== chaising iteration 168 unfinished = 14728266
==== chaising iteration 336 unresolved = 21253898
==== chaising iteration 336 unfinished = 9155159
==== chaising iteration 672 unresolved = 12458753
==== chaising iteration 672 unfinished = 5704526
==== chaising iteration 1344 unresolved = 7057961
==== chaising iteration 1344 unfinished = 3349572
==== chaising iteration 2688 unresolved = 3830919
==== chaising iteration 2688 unfinished = 1858430
==== chaising iteration 5376 unresolved = 1897267
==== chaising iteration 5376 unfinished = 927479
==== chaising iteration 10752 unresolved = 887691
==== chaising iteration 10752 unfinished = 430529
==== chaising iteration 21504 unresolved = 397767
==== chaising iteration 21504 unfinished = 190943
==== chaising iteration 43008 unresolved = 91070
==== chaising iteration 43008 unfinished = 45535
==== chaising iteration 86016 unresolved = 0
==== chaising iteration 86016 unfinished = 0
TIMER	5350.55	5350.61	5351.59	1	construct-msgs
TIMER	6.81486	7.30936	8.11571	1	fix-isa
PSAC time: 7527.02 ms
### Running iteration 1 with p = 1600 processors ###Detecting sigma=4 => l=3, k=21
TIMER	16.5104	17.3859	41.0662	1	initial-bucketing
TIMER	36.9077	39.1764	40.4893	2	arr-tupelize
TIMER	17.3059	18.9971	46.1845	2	shift-buckets
TIMER	241.692	241.698	241.709	4	local_sort
TIMER	313.468	314.512	314.837	4	get_splitters
TIMER	1.22715	1.6951	1.90135	4	send_counts
TIMER	762.907	767.283	771.504	4	all2all
TIMER	384.217	385.23	385.263	4	local_merge
TIMER	22.2551	28.0195	40.943	4	fix_partition
TIMER	1759.99	1760.22	1760.95	3	isa2sa_samplesort
TIMER	1762.3	1762.37	1762.39	2	ISA-to-SA
iteration 21: unfinished buckets = 0
TIMER	25.7463	37.1875	42.7182	2	rebucket
TIMER	14.0434	14.9477	15.383	2	arr-untupelize
TIMER	98.3611	100.678	127.546	3	sa2isa_bucketing
TIMER	590.704	592.306	593.946	3	sa2isa_all2all
TIMER	56.3186	61.0703	65.1426	3	sa2isa_rearrange
TIMER	812.327	812.936	813.269	2	SA-to-ISA
Starting Bucket chasing algorithm
==== chaising iteration 42 unresolved = 252565180
==== chaising iteration 42 unfinished = 51313051
==== chaising iteration 84 unresolved = 83264472
==== chaising iteration 84 unfinished = 25014138
==== chaising iteration 168 unresolved = 39125110
==== chaising iteration 168 unfinished = 14728266
==== chaising iteration 336 unresolved = 21253898
==== chaising iteration 336 unfinished = 9155159
==== chaising iteration 672 unresolved = 12458753
==== chaising iteration 672 unfinished = 5704526
==== chaising iteration 1344 unresolved = 7057961
==== chaising iteration 1344 unfinished = 3349572
==== chaising iteration 2688 unresolved = 3830919
==== chaising iteration 2688 unfinished = 1858430
==== chaising iteration 5376 unresolved = 1897267
==== chaising iteration 5376 unfinished = 927479
==== chaising iteration 10752 unresolved = 887691
==== chaising iteration 10752 unfinished = 430529
==== chaising iteration 21504 unresolved = 397767
==== chaising iteration 21504 unfinished = 190943
==== chaising iteration 43008 unresolved = 91070
==== chaising iteration 43008 unfinished = 45535
==== chaising iteration 86016 unresolved = 0
==== chaising iteration 86016 unfinished = 0
TIMER	4833.81	4834.77	4835.62	1	construct-msgs
TIMER	5.07238	5.75871	6.44732	1	fix-isa
PSAC time: 7261.31 ms
### Running iteration 2 with p = 1280 processors ###Detecting sigma=4 => l=3, k=21
TIMER	20.2041	21.173	22.7576	1	initial-bucketing
TIMER	46.1875	48.9457	50.5247	2	arr-tupelize
TIMER	21.5531	22.4998	23.6211	2	shift-buckets
TIMER	308.694	308.71	312.741	4	local_sort
TIMER	191.826	192.875	193.187	4	get_splitters
TIMER	1.19141	1.48068	1.64966	4	send_counts
TIMER	877.48	884.497	891.025	4	all2all
TIMER	453.334	454.018	454.048	4	local_merge
TIMER	27.7435	34.3339	48.4362	4	fix_partition
TIMER	1905.78	1906.05	1906.39	3	isa2sa_samplesort
TIMER	1907.43	1907.45	1907.47	2	ISA-to-SA
iteration 21: unfinished buckets = 0
TIMER	31.2059	31.808	33.6588	2	rebucket
TIMER	18.0201	18.6084	18.9814	2	arr-untupelize
TIMER	129.808	133.367	165.697	3	sa2isa_bucketing
TIMER	637.532	640.334	642.372	3	sa2isa_all2all
TIMER	73.7462	78.0031	81.0611	3	sa2isa_rearrange
TIMER	921.464	921.937	922.149	2	SA-to-ISA
Starting Bucket chasing algorithm
==== chaising iteration 42 unresolved = 252565180
==== chaising iteration 42 unfinished = 51313051
==== chaising iteration 84 unresolved = 83264472
==== chaising iteration 84 unfinished = 25014138
==== chaising iteration 168 unresolved = 39125110
==== chaising iteration 168 unfinished = 14728266
==== chaising iteration 336 unresolved = 21253898
==== chaising iteration 336 unfinished = 9155159
==== chaising iteration 672 unresolved = 12458753
==== chaising iteration 672 unfinished = 5704526
==== chaising iteration 1344 unresolved = 7057961
==== chaising iteration 1344 unfinished = 3349572
==== chaising iteration 2688 unresolved = 3830919
==== chaising iteration 2688 unfinished = 1858430
==== chaising iteration 5376 unresolved = 1897267
==== chaising iteration 5376 unfinished = 927479
==== chaising iteration 10752 unresolved = 887691
==== chaising iteration 10752 unfinished = 430529
==== chaising iteration 21504 unresolved = 397767
==== chaising iteration 21504 unfinished = 190943
==== chaising iteration 43008 unresolved = 91070
==== chaising iteration 43008 unfinished = 45535
==== chaising iteration 86016 unresolved = 0
==== chaising iteration 86016 unfinished = 0
TIMER	5175.03	5175.64	5176.73	1	construct-msgs
TIMER	6.90793	7.29449	8.4656	1	fix-isa
PSAC time: 5215.13 ms
### Running iteration 2 with p = 1600 processors ###Detecting sigma=4 => l=3, k=21
TIMER	16.4178	17.1712	35.7166	1	initial-bucketing
TIMER	36.4173	39.1417	52.1054	2	arr-tupelize
TIMER	17.4475	18.0219	19.6454	2	shift-buckets
TIMER	242.237	243.789	243.834	4	local_sort
TIMER	313.834	314.768	315.119	4	get_splitters
TIMER	1.25878	1.7358	1.8831	4	send_counts
TIMER	755.773	764.005	771.746	4	all2all
TIMER	382.995	383.586	383.618	4	local_merge
TIMER	22.1942	28.1388	40.8332	4	fix_partition
TIMER	1765.65	1766.04	1766.75	3	isa2sa_samplesort
TIMER	1767.96	1768.06	1768.07	2	ISA-to-SA
iteration 21: unfinished buckets = 0
TIMER	25.2462	26.0365	27.3154	2	rebucket
TIMER	14.0722	14.9581	15.4283	2	arr-untupelize
TIMER	98.3289	100.751	128.762	3	sa2isa_bucketing
TIMER	579.637	581.542	582.667	3	sa2isa_all2all
TIMER	56.4852	61.0815	64.6832	3	sa2isa_rearrange
TIMER	801.93	802.536	802.896	2	SA-to-ISA
Starting Bucket chasing algorithm
==== chaising iteration 42 unresolved = 252565180
==== chaising iteration 42 unfinished = 51313051
==== chaising iteration 84 unresolved = 83264472
==== chaising iteration 84 unfinished = 25014138
==== chaising iteration 168 unresolved = 39125110
==== chaising iteration 168 unfinished = 14728266
==== chaising iteration 336 unresolved = 21253898
==== chaising iteration 336 unfinished = 9155159
==== chaising iteration 672 unresolved = 12458753
==== chaising iteration 672 unfinished = 5704526
==== chaising iteration 1344 unresolved = 7057961
==== chaising iteration 1344 unfinished = 3349572
==== chaising iteration 2688 unresolved = 3830919
==== chaising iteration 2688 unfinished = 1858430
==== chaising iteration 5376 unresolved = 1897267
==== chaising iteration 5376 unfinished = 927479
==== chaising iteration 10752 unresolved = 887691
==== chaising iteration 10752 unfinished = 430529
==== chaising iteration 21504 unresolved = 397767
==== chaising iteration 21504 unfinished = 190943
==== chaising iteration 43008 unresolved = 91070
==== chaising iteration 43008 unfinished = 45535
==== chaising iteration 86016 unresolved = 0
==== chaising iteration 86016 unfinished = 0
TIMER	4874.47	4875.69	4876.53	1	construct-msgs
TIMER	4.93491	5.74967	6.14704	1	fix-isa
PSAC time: 4944.87 ms
### Running iteration 3 with p = 1280 processors ###Detecting sigma=4 => l=3, k=21
TIMER	20.2214	21.1781	23.5962	1	initial-bucketing
TIMER	46.5059	48.9829	59.6147	2	arr-tupelize
TIMER	21.7742	22.511	24.1709	2	shift-buckets
TIMER	310.043	310.051	310.063	4	local_sort
TIMER	191.683	192.373	192.598	4	get_splitters
TIMER	1.1354	1.51813	1.64919	4	send_counts
TIMER	860.225	867.861	871.858	4	all2all
TIMER	455.091	455.856	455.885	4	local_merge
TIMER	27.445	34.1784	49.0541	4	fix_partition
TIMER	1884.89	1885.13	1885.57	3	isa2sa_samplesort
TIMER	1886.65	1886.66	1886.68	2	ISA-to-SA
iteration 21: unfinished buckets = 0
TIMER	31.0231	31.7387	33.7011	2	rebucket
TIMER	18.0651	18.6162	20.1085	2	arr-untupelize
TIMER	129.282	133.415	165.81	3	sa2isa_bucketing
TIMER	644.762	647.029	648.974	3	sa2isa_all2all
TIMER	74.027	78.0641	82.1756	3	sa2isa_rearrange
TIMER	936.626	937.947	938.161	2	SA-to-ISA
Starting Bucket chasing algorithm
==== chaising iteration 42 unresolved = 252565180
==== chaising iteration 42 unfinished = 51313051
==== chaising iteration 84 unresolved = 83264472
==== chaising iteration 84 unfinished = 25014138
==== chaising iteration 168 unresolved = 39125110
==== chaising iteration 168 unfinished = 14728266
==== chaising iteration 336 unresolved = 21253898
==== chaising iteration 336 unfinished = 9155159
==== chaising iteration 672 unresolved = 12458753
==== chaising iteration 672 unfinished = 5704526
==== chaising iteration 1344 unresolved = 7057961
==== chaising iteration 1344 unfinished = 3349572
==== chaising iteration 2688 unresolved = 3830919
==== chaising iteration 2688 unfinished = 1858430
==== chaising iteration 5376 unresolved = 1897267
==== chaising iteration 5376 unfinished = 927479
==== chaising iteration 10752 unresolved = 887691
==== chaising iteration 10752 unfinished = 430529
==== chaising iteration 21504 unresolved = 397767
==== chaising iteration 21504 unfinished = 190943
==== chaising iteration 43008 unresolved = 91070
==== chaising iteration 43008 unfinished = 45535
==== chaising iteration 86016 unresolved = 0
==== chaising iteration 86016 unfinished = 0
TIMER	5236.43	5237.06	5238.05	1	construct-msgs
TIMER	6.84241	7.2871	7.93177	1	fix-isa
PSAC time: 5307.23 ms
### Running iteration 3 with p = 1600 processors ###Detecting sigma=4 => l=3, k=21
TIMER	16.3663	17.107	18.6105	1	initial-bucketing
TIMER	36.9397	39.1819	42.9619	2	arr-tupelize
TIMER	16.8763	18.0166	19.5132	2	shift-buckets
TIMER	248.767	248.807	248.823	4	local_sort
TIMER	313.947	314.699	314.936	4	get_splitters
TIMER	1.23904	1.71042	1.90269	4	send_counts
TIMER	758.528	763.798	766.749	4	all2all
TIMER	384.343	385.329	385.363	4	local_merge
TIMER	22.2237	28.2877	42.1911	4	fix_partition
TIMER	1764.67	1764.91	1765.67	3	isa2sa_samplesort
TIMER	1766.97	1767.05	1767.07	2	ISA-to-SA
iteration 21: unfinished buckets = 0
TIMER	25.3273	26.0721	27.4018	2	rebucket
TIMER	14.0418	14.9553	15.4336	2	arr-untupelize
TIMER	98.4694	100.783	127.639	3	sa2isa_bucketing
TIMER	564.644	568.191	570.368	3	sa2isa_all2all
TIMER	56.9724	61.0572	64.5576	3	sa2isa_rearrange
TIMER	788.401	788.991	789.293	2	SA-to-ISA
Starting Bucket chasing algorithm
==== chaising iteration 42 unresolved = 252565180
==== chaising iteration 42 unfinished = 51313051
==== chaising iteration 84 unresolved = 83264472
==== chaising iteration 84 unfinished = 25014138
==== chaising iteration 168 unresolved = 39125110
==== chaising iteration 168 unfinished = 14728266
==== chaising iteration 336 unresolved = 21253898
==== chaising iteration 336 unfinished = 9155159
==== chaising iteration 672 unresolved = 12458753
==== chaising iteration 672 unfinished = 5704526
==== chaising iteration 1344 unresolved = 7057961
==== chaising iteration 1344 unfinished = 3349572
==== chaising iteration 2688 unresolved = 3830919
==== chaising iteration 2688 unfinished = 1858430
==== chaising iteration 5376 unresolved = 1897267
==== chaising iteration 5376 unfinished = 927479
==== chaising iteration 10752 unresolved = 887691
==== chaising iteration 10752 unfinished = 430529
==== chaising iteration 21504 unresolved = 397767
==== chaising iteration 21504 unfinished = 190943
==== chaising iteration 43008 unresolved = 91070
==== chaising iteration 43008 unfinished = 45535
==== chaising iteration 86016 unresolved = 0
==== chaising iteration 86016 unfinished = 0
TIMER	4779.72	4780.6	4781.58	1	construct-msgs
TIMER	4.94998	5.77872	6.43336	1	fix-isa
PSAC time: 4849.05 ms
### Running iteration 4 with p = 1280 processors ###Detecting sigma=4 => l=3, k=21
TIMER	20.1433	21.1311	23.2612	1	initial-bucketing
TIMER	46.391	48.8814	50.432	2	arr-tupelize
TIMER	21.7904	22.526	23.8259	2	shift-buckets
TIMER	310.827	310.838	310.87	4	local_sort
TIMER	191.904	192.576	193.549	4	get_splitters
TIMER	1.14781	1.48426	1.70544	4	send_counts
TIMER	845.025	853.81	858.074	4	all2all
TIMER	453.745	454.427	454.452	4	local_merge
TIMER	27.5972	34.1686	47.8718	4	fix_partition
TIMER	1869.97	1870.2	1870.65	3	isa2sa_samplesort
TIMER	1871.69	1871.71	1871.73	2	ISA-to-SA
iteration 21: unfinished buckets = 0
TIMER	31.0122	31.6892	33.636	2	rebucket
TIMER	17.8946	18.609	19.093	2	arr-untupelize
TIMER	129.437	133.37	165.485	3	sa2isa_bucketing
TIMER	632.744	634.67	636.725	3	sa2isa_all2all
TIMER	72.0018	78.1404	82.4591	3	sa2isa_rearrange
TIMER	917.092	917.574	917.827	2	SA-to-ISA
Starting Bucket chasing algorithm
==== chaising iteration 42 unresolved = 252565180
==== chaising iteration 42 unfinished = 51313051
==== chaising iteration 84 unresolved = 83264472
==== chaising iteration 84 unfinished = 25014138
==== chaising iteration 168 unresolved = 39125110
==== chaising iteration 168 unfinished = 14728266
==== chaising iteration 336 unresolved = 21253898
==== chaising iteration 336 unfinished = 9155159
==== chaising iteration 672 unresolved = 12458753
==== chaising iteration 672 unfinished = 5704526
==== chaising iteration 1344 unresolved = 7057961
==== chaising iteration 1344 unfinished = 3349572
==== chaising iteration 2688 unresolved = 3830919
==== chaising iteration 2688 unfinished = 1858430
==== chaising iteration 5376 unresolved = 1897267
==== chaising iteration 5376 unfinished = 927479
==== chaising iteration 10752 unresolved = 887691
==== chaising iteration 10752 unfinished = 430529
==== chaising iteration 21504 unresolved = 397767
==== chaising iteration 21504 unfinished = 190943
==== chaising iteration 43008 unresolved = 91070
==== chaising iteration 43008 unfinished = 45535
==== chaising iteration 86016 unresolved = 0
==== chaising iteration 86016 unfinished = 0
TIMER	5081.75	5082.36	5083.3	1	construct-msgs
TIMER	6.64277	7.30192	8.0255	1	fix-isa
PSAC time: 5122.73 ms
### Running iteration 4 with p = 1600 processors ###Detecting sigma=4 => l=3, k=21
TIMER	16.3512	17.0482	18.707	1	initial-bucketing
TIMER	37.0281	39.1549	40.6293	2	arr-tupelize
TIMER	17.1549	17.9935	19.3078	2	shift-buckets
TIMER	271.875	273.126	279.528	4	local_sort
TIMER	313.677	314.666	323.329	4	get_splitters
TIMER	0.9372	1.68851	14.1799	4	send_counts
TIMER	784.303	793.288	800.524	4	all2all
TIMER	381.262	382.459	383.774	4	local_merge
TIMER	22.6439	28.3473	41.6084	4	fix_partition
TIMER	1891.55	1891.83	1892.86	3	isa2sa_samplesort
TIMER	1897.34	1898.19	1898.41	2	ISA-to-SA
iteration 21: unfinished buckets = 0
TIMER	26.9144	28.5689	31.2904	2	rebucket
TIMER	13.7555	14.9296	16.9823	2	arr-untupelize
TIMER	98.4658	100.955	126.021	3	sa2isa_bucketing
TIMER	580.748	583.325	586.182	3	sa2isa_all2all
TIMER	57.1138	61.0313	64.9076	3	sa2isa_rearrange
TIMER	812.721	812.961	813.206	2	SA-to-ISA
Starting Bucket chasing algorithm
==== chaising iteration 42 unresolved = 252565180
==== chaising iteration 42 unfinished = 51313051
==== chaising iteration 84 unresolved = 83264472
==== chaising iteration 84 unfinished = 25014138
==== chaising iteration 168 unresolved = 39125110
==== chaising iteration 168 unfinished = 14728266
==== chaising iteration 336 unresolved = 21253898
==== chaising iteration 336 unfinished = 9155159
==== chaising iteration 672 unresolved = 12458753
==== chaising iteration 672 unfinished = 5704526
==== chaising iteration 1344 unresolved = 7057961
==== chaising iteration 1344 unfinished = 3349572
==== chaising iteration 2688 unresolved = 3830919
==== chaising iteration 2688 unfinished = 1858430
==== chaising iteration 5376 unresolved = 1897267
==== chaising iteration 5376 unfinished = 927479
==== chaising iteration 10752 unresolved = 887691
==== chaising iteration 10752 unfinished = 430529
==== chaising iteration 21504 unresolved = 397767
==== chaising iteration 21504 unfinished = 190943
==== chaising iteration 43008 unresolved = 91070
==== chaising iteration 43008 unfinished = 45535
==== chaising iteration 86016 unresolved = 0
==== chaising iteration 86016 unfinished = 0
TIMER	4923.33	4924.15	4924.95	1	construct-msgs
TIMER	5.06154	5.75546	6.20614	1	fix-isa
PSAC time: 5012.87 ms
