### Running iteration 1 with p = 64 processors ###
Detecting sigma=4 => l=3, k=21
TIMER	419.787	426.309	433.005	1	initial-bucketing
TIMER	962.665	977.205	987.061	2	arr-tupelize
TIMER	447.289	454.073	469.435	2	shift-buckets
TIMER	19457.1	19546	19847.8	3	isa2sa_samplesort
TIMER	19848.2	19848.2	19848.2	2	ISA-to-SA
iteration 21: unfinished buckets = 0
TIMER	598.589	601.876	605.841	2	rebucket
TIMER	362.935	368.562	379.895	2	arr-untupelize
TIMER	2398.4	2420.38	2494.16	3	sa2isa_bucketing
TIMER	3574.39	3600.08	3621.2	3	sa2isa_all2all
TIMER	1701.18	1713.46	1725.76	3	sa2isa_rearrange
TIMER	8474.37	8474.57	8474.79	2	SA-to-ISA
Starting Bucket chasing algorithm
==== chaising iteration 42 unresolved = 252565180
==== chaising iteration 42 unfinished = 51313051
==== chaising iteration 84 unresolved = 83264472
==== chaising iteration 84 unfinished = 25014138
==== chaising iteration 168 unresolved = 39125110
==== chaising iteration 168 unfinished = 14728266
==== chaising iteration 336 unresolved = 21253898
==== chaising iteration 336 unfinished = 9155159
==== chaising iteration 672 unresolved = 12458753
==== chaising iteration 672 unfinished = 5704526
==== chaising iteration 1344 unresolved = 7057961
==== chaising iteration 1344 unfinished = 3349572
==== chaising iteration 2688 unresolved = 3830919
==== chaising iteration 2688 unfinished = 1858430
==== chaising iteration 5376 unresolved = 1897267
==== chaising iteration 5376 unfinished = 927479
==== chaising iteration 10752 unresolved = 887691
==== chaising iteration 10752 unfinished = 430529
==== chaising iteration 21504 unresolved = 397767
==== chaising iteration 21504 unfinished = 190943
==== chaising iteration 43008 unresolved = 91070
==== chaising iteration 43008 unfinished = 45535
==== chaising iteration 86016 unresolved = 0
==== chaising iteration 86016 unfinished = 0
TIMER	37847.3	37847.5	37847.6	1	construct-msgs
TIMER	148.125	150.086	152.95	1	fix-isa
PSAC time: 40362.9 ms
### Running iteration 1 with p = 128 processors ###
Detecting sigma=4 => l=3, k=21
TIMER	201.089	210.342	220.265	1	initial-bucketing
TIMER	477.397	490.143	496.173	2	arr-tupelize
TIMER	222.085	224.949	227.998	2	shift-buckets
TIMER	10411.2	10456.8	10607.9	3	isa2sa_samplesort
TIMER	10608.4	10608.4	10608.5	2	ISA-to-SA
iteration 21: unfinished buckets = 0
TIMER	302.292	304.246	307.384	2	rebucket
TIMER	182.95	184.643	186.554	2	arr-untupelize
TIMER	1360.94	1372.58	1398.47	3	sa2isa_bucketing
TIMER	2228.92	2247.61	2264.48	3	sa2isa_all2all
TIMER	844.998	851.827	858.567	3	sa2isa_rearrange
TIMER	4842.83	4843.03	4843.2	2	SA-to-ISA
Starting Bucket chasing algorithm
==== chaising iteration 42 unresolved = 252565180
==== chaising iteration 42 unfinished = 51313051
==== chaising iteration 84 unresolved = 83264472
==== chaising iteration 84 unfinished = 25014138
==== chaising iteration 168 unresolved = 39125110
==== chaising iteration 168 unfinished = 14728266
==== chaising iteration 336 unresolved = 21253898
==== chaising iteration 336 unfinished = 9155159
==== chaising iteration 672 unresolved = 12458753
==== chaising iteration 672 unfinished = 5704526
==== chaising iteration 1344 unresolved = 7057961
==== chaising iteration 1344 unfinished = 3349572
==== chaising iteration 2688 unresolved = 3830919
==== chaising iteration 2688 unfinished = 1858430
==== chaising iteration 5376 unresolved = 1897267
==== chaising iteration 5376 unfinished = 927479
==== chaising iteration 10752 unresolved = 887691
==== chaising iteration 10752 unfinished = 430529
==== chaising iteration 21504 unresolved = 397767
==== chaising iteration 21504 unfinished = 190943
==== chaising iteration 43008 unresolved = 91070
==== chaising iteration 43008 unfinished = 45535
==== chaising iteration 86016 unresolved = 0
==== chaising iteration 86016 unfinished = 0
TIMER	21711.8	21712	21712.4	1	construct-msgs
TIMER	73.6771	75.0173	76.5824	1	fix-isa
PSAC time: 22464.5 ms
### Running iteration 1 with p = 256 processors ###
Detecting sigma=4 => l=3, k=21
TIMER	99.7629	104.173	113.174	1	initial-bucketing
TIMER	239.803	245.76	252.054	2	arr-tupelize
TIMER	110.668	112.634	115.069	2	shift-buckets
TIMER	5834.53	5858.21	5933.28	3	isa2sa_samplesort
TIMER	5933.74	5933.74	5933.75	2	ISA-to-SA
iteration 21: unfinished buckets = 0
TIMER	153.796	154.998	157.603	2	rebucket
TIMER	91.5875	92.3269	93.4525	2	arr-untupelize
TIMER	630.624	641.38	678.348	3	sa2isa_bucketing
TIMER	1350.92	1367.89	1377.01	3	sa2isa_all2all
TIMER	418.135	421.853	426.519	3	sa2isa_rearrange
TIMER	2642.65	2642.94	2643.36	2	SA-to-ISA
Starting Bucket chasing algorithm
==== chaising iteration 42 unresolved = 252565180
==== chaising iteration 42 unfinished = 51313051
==== chaising iteration 84 unresolved = 83264472
==== chaising iteration 84 unfinished = 25014138
==== chaising iteration 168 unresolved = 39125110
==== chaising iteration 168 unfinished = 14728266
==== chaising iteration 336 unresolved = 21253898
==== chaising iteration 336 unfinished = 9155159
==== chaising iteration 672 unresolved = 12458753
==== chaising iteration 672 unfinished = 5704526
==== chaising iteration 1344 unresolved = 7057961
==== chaising iteration 1344 unfinished = 3349572
==== chaising iteration 2688 unresolved = 3830919
==== chaising iteration 2688 unfinished = 1858430
==== chaising iteration 5376 unresolved = 1897267
==== chaising iteration 5376 unfinished = 927479
==== chaising iteration 10752 unresolved = 887691
==== chaising iteration 10752 unfinished = 430529
==== chaising iteration 21504 unresolved = 397767
==== chaising iteration 21504 unfinished = 190943
==== chaising iteration 43008 unresolved = 91070
==== chaising iteration 43008 unfinished = 45535
==== chaising iteration 86016 unresolved = 0
==== chaising iteration 86016 unfinished = 0
TIMER	13483.3	13483.4	13484.7	1	construct-msgs
TIMER	36.5864	37.6475	39.5352	1	fix-isa
PSAC time: 14321.2 ms
### Running iteration 1 with p = 512 processors ###
Detecting sigma=4 => l=3, k=21
TIMER	49.8498	52.1179	55.2631	1	initial-bucketing
TIMER	118.78	122.614	125.512	2	arr-tupelize
TIMER	55.2127	58.9313	84.2375	2	shift-buckets
TIMER	3054.47	3070.12	3108.89	3	isa2sa_samplesort
TIMER	3109.44	3110.51	3110.53	2	ISA-to-SA
iteration 21: unfinished buckets = 0
TIMER	99.125	99.8006	102.003	2	rebucket
TIMER	45.77	46.2223	46.9048	2	arr-untupelize
TIMER	311.743	317.808	357.46	3	sa2isa_bucketing
TIMER	795.304	798.189	801.226	3	sa2isa_all2all
TIMER	201.35	205.963	210.975	3	sa2isa_rearrange
TIMER	1448.27	1448.65	1449	2	SA-to-ISA
Starting Bucket chasing algorithm
==== chaising iteration 42 unresolved = 252565180
==== chaising iteration 42 unfinished = 51313051
==== chaising iteration 84 unresolved = 83264472
==== chaising iteration 84 unfinished = 25014138
==== chaising iteration 168 unresolved = 39125110
==== chaising iteration 168 unfinished = 14728266
==== chaising iteration 336 unresolved = 21253898
==== chaising iteration 336 unfinished = 9155159
==== chaising iteration 672 unresolved = 12458753
==== chaising iteration 672 unfinished = 5704526
==== chaising iteration 1344 unresolved = 7057961
==== chaising iteration 1344 unfinished = 3349572
==== chaising iteration 2688 unresolved = 3830919
==== chaising iteration 2688 unfinished = 1858430
==== chaising iteration 5376 unresolved = 1897267
==== chaising iteration 5376 unfinished = 927479
==== chaising iteration 10752 unresolved = 887691
==== chaising iteration 10752 unfinished = 430529
==== chaising iteration 21504 unresolved = 397767
==== chaising iteration 21504 unfinished = 190943
==== chaising iteration 43008 unresolved = 91070
==== chaising iteration 43008 unfinished = 45535
==== chaising iteration 86016 unresolved = 0
==== chaising iteration 86016 unfinished = 0
TIMER	8299.32	8299.47	8300.43	1	construct-msgs
TIMER	18.0884	18.6916	20.0643	1	fix-isa
PSAC time: 9114.68 ms
### Running iteration 1 with p = 1024 processors ###
Detecting sigma=4 => l=3, k=21
TIMER	25.169	26.3028	28.4902	1	initial-bucketing
TIMER	58.5703	61.398	62.9995	2	arr-tupelize
TIMER	27.597	29.5067	53.2266	2	shift-buckets
TIMER	1949.63	1958.27	1985.31	3	isa2sa_samplesort
TIMER	1992.21	1992.65	1992.94	2	ISA-to-SA
iteration 21: unfinished buckets = 0
TIMER	54.3388	55.4516	64.3132	2	rebucket
TIMER	20.4116	23.1493	35.4691	2	arr-untupelize
TIMER	142.065	145.516	203.573	3	sa2isa_bucketing
TIMER	734.774	737.366	740.776	3	sa2isa_all2all
TIMER	94.1868	99.3975	106.505	3	sa2isa_rearrange
TIMER	1117.74	1125.42	1126.65	2	SA-to-ISA
Starting Bucket chasing algorithm
==== chaising iteration 42 unresolved = 252565180
==== chaising iteration 42 unfinished = 51313051
==== chaising iteration 84 unresolved = 83264472
==== chaising iteration 84 unfinished = 25014138
==== chaising iteration 168 unresolved = 39125110
==== chaising iteration 168 unfinished = 14728266
==== chaising iteration 336 unresolved = 21253898
==== chaising iteration 336 unfinished = 9155159
==== chaising iteration 672 unresolved = 12458753
==== chaising iteration 672 unfinished = 5704526
==== chaising iteration 1344 unresolved = 7057961
==== chaising iteration 1344 unfinished = 3349572
==== chaising iteration 2688 unresolved = 3830919
==== chaising iteration 2688 unfinished = 1858430
==== chaising iteration 5376 unresolved = 1897267
==== chaising iteration 5376 unfinished = 927479
==== chaising iteration 10752 unresolved = 887691
==== chaising iteration 10752 unfinished = 430529
==== chaising iteration 21504 unresolved = 397767
==== chaising iteration 21504 unfinished = 190943
==== chaising iteration 43008 unresolved = 91070
==== chaising iteration 43008 unfinished = 45535
==== chaising iteration 86016 unresolved = 0
==== chaising iteration 86016 unfinished = 0
TIMER	5724.13	5724.59	5725.5	1	construct-msgs
TIMER	8.86585	9.23826	10.2628	1	fix-isa
PSAC time: 6609.8 ms
### Running iteration 2 with p = 64 processors ###
Detecting sigma=4 => l=3, k=21
TIMER	402.919	420.707	448.521	1	initial-bucketing
TIMER	956.959	975.376	985.708	2	arr-tupelize
TIMER	445.094	448.184	454.359	2	shift-buckets
TIMER	19506.2	19607	19959.7	3	isa2sa_samplesort
TIMER	19960.3	19960.3	19960.4	2	ISA-to-SA
iteration 21: unfinished buckets = 0
TIMER	597.883	600.857	604.656	2	rebucket
TIMER	366.924	368.978	372.803	2	arr-untupelize
TIMER	2397.47	2412.21	2481.55	3	sa2isa_bucketing
TIMER	3576.15	3594.85	3619.27	3	sa2isa_all2all
TIMER	1704.2	1713.58	1725.93	3	sa2isa_rearrange
TIMER	8452.25	8452.48	8452.68	2	SA-to-ISA
Starting Bucket chasing algorithm
==== chaising iteration 42 unresolved = 252565180
==== chaising iteration 42 unfinished = 51313051
==== chaising iteration 84 unresolved = 83264472
==== chaising iteration 84 unfinished = 25014138
==== chaising iteration 168 unresolved = 39125110
==== chaising iteration 168 unfinished = 14728266
==== chaising iteration 336 unresolved = 21253898
==== chaising iteration 336 unfinished = 9155159
==== chaising iteration 672 unresolved = 12458753
==== chaising iteration 672 unfinished = 5704526
==== chaising iteration 1344 unresolved = 7057961
==== chaising iteration 1344 unfinished = 3349572
==== chaising iteration 2688 unresolved = 3830919
==== chaising iteration 2688 unfinished = 1858430
==== chaising iteration 5376 unresolved = 1897267
==== chaising iteration 5376 unfinished = 927479
==== chaising iteration 10752 unresolved = 887691
==== chaising iteration 10752 unfinished = 430529
==== chaising iteration 21504 unresolved = 397767
==== chaising iteration 21504 unfinished = 190943
==== chaising iteration 43008 unresolved = 91070
==== chaising iteration 43008 unfinished = 45535
==== chaising iteration 86016 unresolved = 0
==== chaising iteration 86016 unfinished = 0
TIMER	37877.3	37877.5	37877.8	1	construct-msgs
TIMER	147.863	149.673	152.546	1	fix-isa
PSAC time: 38614 ms
### Running iteration 2 with p = 128 processors ###
Detecting sigma=4 => l=3, k=21
TIMER	199.587	209.8	223.247	1	initial-bucketing
TIMER	480.044	490.597	498.627	2	arr-tupelize
TIMER	222.591	224.63	227.082	2	shift-buckets
TIMER	10402.6	10449.8	10574.7	3	isa2sa_samplesort
TIMER	10575.3	10575.3	10575.3	2	ISA-to-SA
iteration 21: unfinished buckets = 0
TIMER	322.203	326.863	345.233	2	rebucket
TIMER	174.425	183.353	194.365	2	arr-untupelize
TIMER	1361.05	1376.56	1422.15	3	sa2isa_bucketing
TIMER	2255.2	2277.82	2298.55	3	sa2isa_all2all
TIMER	844.971	851.59	858.765	3	sa2isa_rearrange
TIMER	4905.7	4905.85	4906.06	2	SA-to-ISA
Starting Bucket chasing algorithm
==== chaising iteration 42 unresolved = 252565180
==== chaising iteration 42 unfinished = 51313051
==== chaising iteration 84 unresolved = 83264472
==== chaising iteration 84 unfinished = 25014138
==== chaising iteration 168 unresolved = 39125110
==== chaising iteration 168 unfinished = 14728266
==== chaising iteration 336 unresolved = 21253898
==== chaising iteration 336 unfinished = 9155159
==== chaising iteration 672 unresolved = 12458753
==== chaising iteration 672 unfinished = 5704526
==== chaising iteration 1344 unresolved = 7057961
==== chaising iteration 1344 unfinished = 3349572
==== chaising iteration 2688 unresolved = 3830919
==== chaising iteration 2688 unfinished = 1858430
==== chaising iteration 5376 unresolved = 1897267
==== chaising iteration 5376 unfinished = 927479
==== chaising iteration 10752 unresolved = 887691
==== chaising iteration 10752 unfinished = 430529
==== chaising iteration 21504 unresolved = 397767
==== chaising iteration 21504 unfinished = 190943
==== chaising iteration 43008 unresolved = 91070
==== chaising iteration 43008 unfinished = 45535
==== chaising iteration 86016 unresolved = 0
==== chaising iteration 86016 unfinished = 0
TIMER	22021.6	22021.7	22021.9	1	construct-msgs
TIMER	74.1122	75.0995	76.9049	1	fix-isa
PSAC time: 22351.1 ms
### Running iteration 2 with p = 256 processors ###
Detecting sigma=4 => l=3, k=21
TIMER	100.24	103.889	116.637	1	initial-bucketing
TIMER	238.305	245.578	249.46	2	arr-tupelize
TIMER	110.108	112.383	115.125	2	shift-buckets
TIMER	5862.49	5892.29	5975.15	3	isa2sa_samplesort
TIMER	5975.64	5975.65	5975.91	2	ISA-to-SA
iteration 21: unfinished buckets = 0
TIMER	153.663	154.937	157.587	2	rebucket
TIMER	91.4402	92.2881	93.4008	2	arr-untupelize
TIMER	632.822	641.169	672.569	3	sa2isa_bucketing
TIMER	1340.84	1359.75	1369.78	3	sa2isa_all2all
TIMER	416.846	421.737	428.555	3	sa2isa_rearrange
TIMER	2635.23	2635.55	2635.77	2	SA-to-ISA
Starting Bucket chasing algorithm
==== chaising iteration 42 unresolved = 252565180
==== chaising iteration 42 unfinished = 51313051
==== chaising iteration 84 unresolved = 83264472
==== chaising iteration 84 unfinished = 25014138
==== chaising iteration 168 unresolved = 39125110
==== chaising iteration 168 unfinished = 14728266
==== chaising iteration 336 unresolved = 21253898
==== chaising iteration 336 unfinished = 9155159
==== chaising iteration 672 unresolved = 12458753
==== chaising iteration 672 unfinished = 5704526
==== chaising iteration 1344 unresolved = 7057961
==== chaising iteration 1344 unfinished = 3349572
==== chaising iteration 2688 unresolved = 3830919
==== chaising iteration 2688 unfinished = 1858430
==== chaising iteration 5376 unresolved = 1897267
==== chaising iteration 5376 unfinished = 927479
==== chaising iteration 10752 unresolved = 887691
==== chaising iteration 10752 unfinished = 430529
==== chaising iteration 21504 unresolved = 397767
==== chaising iteration 21504 unfinished = 190943
==== chaising iteration 43008 unresolved = 91070
==== chaising iteration 43008 unfinished = 45535
==== chaising iteration 86016 unresolved = 0
==== chaising iteration 86016 unfinished = 0
TIMER	13615	13615.1	13616.4	1	construct-msgs
TIMER	36.6667	37.4523	39.3568	1	fix-isa
PSAC time: 13828.6 ms
### Running iteration 2 with p = 512 processors ###
Detecting sigma=4 => l=3, k=21
TIMER	49.7251	51.7979	57.0544	1	initial-bucketing
TIMER	118.347	122.787	125.535	2	arr-tupelize
TIMER	55.1699	56.3782	58.1248	2	shift-buckets
TIMER	3069.31	3085.1	3115.96	3	isa2sa_samplesort
TIMER	3116.61	3116.62	3116.63	2	ISA-to-SA
iteration 21: unfinished buckets = 0
TIMER	77.8418	78.5405	80.76	2	rebucket
TIMER	45.7355	46.2337	46.9964	2	arr-untupelize
TIMER	312.389	317.845	344.663	3	sa2isa_bucketing
TIMER	803.555	806.082	808.532	3	sa2isa_all2all
TIMER	200.906	205.936	209.474	3	sa2isa_rearrange
TIMER	1441.99	1442.39	1442.7	2	SA-to-ISA
Starting Bucket chasing algorithm
==== chaising iteration 42 unresolved = 252565180
==== chaising iteration 42 unfinished = 51313051
==== chaising iteration 84 unresolved = 83264472
==== chaising iteration 84 unfinished = 25014138
==== chaising iteration 168 unresolved = 39125110
==== chaising iteration 168 unfinished = 14728266
==== chaising iteration 336 unresolved = 21253898
==== chaising iteration 336 unfinished = 9155159
==== chaising iteration 672 unresolved = 12458753
==== chaising iteration 672 unfinished = 5704526
==== chaising iteration 1344 unresolved = 7057961
==== chaising iteration 1344 unfinished = 3349572
==== chaising iteration 2688 unresolved = 3830919
==== chaising iteration 2688 unfinished = 1858430
==== chaising iteration 5376 unresolved = 1897267
==== chaising iteration 5376 unfinished = 927479
==== chaising iteration 10752 unresolved = 887691
==== chaising iteration 10752 unfinished = 430529
==== chaising iteration 21504 unresolved = 397767
==== chaising iteration 21504 unfinished = 190943
==== chaising iteration 43008 unresolved = 91070
==== chaising iteration 43008 unfinished = 45535
==== chaising iteration 86016 unresolved = 0
==== chaising iteration 86016 unfinished = 0
TIMER	8137.56	8137.74	8138.68	1	construct-msgs
TIMER	18.0415	18.705	19.9288	1	fix-isa
PSAC time: 8253.36 ms
### Running iteration 2 with p = 1024 processors ###
Detecting sigma=4 => l=3, k=21
TIMER	25.1351	26.1702	28.6515	1	initial-bucketing
TIMER	58.9948	61.5733	65.7602	2	arr-tupelize
TIMER	27.4737	28.2808	29.3455	2	shift-buckets
TIMER	2017.1	2024.32	2043.25	3	isa2sa_samplesort
TIMER	2044.36	2044.38	2044.41	2	ISA-to-SA
iteration 21: unfinished buckets = 0
TIMER	39.4644	40.1848	41.8441	2	rebucket
TIMER	22.8691	23.2741	37.8748	2	arr-untupelize
TIMER	142.074	144.707	173.341	3	sa2isa_bucketing
TIMER	761.052	763.574	768.956	3	sa2isa_all2all
TIMER	94.1374	99.4393	104.08	3	sa2isa_rearrange
TIMER	1095.01	1095.82	1096.07	2	SA-to-ISA
Starting Bucket chasing algorithm
==== chaising iteration 42 unresolved = 252565180
==== chaising iteration 42 unfinished = 51313051
==== chaising iteration 84 unresolved = 83264472
==== chaising iteration 84 unfinished = 25014138
==== chaising iteration 168 unresolved = 39125110
==== chaising iteration 168 unfinished = 14728266
==== chaising iteration 336 unresolved = 21253898
==== chaising iteration 336 unfinished = 9155159
==== chaising iteration 672 unresolved = 12458753
==== chaising iteration 672 unfinished = 5704526
==== chaising iteration 1344 unresolved = 7057961
==== chaising iteration 1344 unfinished = 3349572
==== chaising iteration 2688 unresolved = 3830919
==== chaising iteration 2688 unfinished = 1858430
==== chaising iteration 5376 unresolved = 1897267
==== chaising iteration 5376 unfinished = 927479
==== chaising iteration 10752 unresolved = 887691
==== chaising iteration 10752 unfinished = 430529
==== chaising iteration 21504 unresolved = 397767
==== chaising iteration 21504 unfinished = 190943
==== chaising iteration 43008 unresolved = 91070
==== chaising iteration 43008 unfinished = 45535
==== chaising iteration 86016 unresolved = 0
==== chaising iteration 86016 unfinished = 0
TIMER	5533.28	5533.66	5534.58	1	construct-msgs
TIMER	8.86013	9.2273	10.1372	1	fix-isa
PSAC time: 5587.28 ms
### Running iteration 3 with p = 64 processors ###
Detecting sigma=4 => l=3, k=21
TIMER	423.887	430.952	437.696	1	initial-bucketing
TIMER	958.461	976.634	986.431	2	arr-tupelize
TIMER	447.038	449.753	454.998	2	shift-buckets
TIMER	19578.2	19670.4	19939.5	3	isa2sa_samplesort
TIMER	19940.3	19940.3	19940.3	2	ISA-to-SA
iteration 21: unfinished buckets = 0
TIMER	597.093	600.747	604.915	2	rebucket
TIMER	367.615	369.33	372.849	2	arr-untupelize
TIMER	2399.12	2412.17	2474.18	3	sa2isa_bucketing
TIMER	3591.71	3613.86	3637.54	3	sa2isa_all2all
TIMER	1702.43	1712.77	1730.79	3	sa2isa_rearrange
TIMER	8465.98	8466.17	8466.39	2	SA-to-ISA
Starting Bucket chasing algorithm
==== chaising iteration 42 unresolved = 252565180
==== chaising iteration 42 unfinished = 51313051
==== chaising iteration 84 unresolved = 83264472
==== chaising iteration 84 unfinished = 25014138
==== chaising iteration 168 unresolved = 39125110
==== chaising iteration 168 unfinished = 14728266
==== chaising iteration 336 unresolved = 21253898
==== chaising iteration 336 unfinished = 9155159
==== chaising iteration 672 unresolved = 12458753
==== chaising iteration 672 unfinished = 5704526
==== chaising iteration 1344 unresolved = 7057961
==== chaising iteration 1344 unfinished = 3349572
==== chaising iteration 2688 unresolved = 3830919
==== chaising iteration 2688 unfinished = 1858430
==== chaising iteration 5376 unresolved = 1897267
==== chaising iteration 5376 unfinished = 927479
==== chaising iteration 10752 unresolved = 887691
==== chaising iteration 10752 unfinished = 430529
==== chaising iteration 21504 unresolved = 397767
==== chaising iteration 21504 unfinished = 190943
==== chaising iteration 43008 unresolved = 91070
==== chaising iteration 43008 unfinished = 45535
==== chaising iteration 86016 unresolved = 0
==== chaising iteration 86016 unfinished = 0
TIMER	37882	37882.2	37882.5	1	construct-msgs
TIMER	149.015	150.84	153.416	1	fix-isa
PSAC time: 38555 ms
### Running iteration 3 with p = 128 processors ###
Detecting sigma=4 => l=3, k=21
TIMER	203.77	209.972	223.868	1	initial-bucketing
TIMER	475.837	489.226	500.352	2	arr-tupelize
TIMER	221.909	224.768	227.244	2	shift-buckets
TIMER	10359.6	10410	10569	3	isa2sa_samplesort
TIMER	10569.4	10569.5	10569.6	2	ISA-to-SA
iteration 21: unfinished buckets = 0
TIMER	302.221	304.392	307.493	2	rebucket
TIMER	182.739	184.721	187.344	2	arr-untupelize
TIMER	1360.1	1371.83	1471.92	3	sa2isa_bucketing
TIMER	2236.48	2252.68	2265.59	3	sa2isa_all2all
TIMER	846.754	851.852	860.815	3	sa2isa_rearrange
TIMER	4918.46	4918.67	4918.92	2	SA-to-ISA
Starting Bucket chasing algorithm
==== chaising iteration 42 unresolved = 252565180
==== chaising iteration 42 unfinished = 51313051
==== chaising iteration 84 unresolved = 83264472
==== chaising iteration 84 unfinished = 25014138
==== chaising iteration 168 unresolved = 39125110
==== chaising iteration 168 unfinished = 14728266
==== chaising iteration 336 unresolved = 21253898
==== chaising iteration 336 unfinished = 9155159
==== chaising iteration 672 unresolved = 12458753
==== chaising iteration 672 unfinished = 5704526
==== chaising iteration 1344 unresolved = 7057961
==== chaising iteration 1344 unfinished = 3349572
==== chaising iteration 2688 unresolved = 3830919
==== chaising iteration 2688 unfinished = 1858430
==== chaising iteration 5376 unresolved = 1897267
==== chaising iteration 5376 unfinished = 927479
==== chaising iteration 10752 unresolved = 887691
==== chaising iteration 10752 unfinished = 430529
==== chaising iteration 21504 unresolved = 397767
==== chaising iteration 21504 unfinished = 190943
==== chaising iteration 43008 unresolved = 91070
==== chaising iteration 43008 unfinished = 45535
==== chaising iteration 86016 unresolved = 0
==== chaising iteration 86016 unfinished = 0
TIMER	21742.7	21742.8	21743.2	1	construct-msgs
TIMER	73.7755	75.1021	76.4987	1	fix-isa
PSAC time: 22112.3 ms
### Running iteration 3 with p = 256 processors ###
Detecting sigma=4 => l=3, k=21
TIMER	99.6581	103.67	113.22	1	initial-bucketing
TIMER	237.225	245.622	250.048	2	arr-tupelize
TIMER	110.404	112.611	114.857	2	shift-buckets
TIMER	5837.74	5863.2	5922.48	3	isa2sa_samplesort
TIMER	5923.3	5923.31	5923.32	2	ISA-to-SA
iteration 21: unfinished buckets = 0
TIMER	153.569	154.915	157.521	2	rebucket
TIMER	91.6067	92.3623	93.4968	2	arr-untupelize
TIMER	634.1	641.454	660.04	3	sa2isa_bucketing
TIMER	1332.24	1349.75	1357.67	3	sa2isa_all2all
TIMER	417.678	421.873	426.336	3	sa2isa_rearrange
TIMER	2606.71	2606.98	2607.26	2	SA-to-ISA
Starting Bucket chasing algorithm
==== chaising iteration 42 unresolved = 252565180
==== chaising iteration 42 unfinished = 51313051
==== chaising iteration 84 unresolved = 83264472
==== chaising iteration 84 unfinished = 25014138
==== chaising iteration 168 unresolved = 39125110
==== chaising iteration 168 unfinished = 14728266
==== chaising iteration 336 unresolved = 21253898
==== chaising iteration 336 unfinished = 9155159
==== chaising iteration 672 unresolved = 12458753
==== chaising iteration 672 unfinished = 5704526
==== chaising iteration 1344 unresolved = 7057961
==== chaising iteration 1344 unfinished = 3349572
==== chaising iteration 2688 unresolved = 3830919
==== chaising iteration 2688 unfinished = 1858430
==== chaising iteration 5376 unresolved = 1897267
==== chaising iteration 5376 unfinished = 927479
==== chaising iteration 10752 unresolved = 887691
==== chaising iteration 10752 unfinished = 430529
==== chaising iteration 21504 unresolved = 397767
==== chaising iteration 21504 unfinished = 190943
==== chaising iteration 43008 unresolved = 91070
==== chaising iteration 43008 unfinished = 45535
==== chaising iteration 86016 unresolved = 0
==== chaising iteration 86016 unfinished = 0
TIMER	13157.3	13157.4	13158.7	1	construct-msgs
TIMER	36.7831	37.4706	38.5233	1	fix-isa
PSAC time: 13374.8 ms
### Running iteration 3 with p = 512 processors ###
Detecting sigma=4 => l=3, k=21
TIMER	49.6852	51.8411	57.1779	1	initial-bucketing
TIMER	118.792	122.812	125.6	2	arr-tupelize
TIMER	55.4896	56.4095	57.7131	2	shift-buckets
TIMER	3061.49	3076.1	3104.96	3	isa2sa_samplesort
TIMER	3105.5	3105.51	3105.54	2	ISA-to-SA
iteration 21: unfinished buckets = 0
TIMER	78.1984	78.861	81.2657	2	rebucket
TIMER	45.656	46.1965	46.8918	2	arr-untupelize
TIMER	312.273	318.027	358.036	3	sa2isa_bucketing
TIMER	794.008	796.662	799.808	3	sa2isa_all2all
TIMER	201.566	206.027	211.988	3	sa2isa_rearrange
TIMER	1448.69	1449.01	1449.33	2	SA-to-ISA
Starting Bucket chasing algorithm
==== chaising iteration 42 unresolved = 252565180
==== chaising iteration 42 unfinished = 51313051
==== chaising iteration 84 unresolved = 83264472
==== chaising iteration 84 unfinished = 25014138
==== chaising iteration 168 unresolved = 39125110
==== chaising iteration 168 unfinished = 14728266
==== chaising iteration 336 unresolved = 21253898
==== chaising iteration 336 unfinished = 9155159
==== chaising iteration 672 unresolved = 12458753
==== chaising iteration 672 unfinished = 5704526
==== chaising iteration 1344 unresolved = 7057961
==== chaising iteration 1344 unfinished = 3349572
==== chaising iteration 2688 unresolved = 3830919
==== chaising iteration 2688 unfinished = 1858430
==== chaising iteration 5376 unresolved = 1897267
==== chaising iteration 5376 unfinished = 927479
==== chaising iteration 10752 unresolved = 887691
==== chaising iteration 10752 unfinished = 430529
==== chaising iteration 21504 unresolved = 397767
==== chaising iteration 21504 unfinished = 190943
==== chaising iteration 43008 unresolved = 91070
==== chaising iteration 43008 unfinished = 45535
==== chaising iteration 86016 unresolved = 0
==== chaising iteration 86016 unfinished = 0
TIMER	8230.75	8230.89	8231.8	1	construct-msgs
TIMER	18.0767	18.6629	19.4697	1	fix-isa
PSAC time: 8337.33 ms
### Running iteration 3 with p = 1024 processors ###
Detecting sigma=4 => l=3, k=21
TIMER	25.1746	26.2686	28.297	1	initial-bucketing
TIMER	58.9597	61.5777	63.283	2	arr-tupelize
TIMER	27.4352	28.2723	29.4969	2	shift-buckets
TIMER	2130.22	2138.47	2156.02	3	isa2sa_samplesort
TIMER	2157.02	2157.03	2157.05	2	ISA-to-SA
iteration 21: unfinished buckets = 0
TIMER	39.4376	39.8539	41.5664	2	rebucket
TIMER	22.7155	23.2581	23.959	2	arr-untupelize
TIMER	142.171	144.683	171.292	3	sa2isa_bucketing
TIMER	713.584	717.125	719.89	3	sa2isa_all2all
TIMER	95.5515	99.4752	107.424	3	sa2isa_rearrange
TIMER	1038.5	1039.3	1039.65	2	SA-to-ISA
Starting Bucket chasing algorithm
==== chaising iteration 42 unresolved = 252565180
==== chaising iteration 42 unfinished = 51313051
==== chaising iteration 84 unresolved = 83264472
==== chaising iteration 84 unfinished = 25014138
==== chaising iteration 168 unresolved = 39125110
==== chaising iteration 168 unfinished = 14728266
==== chaising iteration 336 unresolved = 21253898
==== chaising iteration 336 unfinished = 9155159
==== chaising iteration 672 unresolved = 12458753
==== chaising iteration 672 unfinished = 5704526
==== chaising iteration 1344 unresolved = 7057961
==== chaising iteration 1344 unfinished = 3349572
==== chaising iteration 2688 unresolved = 3830919
==== chaising iteration 2688 unfinished = 1858430
==== chaising iteration 5376 unresolved = 1897267
==== chaising iteration 5376 unfinished = 927479
==== chaising iteration 10752 unresolved = 887691
==== chaising iteration 10752 unfinished = 430529
==== chaising iteration 21504 unresolved = 397767
==== chaising iteration 21504 unfinished = 190943
==== chaising iteration 43008 unresolved = 91070
==== chaising iteration 43008 unfinished = 45535
==== chaising iteration 86016 unresolved = 0
==== chaising iteration 86016 unfinished = 0
TIMER	5547.11	5547.58	5548.49	1	construct-msgs
TIMER	8.79784	9.2324	10.0129	1	fix-isa
PSAC time: 5620.06 ms
### Running iteration 4 with p = 64 processors ###
Detecting sigma=4 => l=3, k=21
TIMER	409.421	427.033	443.837	1	initial-bucketing
TIMER	955.141	976.793	999.995	2	arr-tupelize
TIMER	445.871	448.399	453.426	2	shift-buckets
TIMER	19539.9	19664.5	19934.6	3	isa2sa_samplesort
TIMER	19935	19935	19935.1	2	ISA-to-SA
iteration 21: unfinished buckets = 0
TIMER	599.884	603.431	607.529	2	rebucket
TIMER	366.562	369.505	373.102	2	arr-untupelize
TIMER	2398.53	2413	2486.32	3	sa2isa_bucketing
TIMER	3586.8	3604.62	3627.16	3	sa2isa_all2all
TIMER	1701.61	1713.42	1727.64	3	sa2isa_rearrange
TIMER	8464.64	8464.88	8465.13	2	SA-to-ISA
Starting Bucket chasing algorithm
==== chaising iteration 42 unresolved = 252565180
==== chaising iteration 42 unfinished = 51313051
==== chaising iteration 84 unresolved = 83264472
==== chaising iteration 84 unfinished = 25014138
==== chaising iteration 168 unresolved = 39125110
==== chaising iteration 168 unfinished = 14728266
==== chaising iteration 336 unresolved = 21253898
==== chaising iteration 336 unfinished = 9155159
==== chaising iteration 672 unresolved = 12458753
==== chaising iteration 672 unfinished = 5704526
==== chaising iteration 1344 unresolved = 7057961
==== chaising iteration 1344 unfinished = 3349572
==== chaising iteration 2688 unresolved = 3830919
==== chaising iteration 2688 unfinished = 1858430
==== chaising iteration 5376 unresolved = 1897267
==== chaising iteration 5376 unfinished = 927479
==== chaising iteration 10752 unresolved = 887691
==== chaising iteration 10752 unfinished = 430529
==== chaising iteration 21504 unresolved = 397767
==== chaising iteration 21504 unfinished = 190943
==== chaising iteration 43008 unresolved = 91070
==== chaising iteration 43008 unfinished = 45535
==== chaising iteration 86016 unresolved = 0
==== chaising iteration 86016 unfinished = 0
TIMER	37876	37876.2	37876.3	1	construct-msgs
TIMER	149.136	150.438	152.43	1	fix-isa
PSAC time: 38478.4 ms
### Running iteration 4 with p = 128 processors ###
Detecting sigma=4 => l=3, k=21
TIMER	202.787	211.791	228.734	1	initial-bucketing
TIMER	479.758	490.163	497.726	2	arr-tupelize
TIMER	222.024	225.125	227.899	2	shift-buckets
TIMER	10484.9	10530.3	10649.9	3	isa2sa_samplesort
TIMER	10650.7	10650.7	10650.7	2	ISA-to-SA
iteration 21: unfinished buckets = 0
TIMER	302.123	304.149	307.188	2	rebucket
TIMER	183.091	184.671	187.807	2	arr-untupelize
TIMER	1360.09	1372.36	1412.89	3	sa2isa_bucketing
TIMER	2256.01	2276.16	2294.5	3	sa2isa_all2all
TIMER	840.971	851.207	860.683	3	sa2isa_rearrange
TIMER	4889.01	4889.42	4894.57	2	SA-to-ISA
Starting Bucket chasing algorithm
==== chaising iteration 42 unresolved = 252565180
==== chaising iteration 42 unfinished = 51313051
==== chaising iteration 84 unresolved = 83264472
==== chaising iteration 84 unfinished = 25014138
==== chaising iteration 168 unresolved = 39125110
==== chaising iteration 168 unfinished = 14728266
==== chaising iteration 336 unresolved = 21253898
==== chaising iteration 336 unfinished = 9155159
==== chaising iteration 672 unresolved = 12458753
==== chaising iteration 672 unfinished = 5704526
==== chaising iteration 1344 unresolved = 7057961
==== chaising iteration 1344 unfinished = 3349572
==== chaising iteration 2688 unresolved = 3830919
==== chaising iteration 2688 unfinished = 1858430
==== chaising iteration 5376 unresolved = 1897267
==== chaising iteration 5376 unfinished = 927479
==== chaising iteration 10752 unresolved = 887691
==== chaising iteration 10752 unfinished = 430529
==== chaising iteration 21504 unresolved = 397767
==== chaising iteration 21504 unfinished = 190943
==== chaising iteration 43008 unresolved = 91070
==== chaising iteration 43008 unfinished = 45535
==== chaising iteration 86016 unresolved = 0
==== chaising iteration 86016 unfinished = 0
TIMER	21992.2	21992.3	21993.6	1	construct-msgs
TIMER	74.0723	75.0369	77.0133	1	fix-isa
PSAC time: 22378.8 ms
### Running iteration 4 with p = 256 processors ###
Detecting sigma=4 => l=3, k=21
TIMER	99.8905	103.802	110.455	1	initial-bucketing
TIMER	239.069	245.32	250.675	2	arr-tupelize
TIMER	110.311	112.716	115.765	2	shift-buckets
TIMER	5858.45	5886.58	5956.89	3	isa2sa_samplesort
TIMER	5957.38	5957.39	5957.64	2	ISA-to-SA
iteration 21: unfinished buckets = 0
TIMER	153.837	155.132	157.805	2	rebucket
TIMER	91.3416	92.322	93.3799	2	arr-untupelize
TIMER	632.941	641.581	675.864	3	sa2isa_bucketing
TIMER	1352.28	1365.73	1373.82	3	sa2isa_all2all
TIMER	413.589	421.68	426.162	3	sa2isa_rearrange
TIMER	2636.35	2636.7	2637.02	2	SA-to-ISA
Starting Bucket chasing algorithm
==== chaising iteration 42 unresolved = 252565180
==== chaising iteration 42 unfinished = 51313051
==== chaising iteration 84 unresolved = 83264472
==== chaising iteration 84 unfinished = 25014138
==== chaising iteration 168 unresolved = 39125110
==== chaising iteration 168 unfinished = 14728266
==== chaising iteration 336 unresolved = 21253898
==== chaising iteration 336 unfinished = 9155159
==== chaising iteration 672 unresolved = 12458753
==== chaising iteration 672 unfinished = 5704526
==== chaising iteration 1344 unresolved = 7057961
==== chaising iteration 1344 unfinished = 3349572
==== chaising iteration 2688 unresolved = 3830919
==== chaising iteration 2688 unfinished = 1858430
==== chaising iteration 5376 unresolved = 1897267
==== chaising iteration 5376 unfinished = 927479
==== chaising iteration 10752 unresolved = 887691
==== chaising iteration 10752 unfinished = 430529
==== chaising iteration 21504 unresolved = 397767
==== chaising iteration 21504 unfinished = 190943
==== chaising iteration 43008 unresolved = 91070
==== chaising iteration 43008 unfinished = 45535
==== chaising iteration 86016 unresolved = 0
==== chaising iteration 86016 unfinished = 0
TIMER	13298.1	13298.2	13299.4	1	construct-msgs
TIMER	36.4849	37.5126	38.7597	1	fix-isa
PSAC time: 13505.1 ms
### Running iteration 4 with p = 512 processors ###
Detecting sigma=4 => l=3, k=21
TIMER	49.4256	51.9847	58.2584	1	initial-bucketing
TIMER	118.623	122.799	125.783	2	arr-tupelize
TIMER	55.2441	56.4254	59.7279	2	shift-buckets
TIMER	3071.89	3086.58	3117.59	3	isa2sa_samplesort
TIMER	3118.22	3118.23	3118.24	2	ISA-to-SA
iteration 21: unfinished buckets = 0
TIMER	94.1197	94.7841	97.0209	2	rebucket
TIMER	45.6973	46.2432	46.9135	2	arr-untupelize
TIMER	312.236	317.887	347.1	3	sa2isa_bucketing
TIMER	796.169	798.639	800.68	3	sa2isa_all2all
TIMER	200.756	206.036	210.181	3	sa2isa_rearrange
TIMER	1435.95	1436.31	1436.56	2	SA-to-ISA
Starting Bucket chasing algorithm
==== chaising iteration 42 unresolved = 252565180
==== chaising iteration 42 unfinished = 51313051
==== chaising iteration 84 unresolved = 83264472
==== chaising iteration 84 unfinished = 25014138
==== chaising iteration 168 unresolved = 39125110
==== chaising iteration 168 unfinished = 14728266
==== chaising iteration 336 unresolved = 21253898
==== chaising iteration 336 unfinished = 9155159
==== chaising iteration 672 unresolved = 12458753
==== chaising iteration 672 unfinished = 5704526
==== chaising iteration 1344 unresolved = 7057961
==== chaising iteration 1344 unfinished = 3349572
==== chaising iteration 2688 unresolved = 3830919
==== chaising iteration 2688 unfinished = 1858430
==== chaising iteration 5376 unresolved = 1897267
==== chaising iteration 5376 unfinished = 927479
==== chaising iteration 10752 unresolved = 887691
==== chaising iteration 10752 unfinished = 430529
==== chaising iteration 21504 unresolved = 397767
==== chaising iteration 21504 unfinished = 190943
==== chaising iteration 43008 unresolved = 91070
==== chaising iteration 43008 unfinished = 45535
==== chaising iteration 86016 unresolved = 0
==== chaising iteration 86016 unfinished = 0
TIMER	8041.35	8041.47	8042.35	1	construct-msgs
TIMER	17.9722	18.6528	20.016	1	fix-isa
PSAC time: 8161.59 ms
### Running iteration 4 with p = 1024 processors ###
Detecting sigma=4 => l=3, k=21
TIMER	25.0935	26.1514	28.391	1	initial-bucketing
TIMER	59.0767	61.6236	63.5028	2	arr-tupelize
TIMER	27.535	28.2156	29.8802	2	shift-buckets
TIMER	1985.66	1993.41	2010.15	3	isa2sa_samplesort
TIMER	2011.02	2011.05	2011.07	2	ISA-to-SA
iteration 21: unfinished buckets = 0
TIMER	52.1304	52.7868	54.39	2	rebucket
TIMER	22.8182	23.2556	23.9312	2	arr-untupelize
TIMER	141.76	144.695	180.146	3	sa2isa_bucketing
TIMER	774.514	779.394	783.045	3	sa2isa_all2all
TIMER	93.8397	99.5411	105.153	3	sa2isa_rearrange
TIMER	1108.99	1109.79	1110.1	2	SA-to-ISA
Starting Bucket chasing algorithm
==== chaising iteration 42 unresolved = 252565180
==== chaising iteration 42 unfinished = 51313051
==== chaising iteration 84 unresolved = 83264472
==== chaising iteration 84 unfinished = 25014138
==== chaising iteration 168 unresolved = 39125110
==== chaising iteration 168 unfinished = 14728266
==== chaising iteration 336 unresolved = 21253898
==== chaising iteration 336 unfinished = 9155159
==== chaising iteration 672 unresolved = 12458753
==== chaising iteration 672 unfinished = 5704526
==== chaising iteration 1344 unresolved = 7057961
==== chaising iteration 1344 unfinished = 3349572
==== chaising iteration 2688 unresolved = 3830919
==== chaising iteration 2688 unfinished = 1858430
==== chaising iteration 5376 unresolved = 1897267
==== chaising iteration 5376 unfinished = 927479
==== chaising iteration 10752 unresolved = 887691
==== chaising iteration 10752 unfinished = 430529
==== chaising iteration 21504 unresolved = 397767
==== chaising iteration 21504 unfinished = 190943
==== chaising iteration 43008 unresolved = 91070
==== chaising iteration 43008 unfinished = 45535
==== chaising iteration 86016 unresolved = 0
==== chaising iteration 86016 unfinished = 0
TIMER	5543.45	5543.87	5544.65	1	construct-msgs
TIMER	8.86478	9.24082	10.0223	1	fix-isa
PSAC time: 5630.56 ms
### Running iteration 5 with p = 64 processors ###
Detecting sigma=4 => l=3, k=21
TIMER	420.768	430.744	469.027	1	initial-bucketing
TIMER	960.251	975.844	984.691	2	arr-tupelize
TIMER	445.166	448.787	454.418	2	shift-buckets
TIMER	19526.3	19606.1	19884.8	3	isa2sa_samplesort
TIMER	19885.2	19885.2	19885.2	2	ISA-to-SA
iteration 21: unfinished buckets = 0
TIMER	601.503	605.134	609.4	2	rebucket
TIMER	366.849	369.228	372.945	2	arr-untupelize
TIMER	2395.64	2411.33	2481.02	3	sa2isa_bucketing
TIMER	3573.2	3613.45	3640.74	3	sa2isa_all2all
TIMER	1700.94	1712.79	1726.45	3	sa2isa_rearrange
TIMER	8473.55	8473.78	8474.06	2	SA-to-ISA
Starting Bucket chasing algorithm
==== chaising iteration 42 unresolved = 252565180
==== chaising iteration 42 unfinished = 51313051
==== chaising iteration 84 unresolved = 83264472
==== chaising iteration 84 unfinished = 25014138
==== chaising iteration 168 unresolved = 39125110
==== chaising iteration 168 unfinished = 14728266
==== chaising iteration 336 unresolved = 21253898
==== chaising iteration 336 unfinished = 9155159
==== chaising iteration 672 unresolved = 12458753
==== chaising iteration 672 unfinished = 5704526
==== chaising iteration 1344 unresolved = 7057961
==== chaising iteration 1344 unfinished = 3349572
==== chaising iteration 2688 unresolved = 3830919
==== chaising iteration 2688 unfinished = 1858430
==== chaising iteration 5376 unresolved = 1897267
==== chaising iteration 5376 unfinished = 927479
==== chaising iteration 10752 unresolved = 887691
==== chaising iteration 10752 unfinished = 430529
==== chaising iteration 21504 unresolved = 397767
==== chaising iteration 21504 unfinished = 190943
==== chaising iteration 43008 unresolved = 91070
==== chaising iteration 43008 unfinished = 45535
==== chaising iteration 86016 unresolved = 0
==== chaising iteration 86016 unfinished = 0
TIMER	37965.2	37965.3	37965.7	1	construct-msgs
TIMER	148.603	150.068	151.853	1	fix-isa
PSAC time: 38661.6 ms
### Running iteration 5 with p = 128 processors ###
Detecting sigma=4 => l=3, k=21
TIMER	201.24	209.686	218.912	1	initial-bucketing
TIMER	476.389	489.88	498.302	2	arr-tupelize
TIMER	221.999	225.01	227.326	2	shift-buckets
TIMER	10475.1	10514.8	10634.3	3	isa2sa_samplesort
TIMER	10634.9	10634.9	10634.9	2	ISA-to-SA
iteration 21: unfinished buckets = 0
TIMER	310.327	312.357	315.425	2	rebucket
TIMER	183.154	184.567	186.447	2	arr-untupelize
TIMER	1359.97	1371.32	1398.43	3	sa2isa_bucketing
TIMER	2232.05	2252.51	2270.59	3	sa2isa_all2all
TIMER	845.049	851.471	858.193	3	sa2isa_rearrange
TIMER	4848.96	4849.17	4849.37	2	SA-to-ISA
Starting Bucket chasing algorithm
==== chaising iteration 42 unresolved = 252565180
==== chaising iteration 42 unfinished = 51313051
==== chaising iteration 84 unresolved = 83264472
==== chaising iteration 84 unfinished = 25014138
==== chaising iteration 168 unresolved = 39125110
==== chaising iteration 168 unfinished = 14728266
==== chaising iteration 336 unresolved = 21253898
==== chaising iteration 336 unfinished = 9155159
==== chaising iteration 672 unresolved = 12458753
==== chaising iteration 672 unfinished = 5704526
==== chaising iteration 1344 unresolved = 7057961
==== chaising iteration 1344 unfinished = 3349572
==== chaising iteration 2688 unresolved = 3830919
==== chaising iteration 2688 unfinished = 1858430
==== chaising iteration 5376 unresolved = 1897267
==== chaising iteration 5376 unfinished = 927479
==== chaising iteration 10752 unresolved = 887691
==== chaising iteration 10752 unfinished = 430529
==== chaising iteration 21504 unresolved = 397767
==== chaising iteration 21504 unfinished = 190943
==== chaising iteration 43008 unresolved = 91070
==== chaising iteration 43008 unfinished = 45535
==== chaising iteration 86016 unresolved = 0
==== chaising iteration 86016 unfinished = 0
TIMER	21763.1	21763.2	21763.6	1	construct-msgs
TIMER	73.7805	74.9332	76.8809	1	fix-isa
PSAC time: 22142.8 ms
### Running iteration 5 with p = 256 processors ###
Detecting sigma=4 => l=3, k=21
TIMER	99.4652	103.719	112.649	1	initial-bucketing
TIMER	238.529	245.296	249.986	2	arr-tupelize
TIMER	110.189	112.443	116.887	2	shift-buckets
TIMER	5860.01	5887.17	5976.82	3	isa2sa_samplesort
TIMER	5977.33	5977.34	5977.53	2	ISA-to-SA
iteration 21: unfinished buckets = 0
TIMER	153.774	154.988	157.681	2	rebucket
TIMER	91.2637	92.2669	93.3425	2	arr-untupelize
TIMER	633.135	641.345	686.224	3	sa2isa_bucketing
TIMER	1380.54	1393.42	1402.29	3	sa2isa_all2all
TIMER	416.806	422.013	426.852	3	sa2isa_rearrange
TIMER	2677.54	2677.88	2678.12	2	SA-to-ISA
Starting Bucket chasing algorithm
==== chaising iteration 42 unresolved = 252565180
==== chaising iteration 42 unfinished = 51313051
==== chaising iteration 84 unresolved = 83264472
==== chaising iteration 84 unfinished = 25014138
==== chaising iteration 168 unresolved = 39125110
==== chaising iteration 168 unfinished = 14728266
==== chaising iteration 336 unresolved = 21253898
==== chaising iteration 336 unfinished = 9155159
==== chaising iteration 672 unresolved = 12458753
==== chaising iteration 672 unfinished = 5704526
==== chaising iteration 1344 unresolved = 7057961
==== chaising iteration 1344 unfinished = 3349572
==== chaising iteration 2688 unresolved = 3830919
==== chaising iteration 2688 unfinished = 1858430
==== chaising iteration 5376 unresolved = 1897267
==== chaising iteration 5376 unfinished = 927479
==== chaising iteration 10752 unresolved = 887691
==== chaising iteration 10752 unfinished = 430529
==== chaising iteration 21504 unresolved = 397767
==== chaising iteration 21504 unfinished = 190943
==== chaising iteration 43008 unresolved = 91070
==== chaising iteration 43008 unfinished = 45535
==== chaising iteration 86016 unresolved = 0
==== chaising iteration 86016 unfinished = 0
TIMER	13479.1	13479.2	13480.4	1	construct-msgs
TIMER	36.5589	37.4179	38.844	1	fix-isa
PSAC time: 13706.9 ms
### Running iteration 5 with p = 512 processors ###
Detecting sigma=4 => l=3, k=21
TIMER	49.7041	52.1338	58.3366	1	initial-bucketing
TIMER	118.805	122.939	125.837	2	arr-tupelize
TIMER	55.2261	56.3637	58.0629	2	shift-buckets
TIMER	3048.23	3062.94	3094.14	3	isa2sa_samplesort
TIMER	3094.7	3094.71	3094.72	2	ISA-to-SA
iteration 21: unfinished buckets = 0
TIMER	77.8687	78.5691	80.7048	2	rebucket
TIMER	45.6918	46.1957	47.0053	2	arr-untupelize
TIMER	312.283	318.842	366.608	3	sa2isa_bucketing
TIMER	845.185	849.172	855.158	3	sa2isa_all2all
TIMER	199.229	205.613	217.658	3	sa2isa_rearrange
TIMER	1517.93	1518.29	1518.56	2	SA-to-ISA
Starting Bucket chasing algorithm
==== chaising iteration 42 unresolved = 252565180
==== chaising iteration 42 unfinished = 51313051
==== chaising iteration 84 unresolved = 83264472
==== chaising iteration 84 unfinished = 25014138
==== chaising iteration 168 unresolved = 39125110
==== chaising iteration 168 unfinished = 14728266
==== chaising iteration 336 unresolved = 21253898
==== chaising iteration 336 unfinished = 9155159
==== chaising iteration 672 unresolved = 12458753
==== chaising iteration 672 unfinished = 5704526
==== chaising iteration 1344 unresolved = 7057961
==== chaising iteration 1344 unfinished = 3349572
==== chaising iteration 2688 unresolved = 3830919
==== chaising iteration 2688 unfinished = 1858430
==== chaising iteration 5376 unresolved = 1897267
==== chaising iteration 5376 unfinished = 927479
==== chaising iteration 10752 unresolved = 887691
==== chaising iteration 10752 unfinished = 430529
==== chaising iteration 21504 unresolved = 397767
==== chaising iteration 21504 unfinished = 190943
==== chaising iteration 43008 unresolved = 91070
==== chaising iteration 43008 unfinished = 45535
==== chaising iteration 86016 unresolved = 0
==== chaising iteration 86016 unfinished = 0
TIMER	8328.42	8328.57	8329.45	1	construct-msgs
TIMER	18.1204	18.6815	19.7179	1	fix-isa
PSAC time: 8464.56 ms
### Running iteration 5 with p = 1024 processors ###
Detecting sigma=4 => l=3, k=21
TIMER	25.1178	26.1591	28.0681	1	initial-bucketing
TIMER	58.4857	61.6265	63.5058	2	arr-tupelize
TIMER	27.5233	28.2747	29.6675	2	shift-buckets
TIMER	1923.19	1930.62	1947.64	3	isa2sa_samplesort
TIMER	1948.41	1948.61	1948.62	2	ISA-to-SA
iteration 21: unfinished buckets = 0
TIMER	39.271	39.9034	41.4248	2	rebucket
TIMER	22.8119	23.2488	23.7332	2	arr-untupelize
TIMER	142.152	144.676	161.547	3	sa2isa_bucketing
TIMER	730.417	732.152	734.673	3	sa2isa_all2all
TIMER	93.7107	99.5153	103.529	3	sa2isa_rearrange
TIMER	1039.23	1040.04	1040.28	2	SA-to-ISA
Starting Bucket chasing algorithm
==== chaising iteration 42 unresolved = 252565180
==== chaising iteration 42 unfinished = 51313051
==== chaising iteration 84 unresolved = 83264472
==== chaising iteration 84 unfinished = 25014138
==== chaising iteration 168 unresolved = 39125110
==== chaising iteration 168 unfinished = 14728266
==== chaising iteration 336 unresolved = 21253898
==== chaising iteration 336 unfinished = 9155159
==== chaising iteration 672 unresolved = 12458753
==== chaising iteration 672 unfinished = 5704526
==== chaising iteration 1344 unresolved = 7057961
==== chaising iteration 1344 unfinished = 3349572
==== chaising iteration 2688 unresolved = 3830919
==== chaising iteration 2688 unfinished = 1858430
==== chaising iteration 5376 unresolved = 1897267
==== chaising iteration 5376 unfinished = 927479
==== chaising iteration 10752 unresolved = 887691
==== chaising iteration 10752 unfinished = 430529
==== chaising iteration 21504 unresolved = 397767
==== chaising iteration 21504 unfinished = 190943
==== chaising iteration 43008 unresolved = 91070
==== chaising iteration 43008 unfinished = 45535
==== chaising iteration 86016 unresolved = 0
==== chaising iteration 86016 unfinished = 0
TIMER	5379.17	5379.57	5380.37	1	construct-msgs
TIMER	8.83102	9.23497	10.0357	1	fix-isa
PSAC time: 5450.43 ms
### Running iteration 6 with p = 64 processors ###
Detecting sigma=4 => l=3, k=21
TIMER	407.094	422.576	435.546	1	initial-bucketing
TIMER	954.404	975.926	986.43	2	arr-tupelize
TIMER	444.454	448.602	454.607	2	shift-buckets
TIMER	19676.4	19801.5	20138.8	3	isa2sa_samplesort
TIMER	20139.3	20139.3	20139.4	2	ISA-to-SA
iteration 21: unfinished buckets = 0
TIMER	706.551	710.158	714.099	2	rebucket
TIMER	366.883	369.023	373.184	2	arr-untupelize
TIMER	2399.61	2411.08	2475.41	3	sa2isa_bucketing
TIMER	3564.84	3587.75	3610.96	3	sa2isa_all2all
TIMER	1704.29	1712.51	1728.17	3	sa2isa_rearrange
TIMER	8434.08	8434.3	8434.55	2	SA-to-ISA
Starting Bucket chasing algorithm
==== chaising iteration 42 unresolved = 252565180
==== chaising iteration 42 unfinished = 51313051
==== chaising iteration 84 unresolved = 83264472
==== chaising iteration 84 unfinished = 25014138
==== chaising iteration 168 unresolved = 39125110
==== chaising iteration 168 unfinished = 14728266
==== chaising iteration 336 unresolved = 21253898
==== chaising iteration 336 unfinished = 9155159
==== chaising iteration 672 unresolved = 12458753
==== chaising iteration 672 unfinished = 5704526
==== chaising iteration 1344 unresolved = 7057961
==== chaising iteration 1344 unfinished = 3349572
==== chaising iteration 2688 unresolved = 3830919
==== chaising iteration 2688 unfinished = 1858430
==== chaising iteration 5376 unresolved = 1897267
==== chaising iteration 5376 unfinished = 927479
==== chaising iteration 10752 unresolved = 887691
==== chaising iteration 10752 unfinished = 430529
==== chaising iteration 21504 unresolved = 397767
==== chaising iteration 21504 unfinished = 190943
==== chaising iteration 43008 unresolved = 91070
==== chaising iteration 43008 unfinished = 45535
==== chaising iteration 86016 unresolved = 0
==== chaising iteration 86016 unfinished = 0
TIMER	38141.6	38141.8	38142	1	construct-msgs
TIMER	148.319	149.937	151.685	1	fix-isa
PSAC time: 38793.1 ms
### Running iteration 6 with p = 128 processors ###
Detecting sigma=4 => l=3, k=21
TIMER	203.071	211.462	218.18	1	initial-bucketing
TIMER	478.644	490.461	498.336	2	arr-tupelize
TIMER	222.182	224.984	229.018	2	shift-buckets
TIMER	10435	10482.5	10613.9	3	isa2sa_samplesort
TIMER	10614.4	10614.5	10614.5	2	ISA-to-SA
iteration 21: unfinished buckets = 0
TIMER	302.07	304.23	307.148	2	rebucket
TIMER	182.833	184.787	186.693	2	arr-untupelize
TIMER	1360.64	1370.96	1396.87	3	sa2isa_bucketing
TIMER	2254.8	2273.52	2289.26	3	sa2isa_all2all
TIMER	846.799	851.822	859.475	3	sa2isa_rearrange
TIMER	4864.46	4864.64	4865.05	2	SA-to-ISA
Starting Bucket chasing algorithm
==== chaising iteration 42 unresolved = 252565180
==== chaising iteration 42 unfinished = 51313051
==== chaising iteration 84 unresolved = 83264472
==== chaising iteration 84 unfinished = 25014138
==== chaising iteration 168 unresolved = 39125110
==== chaising iteration 168 unfinished = 14728266
==== chaising iteration 336 unresolved = 21253898
==== chaising iteration 336 unfinished = 9155159
==== chaising iteration 672 unresolved = 12458753
==== chaising iteration 672 unfinished = 5704526
==== chaising iteration 1344 unresolved = 7057961
==== chaising iteration 1344 unfinished = 3349572
==== chaising iteration 2688 unresolved = 3830919
==== chaising iteration 2688 unfinished = 1858430
==== chaising iteration 5376 unresolved = 1897267
==== chaising iteration 5376 unfinished = 927479
==== chaising iteration 10752 unresolved = 887691
==== chaising iteration 10752 unfinished = 430529
==== chaising iteration 21504 unresolved = 397767
==== chaising iteration 21504 unfinished = 190943
==== chaising iteration 43008 unresolved = 91070
==== chaising iteration 43008 unfinished = 45535
==== chaising iteration 86016 unresolved = 0
==== chaising iteration 86016 unfinished = 0
TIMER	21892.9	21893.1	21893.3	1	construct-msgs
TIMER	74.0077	75.2626	77.2217	1	fix-isa
PSAC time: 22200.4 ms
### Running iteration 6 with p = 256 processors ###
Detecting sigma=4 => l=3, k=21
TIMER	104.52	108.927	134.043	1	initial-bucketing
TIMER	220.397	242.776	264.941	2	arr-tupelize
TIMER	101.427	111.428	123.617	2	shift-buckets
TIMER	5888.38	5916.07	6004.04	3	isa2sa_samplesort
TIMER	6004.55	6004.71	6004.73	2	ISA-to-SA
iteration 21: unfinished buckets = 0
TIMER	165.082	166.371	169.061	2	rebucket
TIMER	91.5038	92.3247	93.5697	2	arr-untupelize
TIMER	631.55	641.487	687.265	3	sa2isa_bucketing
TIMER	1341.46	1354.68	1362.51	3	sa2isa_all2all
TIMER	416.45	421.724	425.553	3	sa2isa_rearrange
TIMER	2637.75	2638.05	2638.34	2	SA-to-ISA
Starting Bucket chasing algorithm
==== chaising iteration 42 unresolved = 252565180
==== chaising iteration 42 unfinished = 51313051
==== chaising iteration 84 unresolved = 83264472
==== chaising iteration 84 unfinished = 25014138
==== chaising iteration 168 unresolved = 39125110
==== chaising iteration 168 unfinished = 14728266
==== chaising iteration 336 unresolved = 21253898
==== chaising iteration 336 unfinished = 9155159
==== chaising iteration 672 unresolved = 12458753
==== chaising iteration 672 unfinished = 5704526
==== chaising iteration 1344 unresolved = 7057961
==== chaising iteration 1344 unfinished = 3349572
==== chaising iteration 2688 unresolved = 3830919
==== chaising iteration 2688 unfinished = 1858430
==== chaising iteration 5376 unresolved = 1897267
==== chaising iteration 5376 unfinished = 927479
==== chaising iteration 10752 unresolved = 887691
==== chaising iteration 10752 unfinished = 430529
==== chaising iteration 21504 unresolved = 397767
==== chaising iteration 21504 unfinished = 190943
==== chaising iteration 43008 unresolved = 91070
==== chaising iteration 43008 unfinished = 45535
==== chaising iteration 86016 unresolved = 0
==== chaising iteration 86016 unfinished = 0
TIMER	13249.5	13249.6	13250.9	1	construct-msgs
TIMER	36.7664	37.518	38.9309	1	fix-isa
PSAC time: 13467.6 ms
### Running iteration 6 with p = 512 processors ###
Detecting sigma=4 => l=3, k=21
TIMER	49.8298	51.9638	57.6081	1	initial-bucketing
TIMER	117.429	122.785	125.297	2	arr-tupelize
TIMER	54.9525	56.5221	59.6875	2	shift-buckets
TIMER	3160.36	3175.02	3207.92	3	isa2sa_samplesort
TIMER	3208.44	3208.45	3209.65	2	ISA-to-SA
iteration 21: unfinished buckets = 0
TIMER	78.1693	78.8426	81.0171	2	rebucket
TIMER	45.6743	46.2493	49.1275	2	arr-untupelize
TIMER	312.221	317.812	341.384	3	sa2isa_bucketing
TIMER	805.516	808.069	811.068	3	sa2isa_all2all
TIMER	199.572	205.845	209.134	3	sa2isa_rearrange
TIMER	1442.02	1443.15	1443.46	2	SA-to-ISA
Starting Bucket chasing algorithm
==== chaising iteration 42 unresolved = 252565180
==== chaising iteration 42 unfinished = 51313051
==== chaising iteration 84 unresolved = 83264472
==== chaising iteration 84 unfinished = 25014138
==== chaising iteration 168 unresolved = 39125110
==== chaising iteration 168 unfinished = 14728266
==== chaising iteration 336 unresolved = 21253898
==== chaising iteration 336 unfinished = 9155159
==== chaising iteration 672 unresolved = 12458753
==== chaising iteration 672 unfinished = 5704526
==== chaising iteration 1344 unresolved = 7057961
==== chaising iteration 1344 unfinished = 3349572
==== chaising iteration 2688 unresolved = 3830919
==== chaising iteration 2688 unfinished = 1858430
==== chaising iteration 5376 unresolved = 1897267
==== chaising iteration 5376 unfinished = 927479
==== chaising iteration 10752 unresolved = 887691
==== chaising iteration 10752 unfinished = 430529
==== chaising iteration 21504 unresolved = 397767
==== chaising iteration 21504 unfinished = 190943
==== chaising iteration 43008 unresolved = 91070
==== chaising iteration 43008 unfinished = 45535
==== chaising iteration 86016 unresolved = 0
==== chaising iteration 86016 unfinished = 0
TIMER	8280.5	8280.62	8281.52	1	construct-msgs
TIMER	18.124	18.7224	19.4846	1	fix-isa
PSAC time: 8400.5 ms
### Running iteration 6 with p = 1024 processors ###
Detecting sigma=4 => l=3, k=21
TIMER	25.0591	26.1939	28.5882	1	initial-bucketing
TIMER	58.2347	61.5588	63.198	2	arr-tupelize
TIMER	27.1799	28.2716	29.6984	2	shift-buckets
TIMER	1955.14	1962.91	1978.61	3	isa2sa_samplesort
TIMER	1979.6	1979.62	1979.63	2	ISA-to-SA
iteration 21: unfinished buckets = 0
TIMER	39.5005	40.0683	41.6709	2	rebucket
TIMER	22.8189	23.2682	23.7385	2	arr-untupelize
TIMER	142.296	144.81	181.862	3	sa2isa_bucketing
TIMER	739.354	742.152	744.547	3	sa2isa_all2all
TIMER	94.2532	99.5076	103.543	3	sa2isa_rearrange
TIMER	1069.56	1070.36	1070.71	2	SA-to-ISA
Starting Bucket chasing algorithm
==== chaising iteration 42 unresolved = 252565180
==== chaising iteration 42 unfinished = 51313051
==== chaising iteration 84 unresolved = 83264472
==== chaising iteration 84 unfinished = 25014138
==== chaising iteration 168 unresolved = 39125110
==== chaising iteration 168 unfinished = 14728266
==== chaising iteration 336 unresolved = 21253898
==== chaising iteration 336 unfinished = 9155159
==== chaising iteration 672 unresolved = 12458753
==== chaising iteration 672 unfinished = 5704526
==== chaising iteration 1344 unresolved = 7057961
==== chaising iteration 1344 unfinished = 3349572
==== chaising iteration 2688 unresolved = 3830919
==== chaising iteration 2688 unfinished = 1858430
==== chaising iteration 5376 unresolved = 1897267
==== chaising iteration 5376 unfinished = 927479
==== chaising iteration 10752 unresolved = 887691
==== chaising iteration 10752 unfinished = 430529
==== chaising iteration 21504 unresolved = 397767
==== chaising iteration 21504 unfinished = 190943
==== chaising iteration 43008 unresolved = 91070
==== chaising iteration 43008 unfinished = 45535
==== chaising iteration 86016 unresolved = 0
==== chaising iteration 86016 unfinished = 0
TIMER	5529.37	5529.83	5530.74	1	construct-msgs
TIMER	8.79876	9.24392	10.0976	1	fix-isa
PSAC time: 5600.47 ms
### Running iteration 7 with p = 64 processors ###
Detecting sigma=4 => l=3, k=21
TIMER	418.619	428.706	439.522	1	initial-bucketing
TIMER	956.22	974.346	984.375	2	arr-tupelize
TIMER	445.465	449.062	454.014	2	shift-buckets
TIMER	19504.2	19609.6	19951.1	3	isa2sa_samplesort
TIMER	19951.5	19951.5	19951.6	2	ISA-to-SA
iteration 21: unfinished buckets = 0
TIMER	598.719	601.929	605.734	2	rebucket
TIMER	366.302	368.968	373.055	2	arr-untupelize
TIMER	2397.61	2412.98	2470.95	3	sa2isa_bucketing
TIMER	3571.05	3587.52	3601.88	3	sa2isa_all2all
TIMER	1705.43	1713.52	1724.49	3	sa2isa_rearrange
TIMER	8421.04	8421.23	8421.43	2	SA-to-ISA
Starting Bucket chasing algorithm
==== chaising iteration 42 unresolved = 252565180
==== chaising iteration 42 unfinished = 51313051
==== chaising iteration 84 unresolved = 83264472
==== chaising iteration 84 unfinished = 25014138
==== chaising iteration 168 unresolved = 39125110
==== chaising iteration 168 unfinished = 14728266
==== chaising iteration 336 unresolved = 21253898
==== chaising iteration 336 unfinished = 9155159
==== chaising iteration 672 unresolved = 12458753
==== chaising iteration 672 unfinished = 5704526
==== chaising iteration 1344 unresolved = 7057961
==== chaising iteration 1344 unfinished = 3349572
==== chaising iteration 2688 unresolved = 3830919
==== chaising iteration 2688 unfinished = 1858430
==== chaising iteration 5376 unresolved = 1897267
==== chaising iteration 5376 unfinished = 927479
==== chaising iteration 10752 unresolved = 887691
==== chaising iteration 10752 unfinished = 430529
==== chaising iteration 21504 unresolved = 397767
==== chaising iteration 21504 unfinished = 190943
==== chaising iteration 43008 unresolved = 91070
==== chaising iteration 43008 unfinished = 45535
==== chaising iteration 86016 unresolved = 0
==== chaising iteration 86016 unfinished = 0
TIMER	37876.9	37877	37877.2	1	construct-msgs
TIMER	148.586	150.279	152.533	1	fix-isa
PSAC time: 38537.4 ms
### Running iteration 7 with p = 128 processors ###
Detecting sigma=4 => l=3, k=21
TIMER	200.161	210.124	222.363	1	initial-bucketing
TIMER	475.047	490.079	497.693	2	arr-tupelize
TIMER	219.765	225.04	231.818	2	shift-buckets
TIMER	10390.4	10437.8	10586.3	3	isa2sa_samplesort
TIMER	10586.8	10587	10587	2	ISA-to-SA
iteration 21: unfinished buckets = 0
TIMER	302.561	304.529	307.625	2	rebucket
TIMER	182.922	184.826	187.087	2	arr-untupelize
TIMER	1361.73	1373.35	1453.37	3	sa2isa_bucketing
TIMER	2224.87	2244.65	2259.42	3	sa2isa_all2all
TIMER	843.857	851.199	863.467	3	sa2isa_rearrange
TIMER	4896.81	4897.15	4897.37	2	SA-to-ISA
Starting Bucket chasing algorithm
==== chaising iteration 42 unresolved = 252565180
==== chaising iteration 42 unfinished = 51313051
==== chaising iteration 84 unresolved = 83264472
==== chaising iteration 84 unfinished = 25014138
==== chaising iteration 168 unresolved = 39125110
==== chaising iteration 168 unfinished = 14728266
==== chaising iteration 336 unresolved = 21253898
==== chaising iteration 336 unfinished = 9155159
==== chaising iteration 672 unresolved = 12458753
==== chaising iteration 672 unfinished = 5704526
==== chaising iteration 1344 unresolved = 7057961
==== chaising iteration 1344 unfinished = 3349572
==== chaising iteration 2688 unresolved = 3830919
==== chaising iteration 2688 unfinished = 1858430
==== chaising iteration 5376 unresolved = 1897267
==== chaising iteration 5376 unfinished = 927479
==== chaising iteration 10752 unresolved = 887691
==== chaising iteration 10752 unfinished = 430529
==== chaising iteration 21504 unresolved = 397767
==== chaising iteration 21504 unfinished = 190943
==== chaising iteration 43008 unresolved = 91070
==== chaising iteration 43008 unfinished = 45535
==== chaising iteration 86016 unresolved = 0
==== chaising iteration 86016 unfinished = 0
TIMER	21884.3	21884.5	21884.6	1	construct-msgs
TIMER	74.3857	75.4957	76.9408	1	fix-isa
PSAC time: 22375.6 ms
### Running iteration 7 with p = 256 processors ###
Detecting sigma=4 => l=3, k=21
TIMER	99.9485	104.406	109.997	1	initial-bucketing
TIMER	237.978	245.593	249.59	2	arr-tupelize
TIMER	110.414	112.678	115.513	2	shift-buckets
TIMER	5834.06	5863	5961.52	3	isa2sa_samplesort
TIMER	5961.99	5962	5962.02	2	ISA-to-SA
iteration 21: unfinished buckets = 0
TIMER	153.48	154.825	157.484	2	rebucket
TIMER	91.4191	92.2653	93.4371	2	arr-untupelize
TIMER	630.458	641.073	665.324	3	sa2isa_bucketing
TIMER	1379.23	1391.23	1401.92	3	sa2isa_all2all
TIMER	417.88	422.062	427.812	3	sa2isa_rearrange
TIMER	2656.98	2657.32	2657.68	2	SA-to-ISA
Starting Bucket chasing algorithm
==== chaising iteration 42 unresolved = 252565180
==== chaising iteration 42 unfinished = 51313051
==== chaising iteration 84 unresolved = 83264472
==== chaising iteration 84 unfinished = 25014138
==== chaising iteration 168 unresolved = 39125110
==== chaising iteration 168 unfinished = 14728266
==== chaising iteration 336 unresolved = 21253898
==== chaising iteration 336 unfinished = 9155159
==== chaising iteration 672 unresolved = 12458753
==== chaising iteration 672 unfinished = 5704526
==== chaising iteration 1344 unresolved = 7057961
==== chaising iteration 1344 unfinished = 3349572
==== chaising iteration 2688 unresolved = 3830919
==== chaising iteration 2688 unfinished = 1858430
==== chaising iteration 5376 unresolved = 1897267
==== chaising iteration 5376 unfinished = 927479
==== chaising iteration 10752 unresolved = 887691
==== chaising iteration 10752 unfinished = 430529
==== chaising iteration 21504 unresolved = 397767
==== chaising iteration 21504 unfinished = 190943
==== chaising iteration 43008 unresolved = 91070
==== chaising iteration 43008 unfinished = 45535
==== chaising iteration 86016 unresolved = 0
==== chaising iteration 86016 unfinished = 0
TIMER	13303.7	13303.9	13305.6	1	construct-msgs
TIMER	36.8307	37.533	39.011	1	fix-isa
PSAC time: 13521.9 ms
### Running iteration 7 with p = 512 processors ###
Detecting sigma=4 => l=3, k=21
TIMER	49.5864	52.1222	56.4208	1	initial-bucketing
TIMER	118.965	122.797	125.717	2	arr-tupelize
TIMER	55.1685	56.3618	57.9262	2	shift-buckets
TIMER	3071.57	3087.45	3121.75	3	isa2sa_samplesort
TIMER	3122.31	3122.32	3122.34	2	ISA-to-SA
iteration 21: unfinished buckets = 0
TIMER	78.1361	78.8228	81.0027	2	rebucket
TIMER	45.6659	46.2268	47.0199	2	arr-untupelize
TIMER	312.447	318.099	394.897	3	sa2isa_bucketing
TIMER	795.01	797.902	800.454	3	sa2isa_all2all
TIMER	201.184	205.842	209.82	3	sa2isa_rearrange
TIMER	1483.65	1484.04	1484.34	2	SA-to-ISA
Starting Bucket chasing algorithm
==== chaising iteration 42 unresolved = 252565180
==== chaising iteration 42 unfinished = 51313051
==== chaising iteration 84 unresolved = 83264472
==== chaising iteration 84 unfinished = 25014138
==== chaising iteration 168 unresolved = 39125110
==== chaising iteration 168 unfinished = 14728266
==== chaising iteration 336 unresolved = 21253898
==== chaising iteration 336 unfinished = 9155159
==== chaising iteration 672 unresolved = 12458753
==== chaising iteration 672 unfinished = 5704526
==== chaising iteration 1344 unresolved = 7057961
==== chaising iteration 1344 unfinished = 3349572
==== chaising iteration 2688 unresolved = 3830919
==== chaising iteration 2688 unfinished = 1858430
==== chaising iteration 5376 unresolved = 1897267
==== chaising iteration 5376 unfinished = 927479
==== chaising iteration 10752 unresolved = 887691
==== chaising iteration 10752 unfinished = 430529
==== chaising iteration 21504 unresolved = 397767
==== chaising iteration 21504 unfinished = 190943
==== chaising iteration 43008 unresolved = 91070
==== chaising iteration 43008 unfinished = 45535
==== chaising iteration 86016 unresolved = 0
==== chaising iteration 86016 unfinished = 0
TIMER	8241.7	8241.84	8242.82	1	construct-msgs
TIMER	18.1655	18.7395	20.0354	1	fix-isa
PSAC time: 8362.13 ms
### Running iteration 7 with p = 1024 processors ###
Detecting sigma=4 => l=3, k=21
TIMER	25.1728	26.2292	28.5775	1	initial-bucketing
TIMER	59.1015	61.4767	63.1003	2	arr-tupelize
TIMER	27.537	28.2094	29.3092	2	shift-buckets
TIMER	1923.68	1931.92	1947.65	3	isa2sa_samplesort
TIMER	1948.54	1948.55	1948.6	2	ISA-to-SA
iteration 21: unfinished buckets = 0
TIMER	39.5926	40.1261	41.8039	2	rebucket
TIMER	22.7623	23.2587	23.6155	2	arr-untupelize
TIMER	141.782	144.619	165.791	3	sa2isa_bucketing
TIMER	744.313	748.609	751.675	3	sa2isa_all2all
TIMER	95.8046	99.5796	103.602	3	sa2isa_rearrange
TIMER	1060.66	1061.46	1061.72	2	SA-to-ISA
Starting Bucket chasing algorithm
==== chaising iteration 42 unresolved = 252565180
==== chaising iteration 42 unfinished = 51313051
==== chaising iteration 84 unresolved = 83264472
==== chaising iteration 84 unfinished = 25014138
==== chaising iteration 168 unresolved = 39125110
==== chaising iteration 168 unfinished = 14728266
==== chaising iteration 336 unresolved = 21253898
==== chaising iteration 336 unfinished = 9155159
==== chaising iteration 672 unresolved = 12458753
==== chaising iteration 672 unfinished = 5704526
==== chaising iteration 1344 unresolved = 7057961
==== chaising iteration 1344 unfinished = 3349572
==== chaising iteration 2688 unresolved = 3830919
==== chaising iteration 2688 unfinished = 1858430
==== chaising iteration 5376 unresolved = 1897267
==== chaising iteration 5376 unfinished = 927479
==== chaising iteration 10752 unresolved = 887691
==== chaising iteration 10752 unfinished = 430529
==== chaising iteration 21504 unresolved = 397767
==== chaising iteration 21504 unfinished = 190943
==== chaising iteration 43008 unresolved = 91070
==== chaising iteration 43008 unfinished = 45535
==== chaising iteration 86016 unresolved = 0
==== chaising iteration 86016 unfinished = 0
TIMER	5484.16	5484.55	5485.34	1	construct-msgs
TIMER	8.80497	9.25673	9.99714	1	fix-isa
PSAC time: 5555.89 ms
### Running iteration 8 with p = 64 processors ###
Detecting sigma=4 => l=3, k=21
TIMER	409.419	425.114	442.149	1	initial-bucketing
TIMER	960.077	974.623	986.566	2	arr-tupelize
TIMER	444.701	448.949	453.423	2	shift-buckets
TIMER	19590.6	19724.7	20003.4	3	isa2sa_samplesort
TIMER	20004	20004	20004	2	ISA-to-SA
iteration 21: unfinished buckets = 0
TIMER	601.255	605.009	609.895	2	rebucket
TIMER	366.34	369.441	374.397	2	arr-untupelize
TIMER	2397.83	2408.21	2432.92	3	sa2isa_bucketing
TIMER	3585.31	3606.46	3630.6	3	sa2isa_all2all
TIMER	1705.49	1713.82	1723.57	3	sa2isa_rearrange
TIMER	8406.12	8406.43	8406.74	2	SA-to-ISA
Starting Bucket chasing algorithm
==== chaising iteration 42 unresolved = 252565180
==== chaising iteration 42 unfinished = 51313051
==== chaising iteration 84 unresolved = 83264472
==== chaising iteration 84 unfinished = 25014138
==== chaising iteration 168 unresolved = 39125110
==== chaising iteration 168 unfinished = 14728266
==== chaising iteration 336 unresolved = 21253898
==== chaising iteration 336 unfinished = 9155159
==== chaising iteration 672 unresolved = 12458753
==== chaising iteration 672 unfinished = 5704526
==== chaising iteration 1344 unresolved = 7057961
==== chaising iteration 1344 unfinished = 3349572
==== chaising iteration 2688 unresolved = 3830919
==== chaising iteration 2688 unfinished = 1858430
==== chaising iteration 5376 unresolved = 1897267
==== chaising iteration 5376 unfinished = 927479
==== chaising iteration 10752 unresolved = 887691
==== chaising iteration 10752 unfinished = 430529
==== chaising iteration 21504 unresolved = 397767
==== chaising iteration 21504 unfinished = 190943
==== chaising iteration 43008 unresolved = 91070
==== chaising iteration 43008 unfinished = 45535
==== chaising iteration 86016 unresolved = 0
==== chaising iteration 86016 unfinished = 0
TIMER	37934.6	37934.8	37935	1	construct-msgs
TIMER	148.036	149.961	152.093	1	fix-isa
PSAC time: 38627.1 ms
### Running iteration 8 with p = 128 processors ###
Detecting sigma=4 => l=3, k=21
TIMER	203.509	209.943	231.271	1	initial-bucketing
TIMER	478.723	490.226	499.278	2	arr-tupelize
TIMER	222.013	225.169	228.751	2	shift-buckets
TIMER	10430.1	10479.3	10627.4	3	isa2sa_samplesort
TIMER	10628	10628.1	10628.1	2	ISA-to-SA
iteration 21: unfinished buckets = 0
TIMER	303.233	305.032	307.945	2	rebucket
TIMER	182.977	184.662	186.385	2	arr-untupelize
TIMER	1361.57	1371.16	1394.62	3	sa2isa_bucketing
TIMER	2267.65	2294.09	2315.07	3	sa2isa_all2all
TIMER	846.354	851.665	858.81	3	sa2isa_rearrange
TIMER	4888.01	4888.18	4888.37	2	SA-to-ISA
Starting Bucket chasing algorithm
==== chaising iteration 42 unresolved = 252565180
==== chaising iteration 42 unfinished = 51313051
==== chaising iteration 84 unresolved = 83264472
==== chaising iteration 84 unfinished = 25014138
==== chaising iteration 168 unresolved = 39125110
==== chaising iteration 168 unfinished = 14728266
==== chaising iteration 336 unresolved = 21253898
==== chaising iteration 336 unfinished = 9155159
==== chaising iteration 672 unresolved = 12458753
==== chaising iteration 672 unfinished = 5704526
==== chaising iteration 1344 unresolved = 7057961
==== chaising iteration 1344 unfinished = 3349572
==== chaising iteration 2688 unresolved = 3830919
==== chaising iteration 2688 unfinished = 1858430
==== chaising iteration 5376 unresolved = 1897267
==== chaising iteration 5376 unfinished = 927479
==== chaising iteration 10752 unresolved = 887691
==== chaising iteration 10752 unfinished = 430529
==== chaising iteration 21504 unresolved = 397767
==== chaising iteration 21504 unfinished = 190943
==== chaising iteration 43008 unresolved = 91070
==== chaising iteration 43008 unfinished = 45535
==== chaising iteration 86016 unresolved = 0
==== chaising iteration 86016 unfinished = 0
TIMER	21963.2	21963.4	21963.7	1	construct-msgs
TIMER	73.9809	74.9923	76.6503	1	fix-isa
PSAC time: 22348.4 ms
### Running iteration 8 with p = 256 processors ###
Detecting sigma=4 => l=3, k=21
TIMER	99.9724	104.258	109.79	1	initial-bucketing
TIMER	238.859	245.999	252.088	2	arr-tupelize
TIMER	110.899	112.651	114.658	2	shift-buckets
TIMER	5907.23	5938.17	6006.3	3	isa2sa_samplesort
TIMER	6012.2	6012.21	6012.22	2	ISA-to-SA
iteration 21: unfinished buckets = 0
TIMER	169.308	170.693	173.462	2	rebucket
TIMER	90.2694	92.1034	98.1111	2	arr-untupelize
TIMER	634.796	644.927	692	3	sa2isa_bucketing
TIMER	1342.44	1355.54	1362.48	3	sa2isa_all2all
TIMER	418.601	421.956	428.606	3	sa2isa_rearrange
TIMER	2649.17	2650.29	2650.82	2	SA-to-ISA
Starting Bucket chasing algorithm
==== chaising iteration 42 unresolved = 252565180
==== chaising iteration 42 unfinished = 51313051
==== chaising iteration 84 unresolved = 83264472
==== chaising iteration 84 unfinished = 25014138
==== chaising iteration 168 unresolved = 39125110
==== chaising iteration 168 unfinished = 14728266
==== chaising iteration 336 unresolved = 21253898
==== chaising iteration 336 unfinished = 9155159
==== chaising iteration 672 unresolved = 12458753
==== chaising iteration 672 unfinished = 5704526
==== chaising iteration 1344 unresolved = 7057961
==== chaising iteration 1344 unfinished = 3349572
==== chaising iteration 2688 unresolved = 3830919
==== chaising iteration 2688 unfinished = 1858430
==== chaising iteration 5376 unresolved = 1897267
==== chaising iteration 5376 unfinished = 927479
==== chaising iteration 10752 unresolved = 887691
==== chaising iteration 10752 unfinished = 430529
==== chaising iteration 21504 unresolved = 397767
==== chaising iteration 21504 unfinished = 190943
==== chaising iteration 43008 unresolved = 91070
==== chaising iteration 43008 unfinished = 45535
==== chaising iteration 86016 unresolved = 0
==== chaising iteration 86016 unfinished = 0
TIMER	13298	13298.2	13299.6	1	construct-msgs
TIMER	36.6755	37.5818	38.8399	1	fix-isa
PSAC time: 13513.9 ms
### Running iteration 8 with p = 512 processors ###
Detecting sigma=4 => l=3, k=21
TIMER	49.9048	51.8751	56.9306	1	initial-bucketing
TIMER	119.365	123.047	126.327	2	arr-tupelize
TIMER	55.3693	56.5103	58.4226	2	shift-buckets
TIMER	3064.74	3079.05	3115.8	3	isa2sa_samplesort
TIMER	3116.42	3116.43	3116.44	2	ISA-to-SA
iteration 21: unfinished buckets = 0
TIMER	77.9221	78.627	80.8547	2	rebucket
TIMER	45.6224	46.2204	47.07	2	arr-untupelize
TIMER	311.713	318.272	364.504	3	sa2isa_bucketing
TIMER	807.682	811.961	819.776	3	sa2isa_all2all
TIMER	200.289	205.884	210.343	3	sa2isa_rearrange
TIMER	1473.13	1473.49	1473.71	2	SA-to-ISA
Starting Bucket chasing algorithm
==== chaising iteration 42 unresolved = 252565180
==== chaising iteration 42 unfinished = 51313051
==== chaising iteration 84 unresolved = 83264472
==== chaising iteration 84 unfinished = 25014138
==== chaising iteration 168 unresolved = 39125110
==== chaising iteration 168 unfinished = 14728266
==== chaising iteration 336 unresolved = 21253898
==== chaising iteration 336 unfinished = 9155159
==== chaising iteration 672 unresolved = 12458753
==== chaising iteration 672 unfinished = 5704526
==== chaising iteration 1344 unresolved = 7057961
==== chaising iteration 1344 unfinished = 3349572
==== chaising iteration 2688 unresolved = 3830919
==== chaising iteration 2688 unfinished = 1858430
==== chaising iteration 5376 unresolved = 1897267
==== chaising iteration 5376 unfinished = 927479
==== chaising iteration 10752 unresolved = 887691
==== chaising iteration 10752 unfinished = 430529
==== chaising iteration 21504 unresolved = 397767
==== chaising iteration 21504 unfinished = 190943
==== chaising iteration 43008 unresolved = 91070
==== chaising iteration 43008 unfinished = 45535
==== chaising iteration 86016 unresolved = 0
==== chaising iteration 86016 unfinished = 0
TIMER	7969.71	7969.84	7970.7	1	construct-msgs
TIMER	18.0065	18.6872	19.7322	1	fix-isa
PSAC time: 8087.59 ms
### Running iteration 8 with p = 1024 processors ###
Detecting sigma=4 => l=3, k=21
TIMER	25.1153	26.2174	41.8087	1	initial-bucketing
TIMER	56.7427	61.3708	72.371	2	arr-tupelize
TIMER	27.4825	28.2061	29.8985	2	shift-buckets
TIMER	2004.96	2012.63	2032.22	3	isa2sa_samplesort
TIMER	2033.22	2033.23	2033.25	2	ISA-to-SA
iteration 21: unfinished buckets = 0
TIMER	39.3947	39.9114	41.51	2	rebucket
TIMER	22.7711	23.2639	23.6604	2	arr-untupelize
TIMER	142.077	144.632	179.852	3	sa2isa_bucketing
TIMER	737.719	740.092	742.078	3	sa2isa_all2all
TIMER	95.836	99.5389	104.995	3	sa2isa_rearrange
TIMER	1066.62	1067.43	1067.72	2	SA-to-ISA
Starting Bucket chasing algorithm
==== chaising iteration 42 unresolved = 252565180
==== chaising iteration 42 unfinished = 51313051
==== chaising iteration 84 unresolved = 83264472
==== chaising iteration 84 unfinished = 25014138
==== chaising iteration 168 unresolved = 39125110
==== chaising iteration 168 unfinished = 14728266
==== chaising iteration 336 unresolved = 21253898
==== chaising iteration 336 unfinished = 9155159
==== chaising iteration 672 unresolved = 12458753
==== chaising iteration 672 unfinished = 5704526
==== chaising iteration 1344 unresolved = 7057961
==== chaising iteration 1344 unfinished = 3349572
==== chaising iteration 2688 unresolved = 3830919
==== chaising iteration 2688 unfinished = 1858430
==== chaising iteration 5376 unresolved = 1897267
==== chaising iteration 5376 unfinished = 927479
==== chaising iteration 10752 unresolved = 887691
==== chaising iteration 10752 unfinished = 430529
==== chaising iteration 21504 unresolved = 397767
==== chaising iteration 21504 unfinished = 190943
==== chaising iteration 43008 unresolved = 91070
==== chaising iteration 43008 unfinished = 45535
==== chaising iteration 86016 unresolved = 0
==== chaising iteration 86016 unfinished = 0
TIMER	5588.49	5588.94	5589.78	1	construct-msgs
TIMER	8.86613	9.24212	10.0135	1	fix-isa
PSAC time: 5684.14 ms
### Running iteration 9 with p = 64 processors ###
Detecting sigma=4 => l=3, k=21
TIMER	414.45	423.582	432.385	1	initial-bucketing
TIMER	960.88	976.831	989.274	2	arr-tupelize
TIMER	446.131	448.559	455.004	2	shift-buckets
TIMER	19739	19842.5	20122.5	3	isa2sa_samplesort
TIMER	20122.9	20123	20123	2	ISA-to-SA
iteration 21: unfinished buckets = 0
TIMER	595.502	599.263	603.872	2	rebucket
TIMER	367.113	369.113	373.486	2	arr-untupelize
TIMER	2399.04	2409.11	2443.67	3	sa2isa_bucketing
TIMER	3564.96	3601.8	3628.58	3	sa2isa_all2all
TIMER	1704.14	1712.67	1723.99	3	sa2isa_rearrange
TIMER	8414.88	8415.1	8415.45	2	SA-to-ISA
Starting Bucket chasing algorithm
==== chaising iteration 42 unresolved = 252565180
==== chaising iteration 42 unfinished = 51313051
==== chaising iteration 84 unresolved = 83264472
==== chaising iteration 84 unfinished = 25014138
==== chaising iteration 168 unresolved = 39125110
==== chaising iteration 168 unfinished = 14728266
==== chaising iteration 336 unresolved = 21253898
==== chaising iteration 336 unfinished = 9155159
==== chaising iteration 672 unresolved = 12458753
==== chaising iteration 672 unfinished = 5704526
==== chaising iteration 1344 unresolved = 7057961
==== chaising iteration 1344 unfinished = 3349572
==== chaising iteration 2688 unresolved = 3830919
==== chaising iteration 2688 unfinished = 1858430
==== chaising iteration 5376 unresolved = 1897267
==== chaising iteration 5376 unfinished = 927479
==== chaising iteration 10752 unresolved = 887691
==== chaising iteration 10752 unfinished = 430529
==== chaising iteration 21504 unresolved = 397767
==== chaising iteration 21504 unfinished = 190943
==== chaising iteration 43008 unresolved = 91070
==== chaising iteration 43008 unfinished = 45535
==== chaising iteration 86016 unresolved = 0
==== chaising iteration 86016 unfinished = 0
TIMER	37992.3	37992.5	37992.6	1	construct-msgs
TIMER	148.473	150.188	152.163	1	fix-isa
PSAC time: 38641.2 ms
### Running iteration 9 with p = 128 processors ###
Detecting sigma=4 => l=3, k=21
TIMER	201.005	211.39	219.198	1	initial-bucketing
TIMER	480.273	491.048	500.892	2	arr-tupelize
TIMER	221.997	225.231	230.18	2	shift-buckets
TIMER	10435.1	10484.6	10622	3	isa2sa_samplesort
TIMER	10622.4	10622.4	10622.5	2	ISA-to-SA
iteration 21: unfinished buckets = 0
TIMER	304.795	306.509	310.017	2	rebucket
TIMER	183.148	184.724	187.766	2	arr-untupelize
TIMER	1362.33	1371.69	1398.76	3	sa2isa_bucketing
TIMER	2223.56	2243.41	2258.44	3	sa2isa_all2all
TIMER	843.456	851.64	858.795	3	sa2isa_rearrange
TIMER	4835.34	4835.54	4835.75	2	SA-to-ISA
Starting Bucket chasing algorithm
==== chaising iteration 42 unresolved = 252565180
==== chaising iteration 42 unfinished = 51313051
==== chaising iteration 84 unresolved = 83264472
==== chaising iteration 84 unfinished = 25014138
==== chaising iteration 168 unresolved = 39125110
==== chaising iteration 168 unfinished = 14728266
==== chaising iteration 336 unresolved = 21253898
==== chaising iteration 336 unfinished = 9155159
==== chaising iteration 672 unresolved = 12458753
==== chaising iteration 672 unfinished = 5704526
==== chaising iteration 1344 unresolved = 7057961
==== chaising iteration 1344 unfinished = 3349572
==== chaising iteration 2688 unresolved = 3830919
==== chaising iteration 2688 unfinished = 1858430
==== chaising iteration 5376 unresolved = 1897267
==== chaising iteration 5376 unfinished = 927479
==== chaising iteration 10752 unresolved = 887691
==== chaising iteration 10752 unfinished = 430529
==== chaising iteration 21504 unresolved = 397767
==== chaising iteration 21504 unfinished = 190943
==== chaising iteration 43008 unresolved = 91070
==== chaising iteration 43008 unfinished = 45535
==== chaising iteration 86016 unresolved = 0
==== chaising iteration 86016 unfinished = 0
TIMER	21840.2	21840.4	21840.5	1	construct-msgs
TIMER	74.0235	75.4025	77.2104	1	fix-isa
PSAC time: 22221.3 ms
### Running iteration 9 with p = 256 processors ###
Detecting sigma=4 => l=3, k=21
TIMER	99.5511	104.229	113.161	1	initial-bucketing
TIMER	239.847	245.612	251.808	2	arr-tupelize
TIMER	110.154	112.552	114.655	2	shift-buckets
TIMER	5892.19	5919.03	5992.11	3	isa2sa_samplesort
TIMER	5992.6	5992.62	5992.63	2	ISA-to-SA
iteration 21: unfinished buckets = 0
TIMER	153.484	154.866	157.669	2	rebucket
TIMER	91.4271	92.4201	93.6158	2	arr-untupelize
TIMER	631.345	641.653	671.989	3	sa2isa_bucketing
TIMER	1347.73	1361.38	1368.79	3	sa2isa_all2all
TIMER	417.633	421.937	426.315	3	sa2isa_rearrange
TIMER	2628.5	2628.79	2629.15	2	SA-to-ISA
Starting Bucket chasing algorithm
==== chaising iteration 42 unresolved = 252565180
==== chaising iteration 42 unfinished = 51313051
==== chaising iteration 84 unresolved = 83264472
==== chaising iteration 84 unfinished = 25014138
==== chaising iteration 168 unresolved = 39125110
==== chaising iteration 168 unfinished = 14728266
==== chaising iteration 336 unresolved = 21253898
==== chaising iteration 336 unfinished = 9155159
==== chaising iteration 672 unresolved = 12458753
==== chaising iteration 672 unfinished = 5704526
==== chaising iteration 1344 unresolved = 7057961
==== chaising iteration 1344 unfinished = 3349572
==== chaising iteration 2688 unresolved = 3830919
==== chaising iteration 2688 unfinished = 1858430
==== chaising iteration 5376 unresolved = 1897267
==== chaising iteration 5376 unfinished = 927479
==== chaising iteration 10752 unresolved = 887691
==== chaising iteration 10752 unfinished = 430529
==== chaising iteration 21504 unresolved = 397767
==== chaising iteration 21504 unfinished = 190943
==== chaising iteration 43008 unresolved = 91070
==== chaising iteration 43008 unfinished = 45535
==== chaising iteration 86016 unresolved = 0
==== chaising iteration 86016 unfinished = 0
TIMER	13340.5	13340.6	13342.2	1	construct-msgs
TIMER	36.5684	37.6734	39.0663	1	fix-isa
PSAC time: 13511.9 ms
### Running iteration 9 with p = 512 processors ###
Detecting sigma=4 => l=3, k=21
TIMER	49.5934	51.9578	57.9766	1	initial-bucketing
TIMER	119.169	122.914	126.022	2	arr-tupelize
TIMER	55.3038	56.3655	57.4898	2	shift-buckets
TIMER	3047.31	3061.01	3092.77	3	isa2sa_samplesort
TIMER	3093.32	3093.33	3093.34	2	ISA-to-SA
iteration 21: unfinished buckets = 0
TIMER	77.9787	78.6664	80.9068	2	rebucket
TIMER	45.795	46.2033	46.8367	2	arr-untupelize
TIMER	312.815	318.028	373.964	3	sa2isa_bucketing
TIMER	806.304	808.582	811.634	3	sa2isa_all2all
TIMER	201.956	205.974	210.367	3	sa2isa_rearrange
TIMER	1474.5	1474.88	1475.17	2	SA-to-ISA
Starting Bucket chasing algorithm
==== chaising iteration 42 unresolved = 252565180
==== chaising iteration 42 unfinished = 51313051
==== chaising iteration 84 unresolved = 83264472
==== chaising iteration 84 unfinished = 25014138
==== chaising iteration 168 unresolved = 39125110
==== chaising iteration 168 unfinished = 14728266
==== chaising iteration 336 unresolved = 21253898
==== chaising iteration 336 unfinished = 9155159
==== chaising iteration 672 unresolved = 12458753
==== chaising iteration 672 unfinished = 5704526
==== chaising iteration 1344 unresolved = 7057961
==== chaising iteration 1344 unfinished = 3349572
==== chaising iteration 2688 unresolved = 3830919
==== chaising iteration 2688 unfinished = 1858430
==== chaising iteration 5376 unresolved = 1897267
==== chaising iteration 5376 unfinished = 927479
==== chaising iteration 10752 unresolved = 887691
==== chaising iteration 10752 unfinished = 430529
==== chaising iteration 21504 unresolved = 397767
==== chaising iteration 21504 unfinished = 190943
==== chaising iteration 43008 unresolved = 91070
==== chaising iteration 43008 unfinished = 45535
==== chaising iteration 86016 unresolved = 0
==== chaising iteration 86016 unfinished = 0
TIMER	8119.91	8120.03	8120.97	1	construct-msgs
TIMER	18.1067	18.7239	20.4889	1	fix-isa
PSAC time: 8231.38 ms
### Running iteration 9 with p = 1024 processors ###
Detecting sigma=4 => l=3, k=21
TIMER	25.1254	26.1482	28.0901	1	initial-bucketing
TIMER	58.8737	61.5462	63.1783	2	arr-tupelize
TIMER	27.5193	28.2814	29.6025	2	shift-buckets
TIMER	1933.38	1940.77	1959.1	3	isa2sa_samplesort
TIMER	1960.12	1960.13	1960.15	2	ISA-to-SA
iteration 21: unfinished buckets = 0
TIMER	39.3516	39.9177	41.4568	2	rebucket
TIMER	22.888	23.257	24.4317	2	arr-untupelize
TIMER	142.144	144.701	173.899	3	sa2isa_bucketing
TIMER	722.651	727.82	731.677	3	sa2isa_all2all
TIMER	95.3053	99.5084	103.486	3	sa2isa_rearrange
TIMER	1048.85	1049.65	1049.9	2	SA-to-ISA
Starting Bucket chasing algorithm
==== chaising iteration 42 unresolved = 252565180
==== chaising iteration 42 unfinished = 51313051
==== chaising iteration 84 unresolved = 83264472
==== chaising iteration 84 unfinished = 25014138
==== chaising iteration 168 unresolved = 39125110
==== chaising iteration 168 unfinished = 14728266
==== chaising iteration 336 unresolved = 21253898
==== chaising iteration 336 unfinished = 9155159
==== chaising iteration 672 unresolved = 12458753
==== chaising iteration 672 unfinished = 5704526
==== chaising iteration 1344 unresolved = 7057961
==== chaising iteration 1344 unfinished = 3349572
==== chaising iteration 2688 unresolved = 3830919
==== chaising iteration 2688 unfinished = 1858430
==== chaising iteration 5376 unresolved = 1897267
==== chaising iteration 5376 unfinished = 927479
==== chaising iteration 10752 unresolved = 887691
==== chaising iteration 10752 unfinished = 430529
==== chaising iteration 21504 unresolved = 397767
==== chaising iteration 21504 unfinished = 190943
==== chaising iteration 43008 unresolved = 91070
==== chaising iteration 43008 unfinished = 45535
==== chaising iteration 86016 unresolved = 0
==== chaising iteration 86016 unfinished = 0
TIMER	5537.93	5538.36	5539.24	1	construct-msgs
TIMER	8.87106	9.25316	9.9503	1	fix-isa
PSAC time: 5621.23 ms
### Running iteration 10 with p = 64 processors ###
Detecting sigma=4 => l=3, k=21
TIMER	420.012	424.03	428.403	1	initial-bucketing
TIMER	961.931	976.005	986.059	2	arr-tupelize
TIMER	444.322	450.092	457.354	2	shift-buckets
TIMER	19670.2	19764.1	20062	3	isa2sa_samplesort
TIMER	20062.4	20062.4	20062.5	2	ISA-to-SA
iteration 21: unfinished buckets = 0
TIMER	620.11	623.427	632.842	2	rebucket
TIMER	361.879	367.912	383.956	2	arr-untupelize
TIMER	2395.99	2411.27	2478.35	3	sa2isa_bucketing
TIMER	3570.97	3603.25	3637.08	3	sa2isa_all2all
TIMER	1702.65	1714.02	1727.03	3	sa2isa_rearrange
TIMER	8485.05	8485.24	8485.58	2	SA-to-ISA
Starting Bucket chasing algorithm
==== chaising iteration 42 unresolved = 252565180
==== chaising iteration 42 unfinished = 51313051
==== chaising iteration 84 unresolved = 83264472
==== chaising iteration 84 unfinished = 25014138
==== chaising iteration 168 unresolved = 39125110
==== chaising iteration 168 unfinished = 14728266
==== chaising iteration 336 unresolved = 21253898
==== chaising iteration 336 unfinished = 9155159
==== chaising iteration 672 unresolved = 12458753
==== chaising iteration 672 unfinished = 5704526
==== chaising iteration 1344 unresolved = 7057961
==== chaising iteration 1344 unfinished = 3349572
==== chaising iteration 2688 unresolved = 3830919
==== chaising iteration 2688 unfinished = 1858430
==== chaising iteration 5376 unresolved = 1897267
==== chaising iteration 5376 unfinished = 927479
==== chaising iteration 10752 unresolved = 887691
==== chaising iteration 10752 unfinished = 430529
==== chaising iteration 21504 unresolved = 397767
==== chaising iteration 21504 unfinished = 190943
==== chaising iteration 43008 unresolved = 91070
==== chaising iteration 43008 unfinished = 45535
==== chaising iteration 86016 unresolved = 0
==== chaising iteration 86016 unfinished = 0
TIMER	38086.7	38086.8	38087.1	1	construct-msgs
TIMER	147.636	150.672	153.483	1	fix-isa
PSAC time: 38781.3 ms
### Running iteration 10 with p = 128 processors ###
Detecting sigma=4 => l=3, k=21
TIMER	202.593	211.842	219.958	1	initial-bucketing
TIMER	478.455	490.486	499.304	2	arr-tupelize
TIMER	221.829	224.929	227.982	2	shift-buckets
TIMER	10429.8	10478.3	10599.6	3	isa2sa_samplesort
TIMER	10600.1	10600.1	10600.2	2	ISA-to-SA
iteration 21: unfinished buckets = 0
TIMER	304.422	306.578	309.569	2	rebucket
TIMER	182.863	184.601	186.659	2	arr-untupelize
TIMER	1361.07	1372	1403.77	3	sa2isa_bucketing
TIMER	2226.66	2249.06	2269.11	3	sa2isa_all2all
TIMER	846.372	851.696	857.34	3	sa2isa_rearrange
TIMER	4849.93	4850.13	4850.37	2	SA-to-ISA
Starting Bucket chasing algorithm
==== chaising iteration 42 unresolved = 252565180
==== chaising iteration 42 unfinished = 51313051
==== chaising iteration 84 unresolved = 83264472
==== chaising iteration 84 unfinished = 25014138
==== chaising iteration 168 unresolved = 39125110
==== chaising iteration 168 unfinished = 14728266
==== chaising iteration 336 unresolved = 21253898
==== chaising iteration 336 unfinished = 9155159
==== chaising iteration 672 unresolved = 12458753
==== chaising iteration 672 unfinished = 5704526
==== chaising iteration 1344 unresolved = 7057961
==== chaising iteration 1344 unfinished = 3349572
==== chaising iteration 2688 unresolved = 3830919
==== chaising iteration 2688 unfinished = 1858430
==== chaising iteration 5376 unresolved = 1897267
==== chaising iteration 5376 unfinished = 927479
==== chaising iteration 10752 unresolved = 887691
==== chaising iteration 10752 unfinished = 430529
==== chaising iteration 21504 unresolved = 397767
==== chaising iteration 21504 unfinished = 190943
==== chaising iteration 43008 unresolved = 91070
==== chaising iteration 43008 unfinished = 45535
==== chaising iteration 86016 unresolved = 0
==== chaising iteration 86016 unfinished = 0
TIMER	21699.1	21699.2	21699.6	1	construct-msgs
TIMER	73.4433	75.1286	76.8189	1	fix-isa
PSAC time: 22051.3 ms
### Running iteration 10 with p = 256 processors ###
Detecting sigma=4 => l=3, k=21
TIMER	100.173	104.095	109.852	1	initial-bucketing
TIMER	238.549	245.851	251.195	2	arr-tupelize
TIMER	110.767	112.445	115.008	2	shift-buckets
TIMER	5857.32	5885.2	5954.99	3	isa2sa_samplesort
TIMER	5955.49	5955.5	5955.71	2	ISA-to-SA
iteration 21: unfinished buckets = 0
TIMER	153.781	154.947	157.572	2	rebucket
TIMER	91.2435	92.298	93.5645	2	arr-untupelize
TIMER	632.653	641.592	686.965	3	sa2isa_bucketing
TIMER	1360.39	1370.72	1378.26	3	sa2isa_all2all
TIMER	415.781	422.262	427.403	3	sa2isa_rearrange
TIMER	2652.89	2653.24	2653.48	2	SA-to-ISA
Starting Bucket chasing algorithm
==== chaising iteration 42 unresolved = 252565180
==== chaising iteration 42 unfinished = 51313051
==== chaising iteration 84 unresolved = 83264472
==== chaising iteration 84 unfinished = 25014138
==== chaising iteration 168 unresolved = 39125110
==== chaising iteration 168 unfinished = 14728266
==== chaising iteration 336 unresolved = 21253898
==== chaising iteration 336 unfinished = 9155159
==== chaising iteration 672 unresolved = 12458753
==== chaising iteration 672 unfinished = 5704526
==== chaising iteration 1344 unresolved = 7057961
==== chaising iteration 1344 unfinished = 3349572
==== chaising iteration 2688 unresolved = 3830919
==== chaising iteration 2688 unfinished = 1858430
==== chaising iteration 5376 unresolved = 1897267
==== chaising iteration 5376 unfinished = 927479
==== chaising iteration 10752 unresolved = 887691
==== chaising iteration 10752 unfinished = 430529
==== chaising iteration 21504 unresolved = 397767
==== chaising iteration 21504 unfinished = 190943
==== chaising iteration 43008 unresolved = 91070
==== chaising iteration 43008 unfinished = 45535
==== chaising iteration 86016 unresolved = 0
==== chaising iteration 86016 unfinished = 0
TIMER	13438.5	13438.7	13440	1	construct-msgs
TIMER	36.6067	37.5486	39.2234	1	fix-isa
PSAC time: 13627.2 ms
### Running iteration 10 with p = 512 processors ###
Detecting sigma=4 => l=3, k=21
TIMER	49.7515	52.0148	58.4434	1	initial-bucketing
TIMER	117.277	122.711	125.889	2	arr-tupelize
TIMER	55.1688	56.3913	58.4059	2	shift-buckets
TIMER	3076.3	3091.28	3128.4	3	isa2sa_samplesort
TIMER	3129.09	3129.1	3129.12	2	ISA-to-SA
iteration 21: unfinished buckets = 0
TIMER	77.9525	78.6609	80.951	2	rebucket
TIMER	45.7437	46.2103	46.8141	2	arr-untupelize
TIMER	312.389	318.151	363.093	3	sa2isa_bucketing
TIMER	817.246	819.493	822.222	3	sa2isa_all2all
TIMER	201.844	205.927	210.27	3	sa2isa_rearrange
TIMER	1473.94	1474.32	1474.59	2	SA-to-ISA
Starting Bucket chasing algorithm
==== chaising iteration 42 unresolved = 252565180
==== chaising iteration 42 unfinished = 51313051
==== chaising iteration 84 unresolved = 83264472
==== chaising iteration 84 unfinished = 25014138
==== chaising iteration 168 unresolved = 39125110
==== chaising iteration 168 unfinished = 14728266
==== chaising iteration 336 unresolved = 21253898
==== chaising iteration 336 unfinished = 9155159
==== chaising iteration 672 unresolved = 12458753
==== chaising iteration 672 unfinished = 5704526
==== chaising iteration 1344 unresolved = 7057961
==== chaising iteration 1344 unfinished = 3349572
==== chaising iteration 2688 unresolved = 3830919
==== chaising iteration 2688 unfinished = 1858430
==== chaising iteration 5376 unresolved = 1897267
==== chaising iteration 5376 unfinished = 927479
==== chaising iteration 10752 unresolved = 887691
==== chaising iteration 10752 unfinished = 430529
==== chaising iteration 21504 unresolved = 397767
==== chaising iteration 21504 unfinished = 190943
==== chaising iteration 43008 unresolved = 91070
==== chaising iteration 43008 unfinished = 45535
==== chaising iteration 86016 unresolved = 0
==== chaising iteration 86016 unfinished = 0
TIMER	8167.27	8167.5	8168.43	1	construct-msgs
TIMER	18.0941	18.7019	20.0825	1	fix-isa
PSAC time: 8293.72 ms
### Running iteration 10 with p = 1024 processors ###
Detecting sigma=4 => l=3, k=21
TIMER	25.0747	26.1907	28.2762	1	initial-bucketing
TIMER	59.2681	61.4892	63.1958	2	arr-tupelize
TIMER	27.4445	28.2199	29.1283	2	shift-buckets
TIMER	1998.67	2006.36	2024.08	3	isa2sa_samplesort
TIMER	2024.98	2025	2025.02	2	ISA-to-SA
iteration 21: unfinished buckets = 0
TIMER	40.4913	40.885	42.4584	2	rebucket
TIMER	22.8745	23.2549	23.6136	2	arr-untupelize
TIMER	142.146	144.799	179.721	3	sa2isa_bucketing
TIMER	718.462	722.615	725.686	3	sa2isa_all2all
TIMER	94.6563	99.4883	102.569	3	sa2isa_rearrange
TIMER	1049.9	1050.72	1051.03	2	SA-to-ISA
Starting Bucket chasing algorithm
==== chaising iteration 42 unresolved = 252565180
==== chaising iteration 42 unfinished = 51313051
==== chaising iteration 84 unresolved = 83264472
==== chaising iteration 84 unfinished = 25014138
==== chaising iteration 168 unresolved = 39125110
==== chaising iteration 168 unfinished = 14728266
==== chaising iteration 336 unresolved = 21253898
==== chaising iteration 336 unfinished = 9155159
==== chaising iteration 672 unresolved = 12458753
==== chaising iteration 672 unfinished = 5704526
==== chaising iteration 1344 unresolved = 7057961
==== chaising iteration 1344 unfinished = 3349572
==== chaising iteration 2688 unresolved = 3830919
==== chaising iteration 2688 unfinished = 1858430
==== chaising iteration 5376 unresolved = 1897267
==== chaising iteration 5376 unfinished = 927479
==== chaising iteration 10752 unresolved = 887691
==== chaising iteration 10752 unfinished = 430529
==== chaising iteration 21504 unresolved = 397767
==== chaising iteration 21504 unfinished = 190943
==== chaising iteration 43008 unresolved = 91070
==== chaising iteration 43008 unfinished = 45535
==== chaising iteration 86016 unresolved = 0
==== chaising iteration 86016 unfinished = 0
TIMER	5937.09	5937.44	5938.67	1	construct-msgs
TIMER	8.40059	9.22835	11.5087	1	fix-isa
PSAC time: 5996.49 ms
